#
# There is insufficient memory for the Java Runtime Environment to continue.
# Native memory allocation (malloc) failed to allocate 660496 bytes. Error detail: Chunk::new
# Possible reasons:
#   The system is out of physical RAM or swap space
#   This process is running with CompressedOops enabled, and the Java Heap may be blocking the growth of the native heap
# Possible solutions:
#   Reduce memory load on the system
#   Increase physical memory or swap space
#   Check if swap backing store is full
#   Decrease Java heap size (-Xmx/-Xms)
#   Decrease number of Java threads
#   Decrease Java thread stack sizes (-Xss)
#   Set larger code cache with -XX:ReservedCodeCacheSize=
#   JVM is running with Zero Based Compressed Oops mode in which the Java heap is
#     placed in the first 32GB address space. The Java Heap base address is the
#     maximum limit for the native heap growth. Please use -XX:HeapBaseMinAddress
#     to set the Java Heap base and to place the Java Heap above 32GB virtual address.
# This output file may be truncated or incomplete.
#
#  Out of Memory Error (arena.cpp:168), pid=16228, tid=21488
#
# JRE version: OpenJDK Runtime Environment Temurin-21.0.9+10 (21.0.9+10) (build 21.0.9+10-LTS)
# Java VM: OpenJDK 64-Bit Server VM Temurin-21.0.9+10 (21.0.9+10-LTS, mixed mode, tiered, compressed oops, compressed class ptrs, g1 gc, windows-amd64)
# No core dump will be written. Minidumps are not enabled by default on client versions of Windows
#

---------------  S U M M A R Y ------------

Command Line: -Djavax.net.ssl.trustStoreType=WINDOWS-ROOT -Dsun.java2d.d3d=false --add-exports=java.desktop/sun.awt=ALL-UNNAMED --add-opens=java.desktop/java.awt=ALL-UNNAMED -Dfile.encoding=UTF8 com.st.microxplorer.maingui.STM32CubeMX D:\STM32Cube  project\robot\robot.ioc

Host: AMD Ryzen 7 H 260 w/ Radeon 780M Graphics       , 16 cores, 15G,  Windows 11 , 64 bit Build 26100 (10.0.26100.5074)
Time: Sat Jun 13 17:32:43 2026 elapsed time: 1982.465211 seconds (0d 0h 33m 2s)

---------------  T H R E A D  ---------------

Current thread (0x00000241560f54c0):  JavaThread "C2 CompilerThread0" daemon [_thread_in_native, id=21488, stack(0x000000db93500000,0x000000db93600000) (1024K)]


Current CompileTask:
C2:1982465 10713       4       com.st.microxplorer.mcufinder.db.ApiDb::csvToListStr (33 bytes)

Stack: [0x000000db93500000,0x000000db93600000]
Native frames: (J=compiled Java code, j=interpreted, Vv=VM code, C=native code)
V  [jvm.dll+0x6d6e29]
V  [jvm.dll+0x8b4b76]
V  [jvm.dll+0x8b712e]
V  [jvm.dll+0x8b7813]
V  [jvm.dll+0x283d86]
V  [jvm.dll+0xc66ed]
V  [jvm.dll+0xc6c31]
V  [jvm.dll+0x3be501]
V  [jvm.dll+0x38ab92]
V  [jvm.dll+0x389fda]
V  [jvm.dll+0x24bfa0]
V  [jvm.dll+0x24b580]
V  [jvm.dll+0x1cb13e]
V  [jvm.dll+0x25b29d]
V  [jvm.dll+0x25982a]
V  [jvm.dll+0x3f7ea6]
V  [jvm.dll+0x85e9ad]
V  [jvm.dll+0x6d565d]
C  [ucrtbase.dll+0x37b0]
C  [KERNEL32.DLL+0x2e8d7]
C  [ntdll.dll+0x8d9c]


---------------  P R O C E S S  ---------------

Threads class SMR info:
_java_thread_list=0x000002415e474bc0, length=81, elements={
0x0000024156109430, 0x00000241560f0f60, 0x00000241560fe160, 0x00000241560feca0,
0x00000241560f27f0, 0x00000241560f4e60, 0x00000241560f54c0, 0x0000024156144240,
0x0000024156324da0, 0x0000024156329420, 0x00000241561726e0, 0x0000024156be3ae0,
0x0000024156be4140, 0x000002415684a710, 0x0000024133447030, 0x000002415bbdb610,
0x000002415d3f0e60, 0x000002415d3f28a0, 0x000002415d3f35c0, 0x000002415d3f0140,
0x000002415d3f4970, 0x000002415d3f2f30, 0x000002415d3f3c50, 0x000002415d3f1b80,
0x000002415d3f14f0, 0x000002415d3f63b0, 0x000002415d3f70d0, 0x000002415d3f5690,
0x000002415d3f5d20, 0x000002415d3f6a40, 0x000002415d3f7760, 0x000002415d3f5000,
0x000002415d3f42e0, 0x000002415bbddd70, 0x000002415bbdc330, 0x000002415bbdaf80,
0x000002415bbde400, 0x000002415bbdc9c0, 0x000002415bbdd050, 0x000002415ea80470,
0x000002415ea838f0, 0x000002415ea82bd0, 0x000002415ea81eb0, 0x000002415ea83f80,
0x000002415ea81820, 0x000002415ea83260, 0x000002415ea80b00, 0x000002415ea81190,
0x000002415ea84ca0, 0x000002415ea85330, 0x000002415ea82540, 0x000002415ea859c0,
0x000002415ea86050, 0x000002415ea86d70, 0x000002415ea87a90, 0x000002415ea866e0,
0x000002415ea87400, 0x000002415d8212d0, 0x000002415d821ff0, 0x000002415d823a30,
0x000002415d821960, 0x000002415d822680, 0x000002415d822d10, 0x0000024165106150,
0x00000241651067e0, 0x0000024165105ac0, 0x00000241651039f0, 0x0000024165105430,
0x000002415e4b33e0, 0x000002415e4b1310, 0x000002415e4b26c0, 0x000002415e4b2d50,
0x000002415e4b3a70, 0x000002415e4b05f0, 0x000002415e4b0c80, 0x000002415e4b4100,
0x000002415e4b4790, 0x000002415e4b4e20, 0x000002415e4b19a0, 0x00000241651091d0,
0x000002415beae8b0
}

Java Threads: ( => current thread )
  0x0000024156109430 JavaThread "Reference Handler"          daemon [_thread_blocked, id=3176, stack(0x000000db92f00000,0x000000db93000000) (1024K)]
  0x00000241560f0f60 JavaThread "Finalizer"                  daemon [_thread_blocked, id=20788, stack(0x000000db93000000,0x000000db93100000) (1024K)]
  0x00000241560fe160 JavaThread "Signal Dispatcher"          daemon [_thread_blocked, id=12692, stack(0x000000db93100000,0x000000db93200000) (1024K)]
  0x00000241560feca0 JavaThread "Attach Listener"            daemon [_thread_blocked, id=30124, stack(0x000000db93200000,0x000000db93300000) (1024K)]
  0x00000241560f27f0 JavaThread "Service Thread"             daemon [_thread_blocked, id=22948, stack(0x000000db93300000,0x000000db93400000) (1024K)]
  0x00000241560f4e60 JavaThread "Monitor Deflation Thread"   daemon [_thread_blocked, id=27664, stack(0x000000db93400000,0x000000db93500000) (1024K)]
=>0x00000241560f54c0 JavaThread "C2 CompilerThread0"         daemon [_thread_in_native, id=21488, stack(0x000000db93500000,0x000000db93600000) (1024K)]
  0x0000024156144240 JavaThread "C1 CompilerThread0"         daemon [_thread_blocked, id=16404, stack(0x000000db93600000,0x000000db93700000) (1024K)]
  0x0000024156324da0 JavaThread "Notification Thread"        daemon [_thread_blocked, id=11152, stack(0x000000db93800000,0x000000db93900000) (1024K)]
  0x0000024156329420 JavaThread "Common-Cleaner"             daemon [_thread_blocked, id=28800, stack(0x000000db93900000,0x000000db93a00000) (1024K)]
  0x00000241561726e0 JavaThread "Java2D Disposer"            daemon [_thread_blocked, id=3092, stack(0x000000db94700000,0x000000db94800000) (1024K)]
  0x0000024156be3ae0 JavaThread "AWT-Shutdown"                      [_thread_blocked, id=35528, stack(0x000000db94900000,0x000000db94a00000) (1024K)]
  0x0000024156be4140 JavaThread "AWT-Windows"                daemon [_thread_in_native, id=26888, stack(0x000000db94a00000,0x000000db94b00000) (1024K)]
  0x000002415684a710 JavaThread "AWT-EventQueue-0"                  [_thread_blocked, id=5000, stack(0x000000db94800000,0x000000db94900000) (1024K)]
  0x0000024133447030 JavaThread "DestroyJavaVM"                     [_thread_blocked, id=36524, stack(0x000000db92700000,0x000000db92800000) (1024K)]
  0x000002415bbdb610 JavaThread "TimerQueue"                 daemon [_thread_blocked, id=43264, stack(0x000000db93a00000,0x000000db93b00000) (1024K)]
  0x000002415d3f0e60 JavaThread "IPC Server Thread"          daemon [_thread_in_native, id=16516, stack(0x000000db95100000,0x000000db95200000) (1024K)]
  0x000002415d3f28a0 JavaThread "Chromium Process Thread"           [_thread_in_native, id=45072, stack(0x000000db95800000,0x000000db95900000) (1024K)]
  0x000002415d3f35c0 JavaThread "Chromium Process Logger"    daemon [_thread_in_native, id=1728, stack(0x000000db95a00000,0x000000db95b00000) (1024K)]
  0x000002415d3f0140 JavaThread "SwingWorker-pool-3-thread-1" daemon [_thread_in_native, id=32648, stack(0x000000db95b00000,0x000000db95c00000) (1024K)]
  0x000002415d3f4970 JavaThread "IPC Memory Reader Thread"          [_thread_in_native, id=4288, stack(0x000000db95200000,0x000000db95300000) (1024K)]
  0x000002415d3f2f30 JavaThread "Browser Thread: 3fe16562-2b27-48da-b37a-e50df67294ff" daemon [_thread_blocked, id=19100, stack(0x000000db95400000,0x000000db95500000) (1024K)]
  0x000002415d3f3c50 JavaThread "Thread-19"                  daemon [_thread_blocked, id=42568, stack(0x000000db94b00000,0x000000db94c00000) (1024K)]
  0x000002415d3f1b80 JavaThread "Socket Connection Checker: 3fe16562-2b27-48da-b37a-e50df67294ff"        [_thread_in_native, id=44784, stack(0x000000db94d00000,0x000000db94e00000) (1024K)]
  0x000002415d3f14f0 JavaThread "Thread-31"                  daemon [_thread_blocked, id=48540, stack(0x000000db95d00000,0x000000db95e00000) (1024K)]
  0x000002415d3f63b0 JavaThread "Network Thread: 8bbfe2a9-5740-458e-bf07-877af2ff748b" daemon [_thread_blocked, id=49620, stack(0x000000db96000000,0x000000db96100000) (1024K)]
  0x000002415d3f70d0 JavaThread "Socket Connection Checker: 8bbfe2a9-5740-458e-bf07-877af2ff748b"        [_thread_in_native, id=49624, stack(0x000000db96100000,0x000000db96200000) (1024K)]
  0x000002415d3f5690 JavaThread "IPC Memory Reader Thread"          [_thread_in_native, id=49616, stack(0x000000db95f00000,0x000000db96000000) (1024K)]
  0x000002415d3f5d20 JavaThread "GPU Thread: 5fa990d8-88dd-4658-bf39-d01db85a7fa2" daemon [_thread_blocked, id=50000, stack(0x000000db96400000,0x000000db96500000) (1024K)]
  0x000002415d3f6a40 JavaThread "Socket Connection Checker: 5fa990d8-88dd-4658-bf39-d01db85a7fa2"        [_thread_in_native, id=50004, stack(0x000000db96500000,0x000000db96600000) (1024K)]
  0x000002415d3f7760 JavaThread "IPC Memory Reader Thread"          [_thread_in_native, id=49996, stack(0x000000db96300000,0x000000db96400000) (1024K)]
  0x000002415d3f5000 JavaThread "Thread-61"                  daemon [_thread_blocked, id=37840, stack(0x000000db96900000,0x000000db96a00000) (1024K)]
  0x000002415d3f42e0 JavaThread "Thread-63"                  daemon [_thread_blocked, id=37256, stack(0x000000db96b00000,0x000000db96c00000) (1024K)]
  0x000002415bbddd70 JavaThread "Render Thread: a9980be8-0caf-4a54-bfb6-e30cbea80442" daemon [_thread_blocked, id=52388, stack(0x000000db96a00000,0x000000db96b00000) (1024K)]
  0x000002415bbdc330 JavaThread "Socket Connection Checker: a9980be8-0caf-4a54-bfb6-e30cbea80442"        [_thread_in_native, id=52392, stack(0x000000db96c00000,0x000000db96d00000) (1024K)]
  0x000002415bbdaf80 JavaThread "IPC Memory Reader Thread"          [_thread_in_native, id=52384, stack(0x000000db96600000,0x000000db96700000) (1024K)]
  0x000002415bbde400 JavaThread "Thread-83"                  daemon [_thread_blocked, id=52440, stack(0x000000db96800000,0x000000db96900000) (1024K)]
  0x000002415bbdc9c0 JavaThread "Thread-91"                  daemon [_thread_blocked, id=52548, stack(0x000000db95300000,0x000000db95400000) (1024K)]
  0x000002415bbdd050 JavaThread "Thread-97"                  daemon [_thread_blocked, id=51524, stack(0x000000db96d00000,0x000000db96e00000) (1024K)]
  0x000002415ea80470 JavaThread "Thread-152"                 daemon [_thread_blocked, id=49124, stack(0x000000db97000000,0x000000db97100000) (1024K)]
  0x000002415ea838f0 JavaThread "Thread-183"                 daemon [_thread_blocked, id=53784, stack(0x000000db96e00000,0x000000db96f00000) (1024K)]
  0x000002415ea82bd0 JavaThread "Thread-222"                 daemon [_thread_blocked, id=55248, stack(0x000000db96f00000,0x000000db97000000) (1024K)]
  0x000002415ea81eb0 JavaThread "Thread-230"                 daemon [_thread_blocked, id=54552, stack(0x000000db97200000,0x000000db97300000) (1024K)]
  0x000002415ea83f80 JavaThread "Thread-270"                 daemon [_thread_blocked, id=54548, stack(0x000000db96700000,0x000000db96800000) (1024K)]
  0x000002415ea81820 JavaThread "Thread-325"                 daemon [_thread_blocked, id=55212, stack(0x000000db95c00000,0x000000db95d00000) (1024K)]
  0x000002415ea83260 JavaThread "Thread-383"                 daemon [_thread_blocked, id=56388, stack(0x000000db97100000,0x000000db97200000) (1024K)]
  0x000002415ea80b00 JavaThread "Thread-399"                 daemon [_thread_blocked, id=56940, stack(0x000000db97300000,0x000000db97400000) (1024K)]
  0x000002415ea81190 JavaThread "Thread-476"                 daemon [_thread_blocked, id=56932, stack(0x000000db97400000,0x000000db97500000) (1024K)]
  0x000002415ea84ca0 JavaThread "Thread-636"                 daemon [_thread_blocked, id=56156, stack(0x000000db97500000,0x000000db97600000) (1024K)]
  0x000002415ea85330 JavaThread "Thread-645"                 daemon [_thread_blocked, id=57152, stack(0x000000db97600000,0x000000db97700000) (1024K)]
  0x000002415ea82540 JavaThread "Thread-661"                 daemon [_thread_blocked, id=56348, stack(0x000000db97700000,0x000000db97800000) (1024K)]
  0x000002415ea859c0 JavaThread "Thread-760"                 daemon [_thread_blocked, id=40404, stack(0x000000db97c00000,0x000000db97d00000) (1024K)]
  0x000002415ea86050 JavaThread "Thread-776"                 daemon [_thread_blocked, id=54352, stack(0x000000db97d00000,0x000000db97e00000) (1024K)]
  0x000002415ea86d70 JavaThread "Thread-778"                 daemon [_thread_blocked, id=33336, stack(0x000000db97e00000,0x000000db97f00000) (1024K)]
  0x000002415ea87a90 JavaThread "Thread-808"                 daemon [_thread_blocked, id=56020, stack(0x000000db97b00000,0x000000db97c00000) (1024K)]
  0x000002415ea866e0 JavaThread "Thread-857"                 daemon [_thread_blocked, id=58120, stack(0x000000db94e00000,0x000000db94f00000) (1024K)]
  0x000002415ea87400 JavaThread "Thread-860"                 daemon [_thread_blocked, id=58272, stack(0x000000db97900000,0x000000db97a00000) (1024K)]
  0x000002415d8212d0 JavaThread "Thread-891"                 daemon [_thread_blocked, id=45240, stack(0x000000db97800000,0x000000db97900000) (1024K)]
  0x000002415d821ff0 JavaThread "Thread-901"                 daemon [_thread_blocked, id=57396, stack(0x000000db97a00000,0x000000db97b00000) (1024K)]
  0x000002415d823a30 JavaThread "Thread-908"                 daemon [_thread_blocked, id=57748, stack(0x000000db98000000,0x000000db98100000) (1024K)]
  0x000002415d821960 JavaThread "Thread-931"                 daemon [_thread_blocked, id=57356, stack(0x000000db97f00000,0x000000db98000000) (1024K)]
  0x000002415d822680 JavaThread "Thread-934"                 daemon [_thread_blocked, id=56176, stack(0x000000db98100000,0x000000db98200000) (1024K)]
  0x000002415d822d10 JavaThread "Thread-938"                 daemon [_thread_blocked, id=57864, stack(0x000000db98300000,0x000000db98400000) (1024K)]
  0x0000024165106150 JavaThread "Thread-965"                 daemon [_thread_blocked, id=38372, stack(0x000000db98500000,0x000000db98600000) (1024K)]
  0x00000241651067e0 JavaThread "Thread-972"                 daemon [_thread_blocked, id=60264, stack(0x000000db98400000,0x000000db98500000) (1024K)]
  0x0000024165105ac0 JavaThread "Thread-1018"                daemon [_thread_blocked, id=38592, stack(0x000000db98200000,0x000000db98300000) (1024K)]
  0x00000241651039f0 JavaThread "Thread-1058"                daemon [_thread_blocked, id=60728, stack(0x000000db98600000,0x000000db98700000) (1024K)]
  0x0000024165105430 JavaThread "Thread-1060"                daemon [_thread_blocked, id=23572, stack(0x000000db98800000,0x000000db98900000) (1024K)]
  0x000002415e4b33e0 JavaThread "Thread-1075"                daemon [_thread_blocked, id=33112, stack(0x000000db98900000,0x000000db98a00000) (1024K)]
  0x000002415e4b1310 JavaThread "Thread-1088"                daemon [_thread_blocked, id=29636, stack(0x000000db98700000,0x000000db98800000) (1024K)]
  0x000002415e4b26c0 JavaThread "Thread-1122"                daemon [_thread_blocked, id=38872, stack(0x000000db98a00000,0x000000db98b00000) (1024K)]
  0x000002415e4b2d50 JavaThread "Thread-1128"                daemon [_thread_blocked, id=61264, stack(0x000000db98c00000,0x000000db98d00000) (1024K)]
  0x000002415e4b3a70 JavaThread "Thread-1156"                daemon [_thread_blocked, id=59928, stack(0x000000db98b00000,0x000000db98c00000) (1024K)]
  0x000002415e4b05f0 JavaThread "Thread-1162"                daemon [_thread_blocked, id=56680, stack(0x000000db98e00000,0x000000db98f00000) (1024K)]
  0x000002415e4b0c80 JavaThread "Thread-1202"                daemon [_thread_blocked, id=26768, stack(0x000000db98f00000,0x000000db99000000) (1024K)]
  0x000002415e4b4100 JavaThread "Thread-1226"                daemon [_thread_blocked, id=32684, stack(0x000000db98d00000,0x000000db98e00000) (1024K)]
  0x000002415e4b4790 JavaThread "Thread-1244"                daemon [_thread_blocked, id=36300, stack(0x000000db99000000,0x000000db99100000) (1024K)]
  0x000002415e4b4e20 JavaThread "Thread-1250"                daemon [_thread_blocked, id=21940, stack(0x000000db99100000,0x000000db99200000) (1024K)]
  0x000002415e4b19a0 JavaThread "Thread-1261"                daemon [_thread_blocked, id=60648, stack(0x000000db99300000,0x000000db99400000) (1024K)]
  0x00000241651091d0 JavaThread "C1 CompilerThread1"         daemon [_thread_blocked, id=61924, stack(0x000000db99400000,0x000000db99500000) (1024K)]
  0x000002415beae8b0 JavaThread "C1 CompilerThread2"         daemon [_thread_blocked, id=61736, stack(0x000000db99500000,0x000000db99600000) (1024K)]
Total: 81

Other Threads:
  0x00000241560696b0 VMThread "VM Thread"                           [id=25796, stack(0x000000db92e00000,0x000000db92f00000) (1024K)]
  0x0000024155fe1210 WatcherThread "VM Periodic Task Thread"        [id=19956, stack(0x000000db92d00000,0x000000db92e00000) (1024K)]
  0x000002413580aac0 WorkerThread "GC Thread#0"                     [id=11968, stack(0x000000db92800000,0x000000db92900000) (1024K)]
  0x000002415b35ed50 WorkerThread "GC Thread#1"                     [id=41272, stack(0x000000db93f00000,0x000000db94000000) (1024K)]
  0x000002415b35f0f0 WorkerThread "GC Thread#2"                     [id=41276, stack(0x000000db94000000,0x000000db94100000) (1024K)]
  0x000002415b35f490 WorkerThread "GC Thread#3"                     [id=41280, stack(0x000000db94100000,0x000000db94200000) (1024K)]
  0x000002415b35f830 WorkerThread "GC Thread#4"                     [id=41284, stack(0x000000db94200000,0x000000db94300000) (1024K)]
  0x0000024156bf38c0 WorkerThread "GC Thread#5"                     [id=41288, stack(0x000000db94300000,0x000000db94400000) (1024K)]
  0x0000024156bf3c60 WorkerThread "GC Thread#6"                     [id=41292, stack(0x000000db94400000,0x000000db94500000) (1024K)]
  0x000002415b338ed0 WorkerThread "GC Thread#7"                     [id=41296, stack(0x000000db94500000,0x000000db94600000) (1024K)]
  0x0000024156b6a3a0 WorkerThread "GC Thread#8"                     [id=33328, stack(0x000000db93b00000,0x000000db93c00000) (1024K)]
  0x0000024156b68de0 WorkerThread "GC Thread#9"                     [id=9552, stack(0x000000db93c00000,0x000000db93d00000) (1024K)]
  0x0000024156b698c0 WorkerThread "GC Thread#10"                    [id=26228, stack(0x000000db93d00000,0x000000db93e00000) (1024K)]
  0x0000024156b69520 WorkerThread "GC Thread#11"                    [id=42260, stack(0x000000db94f00000,0x000000db95000000) (1024K)]
  0x0000024156b69c60 WorkerThread "GC Thread#12"                    [id=42128, stack(0x000000db95000000,0x000000db95100000) (1024K)]
  0x000002413581bef0 ConcurrentGCThread "G1 Main Marker"            [id=37028, stack(0x000000db92900000,0x000000db92a00000) (1024K)]
  0x000002413581e900 WorkerThread "G1 Conc#0"                       [id=37180, stack(0x000000db92a00000,0x000000db92b00000) (1024K)]
  0x0000024156b6a000 WorkerThread "G1 Conc#1"                       [id=11812, stack(0x000000db93e00000,0x000000db93f00000) (1024K)]
  0x0000024156b68a40 WorkerThread "G1 Conc#2"                       [id=30936, stack(0x000000db94600000,0x000000db94700000) (1024K)]
  0x0000024155eb0660 ConcurrentGCThread "G1 Refine#0"               [id=18168, stack(0x000000db92b00000,0x000000db92c00000) (1024K)]
  0x0000024155eb10d0 ConcurrentGCThread "G1 Service"                [id=18784, stack(0x000000db92c00000,0x000000db92d00000) (1024K)]
Total: 21

Threads with active compile tasks:
C2 CompilerThread0  1982591 10713       4       com.st.microxplorer.mcufinder.db.ApiDb::csvToListStr (33 bytes)
Total: 1

VM state: not at safepoint (normal execution)

VM Mutex/Monitor currently owned by a thread: None

Heap address: 0x000000070bc00000, size: 3908 MB, Compressed Oops mode: Zero based, Oop shift amount: 3

CDS archive(s) not mapped
Compressed class space mapped at: 0x0000000800000000-0x0000000840000000, reserved size: 1073741824
Narrow klass base: 0x0000000800000000, Narrow klass shift: 0, Narrow klass range: 0x40000000

GC Precious Log:
 CardTable entry size: 512
 Card Set container configuration: InlinePtr #cards 4 size 8 Array Of Cards #cards 16 size 48 Howl #buckets 8 coarsen threshold 3686 Howl Bitmap #cards 512 size 80 coarsen threshold 460 Card regions per heap region 1 cards per card region 4096
 CPUs: 16 total, 16 available
 Memory: 15629M
 Large Page Support: Disabled
 NUMA Support: Disabled
 Compressed Oops: Enabled (Zero based)
 Heap Region Size: 2M
 Heap Min Capacity: 8M
 Heap Initial Capacity: 246M
 Heap Max Capacity: 3908M
 Pre-touch: Disabled
 Parallel Workers: 13
 Concurrent Workers: 3
 Concurrent Refinement Workers: 13
 Periodic GC: Disabled

Heap:
 garbage-first heap   total 264192K, used 223956K [0x000000070bc00000, 0x0000000800000000)
  region size 2048K, 48 young (98304K), 2 survivors (4096K)
 Metaspace       used 90502K, committed 91648K, reserved 1179648K
  class space    used 10091K, committed 10624K, reserved 1048576K

Heap Regions: E=young(eden), S=young(survivor), O=old, HS=humongous(starts), HC=humongous(continues), CS=collection set, F=free, TAMS=top-at-mark-start, PB=parsable bottom
|   0|0x000000070bc00000, 0x000000070be00000, 0x000000070be00000|100%|HS|  |TAMS 0x000000070bc00000| PB 0x000000070bc00000| Complete 
|   1|0x000000070be00000, 0x000000070c000000, 0x000000070c000000|100%|HC|  |TAMS 0x000000070be00000| PB 0x000000070be00000| Complete 
|   2|0x000000070c000000, 0x000000070c200000, 0x000000070c200000|100%|HC|  |TAMS 0x000000070c000000| PB 0x000000070c000000| Complete 
|   3|0x000000070c200000, 0x000000070c400000, 0x000000070c400000|100%|HC|  |TAMS 0x000000070c200000| PB 0x000000070c200000| Complete 
|   4|0x000000070c400000, 0x000000070c600000, 0x000000070c600000|100%| O|  |TAMS 0x000000070c400000| PB 0x000000070c400000| Untracked 
|   5|0x000000070c600000, 0x000000070c800000, 0x000000070c800000|100%| O|  |TAMS 0x000000070c600000| PB 0x000000070c600000| Untracked 
|   6|0x000000070c800000, 0x000000070ca00000, 0x000000070ca00000|100%|HS|  |TAMS 0x000000070c800000| PB 0x000000070c800000| Complete 
|   7|0x000000070ca00000, 0x000000070cc00000, 0x000000070cc00000|100%| O|  |TAMS 0x000000070ca00000| PB 0x000000070ca00000| Untracked 
|   8|0x000000070cc00000, 0x000000070ce00000, 0x000000070ce00000|100%| O|  |TAMS 0x000000070cc00000| PB 0x000000070cc00000| Untracked 
|   9|0x000000070ce00000, 0x000000070d000000, 0x000000070d000000|100%| O|  |TAMS 0x000000070ce00000| PB 0x000000070ce00000| Untracked 
|  10|0x000000070d000000, 0x000000070d200000, 0x000000070d200000|100%| O|  |TAMS 0x000000070d000000| PB 0x000000070d000000| Untracked 
|  11|0x000000070d200000, 0x000000070d400000, 0x000000070d400000|100%| O|  |TAMS 0x000000070d200000| PB 0x000000070d200000| Untracked 
|  12|0x000000070d400000, 0x000000070d600000, 0x000000070d600000|100%| O|  |TAMS 0x000000070d400000| PB 0x000000070d400000| Untracked 
|  13|0x000000070d600000, 0x000000070d800000, 0x000000070d800000|100%| O|  |TAMS 0x000000070d600000| PB 0x000000070d600000| Untracked 
|  14|0x000000070d800000, 0x000000070da00000, 0x000000070da00000|100%| O|  |TAMS 0x000000070d800000| PB 0x000000070d800000| Untracked 
|  15|0x000000070da00000, 0x000000070dc00000, 0x000000070dc00000|100%| O|  |TAMS 0x000000070da00000| PB 0x000000070da00000| Untracked 
|  16|0x000000070dc00000, 0x000000070de00000, 0x000000070de00000|100%| O|  |TAMS 0x000000070dc00000| PB 0x000000070dc00000| Untracked 
|  17|0x000000070de00000, 0x000000070e000000, 0x000000070e000000|100%| O|  |TAMS 0x000000070de00000| PB 0x000000070de00000| Untracked 
|  18|0x000000070e000000, 0x000000070e200000, 0x000000070e200000|100%| O|  |TAMS 0x000000070e000000| PB 0x000000070e000000| Untracked 
|  19|0x000000070e200000, 0x000000070e400000, 0x000000070e400000|100%|HS|  |TAMS 0x000000070e200000| PB 0x000000070e200000| Complete 
|  20|0x000000070e400000, 0x000000070e600000, 0x000000070e600000|100%| O|  |TAMS 0x000000070e400000| PB 0x000000070e400000| Untracked 
|  21|0x000000070e600000, 0x000000070e800000, 0x000000070e800000|100%| O|  |TAMS 0x000000070e600000| PB 0x000000070e600000| Untracked 
|  22|0x000000070e800000, 0x000000070ea00000, 0x000000070ea00000|100%|HS|  |TAMS 0x000000070e800000| PB 0x000000070e800000| Complete 
|  23|0x000000070ea00000, 0x000000070ec00000, 0x000000070ec00000|100%|HC|  |TAMS 0x000000070ea00000| PB 0x000000070ea00000| Complete 
|  24|0x000000070ec00000, 0x000000070ee00000, 0x000000070ee00000|100%|HS|  |TAMS 0x000000070ec00000| PB 0x000000070ec00000| Complete 
|  25|0x000000070ee00000, 0x000000070f000000, 0x000000070f000000|100%|HC|  |TAMS 0x000000070ee00000| PB 0x000000070ee00000| Complete 
|  26|0x000000070f000000, 0x000000070f200000, 0x000000070f200000|100%|HS|  |TAMS 0x000000070f000000| PB 0x000000070f000000| Complete 
|  27|0x000000070f200000, 0x000000070f400000, 0x000000070f400000|100%|HC|  |TAMS 0x000000070f200000| PB 0x000000070f200000| Complete 
|  28|0x000000070f400000, 0x000000070f600000, 0x000000070f600000|100%| O|  |TAMS 0x000000070f400000| PB 0x000000070f400000| Untracked 
|  29|0x000000070f600000, 0x000000070f800000, 0x000000070f800000|100%| O|  |TAMS 0x000000070f600000| PB 0x000000070f600000| Untracked 
|  30|0x000000070f800000, 0x000000070fa00000, 0x000000070fa00000|100%|HS|  |TAMS 0x000000070f800000| PB 0x000000070f800000| Complete 
|  31|0x000000070fa00000, 0x000000070fc00000, 0x000000070fc00000|100%|HC|  |TAMS 0x000000070fa00000| PB 0x000000070fa00000| Complete 
|  32|0x000000070fc00000, 0x000000070fe00000, 0x000000070fe00000|100%|HS|  |TAMS 0x000000070fc00000| PB 0x000000070fc00000| Complete 
|  33|0x000000070fe00000, 0x0000000710000000, 0x0000000710000000|100%|HC|  |TAMS 0x000000070fe00000| PB 0x000000070fe00000| Complete 
|  34|0x0000000710000000, 0x0000000710200000, 0x0000000710200000|100%|HS|  |TAMS 0x0000000710000000| PB 0x0000000710000000| Complete 
|  35|0x0000000710200000, 0x0000000710400000, 0x0000000710400000|100%|HC|  |TAMS 0x0000000710200000| PB 0x0000000710200000| Complete 
|  36|0x0000000710400000, 0x0000000710600000, 0x0000000710600000|100%|HS|  |TAMS 0x0000000710400000| PB 0x0000000710400000| Complete 
|  37|0x0000000710600000, 0x0000000710800000, 0x0000000710800000|100%|HC|  |TAMS 0x0000000710600000| PB 0x0000000710600000| Complete 
|  38|0x0000000710800000, 0x0000000710a00000, 0x0000000710a00000|100%|HS|  |TAMS 0x0000000710800000| PB 0x0000000710800000| Complete 
|  39|0x0000000710a00000, 0x0000000710c00000, 0x0000000710c00000|100%|HC|  |TAMS 0x0000000710a00000| PB 0x0000000710a00000| Complete 
|  40|0x0000000710c00000, 0x0000000710e00000, 0x0000000710e00000|100%|HS|  |TAMS 0x0000000710c00000| PB 0x0000000710c00000| Complete 
|  41|0x0000000710e00000, 0x0000000711000000, 0x0000000711000000|100%|HC|  |TAMS 0x0000000710e00000| PB 0x0000000710e00000| Complete 
|  42|0x0000000711000000, 0x0000000711200000, 0x0000000711200000|100%| O|  |TAMS 0x0000000711000000| PB 0x0000000711000000| Untracked 
|  43|0x0000000711200000, 0x0000000711400000, 0x0000000711400000|100%| O|  |TAMS 0x0000000711200000| PB 0x0000000711200000| Untracked 
|  44|0x0000000711400000, 0x0000000711600000, 0x0000000711600000|100%| O|  |TAMS 0x0000000711400000| PB 0x0000000711400000| Untracked 
|  45|0x0000000711600000, 0x0000000711800000, 0x0000000711800000|100%|HS|  |TAMS 0x0000000711600000| PB 0x0000000711600000| Complete 
|  46|0x0000000711800000, 0x0000000711a00000, 0x0000000711a00000|100%|HC|  |TAMS 0x0000000711800000| PB 0x0000000711800000| Complete 
|  47|0x0000000711a00000, 0x0000000711c00000, 0x0000000711c00000|100%| O|  |TAMS 0x0000000711a00000| PB 0x0000000711a00000| Untracked 
|  48|0x0000000711c00000, 0x0000000711c37da0, 0x0000000711e00000| 10%| O|  |TAMS 0x0000000711c00000| PB 0x0000000711c00000| Untracked 
|  49|0x0000000711e00000, 0x0000000711e00000, 0x0000000712000000|  0%| F|  |TAMS 0x0000000711e00000| PB 0x0000000711e00000| Untracked 
|  50|0x0000000712000000, 0x0000000712000000, 0x0000000712200000|  0%| F|  |TAMS 0x0000000712000000| PB 0x0000000712000000| Untracked 
|  51|0x0000000712200000, 0x0000000712200000, 0x0000000712400000|  0%| F|  |TAMS 0x0000000712200000| PB 0x0000000712200000| Untracked 
|  52|0x0000000712400000, 0x0000000712400000, 0x0000000712600000|  0%| F|  |TAMS 0x0000000712400000| PB 0x0000000712400000| Untracked 
|  53|0x0000000712600000, 0x0000000712800000, 0x0000000712800000|100%|HS|  |TAMS 0x0000000712600000| PB 0x0000000712600000| Complete 
|  54|0x0000000712800000, 0x0000000712a00000, 0x0000000712a00000|100%|HC|  |TAMS 0x0000000712800000| PB 0x0000000712800000| Complete 
|  55|0x0000000712a00000, 0x0000000712a00000, 0x0000000712c00000|  0%| F|  |TAMS 0x0000000712a00000| PB 0x0000000712a00000| Untracked 
|  56|0x0000000712c00000, 0x0000000712e00000, 0x0000000712e00000|100%| O|  |TAMS 0x0000000712c00000| PB 0x0000000712c00000| Untracked 
|  57|0x0000000712e00000, 0x0000000713000000, 0x0000000713000000|100%| O|  |TAMS 0x0000000712e00000| PB 0x0000000712e00000| Untracked 
|  58|0x0000000713000000, 0x0000000713000000, 0x0000000713200000|  0%| F|  |TAMS 0x0000000713000000| PB 0x0000000713000000| Untracked 
|  59|0x0000000713200000, 0x0000000713400000, 0x0000000713400000|100%| O|  |TAMS 0x0000000713200000| PB 0x0000000713200000| Untracked 
|  60|0x0000000713400000, 0x0000000713600000, 0x0000000713600000|100%| O|  |TAMS 0x0000000713400000| PB 0x0000000713400000| Untracked 
|  61|0x0000000713600000, 0x0000000713800000, 0x0000000713800000|100%| O|  |TAMS 0x0000000713600000| PB 0x0000000713600000| Untracked 
|  62|0x0000000713800000, 0x0000000713a00000, 0x0000000713a00000|100%| O|  |TAMS 0x0000000713800000| PB 0x0000000713800000| Untracked 
|  63|0x0000000713a00000, 0x0000000713c00000, 0x0000000713c00000|100%| O|  |TAMS 0x0000000713a00000| PB 0x0000000713a00000| Untracked 
|  64|0x0000000713c00000, 0x0000000713e00000, 0x0000000713e00000|100%| O|  |TAMS 0x0000000713c00000| PB 0x0000000713c00000| Untracked 
|  65|0x0000000713e00000, 0x0000000714000000, 0x0000000714000000|100%| O|  |TAMS 0x0000000713e00000| PB 0x0000000713e00000| Untracked 
|  66|0x0000000714000000, 0x0000000714000000, 0x0000000714200000|  0%| F|  |TAMS 0x0000000714000000| PB 0x0000000714000000| Untracked 
|  67|0x0000000714200000, 0x0000000714200000, 0x0000000714400000|  0%| F|  |TAMS 0x0000000714200000| PB 0x0000000714200000| Untracked 
|  68|0x0000000714400000, 0x0000000714400000, 0x0000000714600000|  0%| F|  |TAMS 0x0000000714400000| PB 0x0000000714400000| Untracked 
|  69|0x0000000714600000, 0x0000000714600000, 0x0000000714800000|  0%| F|  |TAMS 0x0000000714600000| PB 0x0000000714600000| Untracked 
|  70|0x0000000714800000, 0x000000071487d3d0, 0x0000000714a00000| 24%| S|CS|TAMS 0x0000000714800000| PB 0x0000000714800000| Complete 
|  71|0x0000000714a00000, 0x0000000714c00000, 0x0000000714c00000|100%| S|CS|TAMS 0x0000000714a00000| PB 0x0000000714a00000| Complete 
|  72|0x0000000714c00000, 0x0000000714c00000, 0x0000000714e00000|  0%| F|  |TAMS 0x0000000714c00000| PB 0x0000000714c00000| Untracked 
|  73|0x0000000714e00000, 0x0000000714e00000, 0x0000000715000000|  0%| F|  |TAMS 0x0000000714e00000| PB 0x0000000714e00000| Untracked 
|  74|0x0000000715000000, 0x0000000715000000, 0x0000000715200000|  0%| F|  |TAMS 0x0000000715000000| PB 0x0000000715000000| Untracked 
|  75|0x0000000715200000, 0x0000000715200000, 0x0000000715400000|  0%| F|  |TAMS 0x0000000715200000| PB 0x0000000715200000| Untracked 
|  76|0x0000000715400000, 0x0000000715400000, 0x0000000715600000|  0%| F|  |TAMS 0x0000000715400000| PB 0x0000000715400000| Untracked 
|  77|0x0000000715600000, 0x0000000715600000, 0x0000000715800000|  0%| F|  |TAMS 0x0000000715600000| PB 0x0000000715600000| Untracked 
|  78|0x0000000715800000, 0x0000000715800000, 0x0000000715a00000|  0%| F|  |TAMS 0x0000000715800000| PB 0x0000000715800000| Untracked 
|  79|0x0000000715a00000, 0x0000000715b00000, 0x0000000715c00000| 50%| E|  |TAMS 0x0000000715a00000| PB 0x0000000715a00000| Complete 
|  80|0x0000000715c00000, 0x0000000715e00000, 0x0000000715e00000|100%| E|CS|TAMS 0x0000000715c00000| PB 0x0000000715c00000| Complete 
|  81|0x0000000715e00000, 0x0000000716000000, 0x0000000716000000|100%| E|CS|TAMS 0x0000000715e00000| PB 0x0000000715e00000| Complete 
|  82|0x0000000716000000, 0x0000000716200000, 0x0000000716200000|100%| E|CS|TAMS 0x0000000716000000| PB 0x0000000716000000| Complete 
|  83|0x0000000716200000, 0x0000000716400000, 0x0000000716400000|100%| E|CS|TAMS 0x0000000716200000| PB 0x0000000716200000| Complete 
|  84|0x0000000716400000, 0x0000000716600000, 0x0000000716600000|100%| E|CS|TAMS 0x0000000716400000| PB 0x0000000716400000| Complete 
|  85|0x0000000716600000, 0x0000000716800000, 0x0000000716800000|100%| E|CS|TAMS 0x0000000716600000| PB 0x0000000716600000| Complete 
|  86|0x0000000716800000, 0x0000000716a00000, 0x0000000716a00000|100%| E|CS|TAMS 0x0000000716800000| PB 0x0000000716800000| Complete 
|  87|0x0000000716a00000, 0x0000000716c00000, 0x0000000716c00000|100%| E|CS|TAMS 0x0000000716a00000| PB 0x0000000716a00000| Complete 
|  88|0x0000000716c00000, 0x0000000716e00000, 0x0000000716e00000|100%| E|CS|TAMS 0x0000000716c00000| PB 0x0000000716c00000| Complete 
|  89|0x0000000716e00000, 0x0000000717000000, 0x0000000717000000|100%| E|CS|TAMS 0x0000000716e00000| PB 0x0000000716e00000| Complete 
|  90|0x0000000717000000, 0x0000000717200000, 0x0000000717200000|100%| E|CS|TAMS 0x0000000717000000| PB 0x0000000717000000| Complete 
|  91|0x0000000717200000, 0x0000000717400000, 0x0000000717400000|100%| E|CS|TAMS 0x0000000717200000| PB 0x0000000717200000| Complete 
|  92|0x0000000717400000, 0x0000000717600000, 0x0000000717600000|100%| E|CS|TAMS 0x0000000717400000| PB 0x0000000717400000| Complete 
|  93|0x0000000717600000, 0x0000000717800000, 0x0000000717800000|100%| E|CS|TAMS 0x0000000717600000| PB 0x0000000717600000| Complete 
|  94|0x0000000717800000, 0x0000000717a00000, 0x0000000717a00000|100%| E|CS|TAMS 0x0000000717800000| PB 0x0000000717800000| Complete 
|  95|0x0000000717a00000, 0x0000000717c00000, 0x0000000717c00000|100%| E|CS|TAMS 0x0000000717a00000| PB 0x0000000717a00000| Complete 
|  96|0x0000000717c00000, 0x0000000717e00000, 0x0000000717e00000|100%| E|CS|TAMS 0x0000000717c00000| PB 0x0000000717c00000| Complete 
|  97|0x0000000717e00000, 0x0000000718000000, 0x0000000718000000|100%| E|CS|TAMS 0x0000000717e00000| PB 0x0000000717e00000| Complete 
|  98|0x0000000718000000, 0x0000000718200000, 0x0000000718200000|100%| E|CS|TAMS 0x0000000718000000| PB 0x0000000718000000| Complete 
|  99|0x0000000718200000, 0x0000000718400000, 0x0000000718400000|100%| E|CS|TAMS 0x0000000718200000| PB 0x0000000718200000| Complete 
| 100|0x0000000718400000, 0x0000000718600000, 0x0000000718600000|100%| E|CS|TAMS 0x0000000718400000| PB 0x0000000718400000| Complete 
| 101|0x0000000718600000, 0x0000000718800000, 0x0000000718800000|100%| E|CS|TAMS 0x0000000718600000| PB 0x0000000718600000| Complete 
| 102|0x0000000718800000, 0x0000000718a00000, 0x0000000718a00000|100%| E|CS|TAMS 0x0000000718800000| PB 0x0000000718800000| Complete 
| 103|0x0000000718a00000, 0x0000000718c00000, 0x0000000718c00000|100%| E|CS|TAMS 0x0000000718a00000| PB 0x0000000718a00000| Complete 
| 104|0x0000000718c00000, 0x0000000718e00000, 0x0000000718e00000|100%| E|CS|TAMS 0x0000000718c00000| PB 0x0000000718c00000| Complete 
| 105|0x0000000718e00000, 0x0000000719000000, 0x0000000719000000|100%| E|CS|TAMS 0x0000000718e00000| PB 0x0000000718e00000| Complete 
| 106|0x0000000719000000, 0x0000000719200000, 0x0000000719200000|100%| E|CS|TAMS 0x0000000719000000| PB 0x0000000719000000| Complete 
| 107|0x0000000719200000, 0x0000000719400000, 0x0000000719400000|100%| E|CS|TAMS 0x0000000719200000| PB 0x0000000719200000| Complete 
| 108|0x0000000719400000, 0x0000000719600000, 0x0000000719600000|100%| E|CS|TAMS 0x0000000719400000| PB 0x0000000719400000| Complete 
| 109|0x0000000719600000, 0x0000000719800000, 0x0000000719800000|100%| E|CS|TAMS 0x0000000719600000| PB 0x0000000719600000| Complete 
| 110|0x0000000719800000, 0x0000000719a00000, 0x0000000719a00000|100%| E|CS|TAMS 0x0000000719800000| PB 0x0000000719800000| Complete 
| 111|0x0000000719a00000, 0x0000000719c00000, 0x0000000719c00000|100%| E|CS|TAMS 0x0000000719a00000| PB 0x0000000719a00000| Complete 
| 112|0x0000000719c00000, 0x0000000719e00000, 0x0000000719e00000|100%| E|CS|TAMS 0x0000000719c00000| PB 0x0000000719c00000| Complete 
| 113|0x0000000719e00000, 0x000000071a000000, 0x000000071a000000|100%| E|CS|TAMS 0x0000000719e00000| PB 0x0000000719e00000| Complete 
| 114|0x000000071a000000, 0x000000071a200000, 0x000000071a200000|100%| E|CS|TAMS 0x000000071a000000| PB 0x000000071a000000| Complete 
| 115|0x000000071a200000, 0x000000071a400000, 0x000000071a400000|100%| E|CS|TAMS 0x000000071a200000| PB 0x000000071a200000| Complete 
| 116|0x000000071a400000, 0x000000071a600000, 0x000000071a600000|100%| E|CS|TAMS 0x000000071a400000| PB 0x000000071a400000| Complete 
| 117|0x000000071a600000, 0x000000071a800000, 0x000000071a800000|100%| E|CS|TAMS 0x000000071a600000| PB 0x000000071a600000| Complete 
| 118|0x000000071a800000, 0x000000071aa00000, 0x000000071aa00000|100%| E|CS|TAMS 0x000000071a800000| PB 0x000000071a800000| Complete 
| 119|0x000000071aa00000, 0x000000071ac00000, 0x000000071ac00000|100%| E|CS|TAMS 0x000000071aa00000| PB 0x000000071aa00000| Complete 
| 120|0x000000071ac00000, 0x000000071ae00000, 0x000000071ae00000|100%| E|CS|TAMS 0x000000071ac00000| PB 0x000000071ac00000| Complete 
| 121|0x000000071ae00000, 0x000000071b000000, 0x000000071b000000|100%| E|CS|TAMS 0x000000071ae00000| PB 0x000000071ae00000| Complete 
| 122|0x000000071b000000, 0x000000071b200000, 0x000000071b200000|100%| E|CS|TAMS 0x000000071b000000| PB 0x000000071b000000| Complete 
| 123|0x000000071b200000, 0x000000071b400000, 0x000000071b400000|100%| E|CS|TAMS 0x000000071b200000| PB 0x000000071b200000| Complete 
| 124|0x000000071b400000, 0x000000071b600000, 0x000000071b600000|100%| E|CS|TAMS 0x000000071b400000| PB 0x000000071b400000| Complete 
|1950|0x00000007ff800000, 0x00000007ffa00000, 0x00000007ffa00000|100%| O|  |TAMS 0x00000007ff800000| PB 0x00000007ff800000| Untracked 
|1951|0x00000007ffa00000, 0x00000007ffc00000, 0x00000007ffc00000|100%| O|  |TAMS 0x00000007ffa00000| PB 0x00000007ffa00000| Untracked 
|1952|0x00000007ffc00000, 0x00000007ffe00000, 0x00000007ffe00000|100%| O|  |TAMS 0x00000007ffc00000| PB 0x00000007ffc00000| Untracked 
|1953|0x00000007ffe00000, 0x0000000800000000, 0x0000000800000000|100%| O|  |TAMS 0x00000007ffe00000| PB 0x00000007ffe00000| Untracked 

Card table byte_map: [0x000002414eac0000,0x000002414f270000] _byte_map_base: 0x000002414b262000

Marking Bits: (CMBitMap*) 0x000002413580b1c0
 Bits: [0x000002414f270000, 0x0000024152f80000)

Polling page: 0x0000024134f60000

Metaspace:

Usage:
  Non-class:     78.53 MB used.
      Class:      9.85 MB used.
       Both:     88.38 MB used.

Virtual space:
  Non-class space:      128.00 MB reserved,      79.12 MB ( 62%) committed,  2 nodes.
      Class space:        1.00 GB reserved,      10.38 MB (  1%) committed,  1 nodes.
             Both:        1.12 GB reserved,      89.50 MB (  8%) committed. 

Chunk freelists:
   Non-Class:  144.00 KB
       Class:  5.47 MB
        Both:  5.61 MB

MaxMetaspaceSize: unlimited
CompressedClassSpaceSize: 1.00 GB
Initial GC threshold: 21.00 MB
Current GC threshold: 147.00 MB
CDS: off
 - commit_granule_bytes: 65536.
 - commit_granule_words: 8192.
 - virtual_space_node_default_size: 8388608.
 - enlarge_chunks_in_place: 1.
 - use_allocation_guard: 0.


Internal statistics:

num_allocs_failed_limit: 9.
num_arena_births: 1002.
num_arena_deaths: 0.
num_vsnodes_births: 3.
num_vsnodes_deaths: 0.
num_space_committed: 1432.
num_space_uncommitted: 0.
num_chunks_returned_to_freelist: 9.
num_chunks_taken_from_freelist: 3438.
num_chunk_merges: 3.
num_chunk_splits: 2366.
num_chunks_enlarged: 1606.
num_inconsistent_stats: 0.

CodeHeap 'non-profiled nmethods': size=119168Kb used=5542Kb max_used=5845Kb free=113625Kb
 bounds [0x0000024146610000, 0x0000024146bd0000, 0x000002414da70000]
CodeHeap 'profiled nmethods': size=119104Kb used=12845Kb max_used=15787Kb free=106258Kb
 bounds [0x000002413ea70000, 0x000002413f9e0000, 0x0000024145ec0000]
CodeHeap 'non-nmethods': size=7488Kb used=3169Kb max_used=3831Kb free=4318Kb
 bounds [0x0000024145ec0000, 0x0000024146290000, 0x0000024146610000]
CodeCache: size=245760Kb, used=21556Kb, max_used=25463Kb, free=224201Kb
 total_blobs=7006, nmethods=6054, adapters=853, full_count=0
Compilation: enabled, stopped_count=0, restarted_count=0

Compilation events (20 events):
Event: 1980.459 Thread 0x0000024156144240 10715       3       com.st.microxplorer.mcufinder.db.McuInfo::<init> (739 bytes)
Event: 1980.460 Thread 0x000002415beae8b0 10716   !   3       com.st.microxplorer.mcufinder.db.McuInfo::setPackage (122 bytes)
Event: 1980.460 Thread 0x000002415cc67540 10717       3       com.st.microxplorer.mcufinder.db.McuInfo::setCPN (15 bytes)
Event: 1980.460 Thread 0x00000241651091d0 10718       3       com.st.microxplorer.mcufinder.db.McuInfo::setBigFamily (15 bytes)
Event: 1980.460 Thread 0x00000241651091d0 nmethod 10718 0x000002413ef10510 code [0x000002413ef106c0, 0x000002413ef10878]
Event: 1980.460 Thread 0x000002415cc67540 nmethod 10717 0x000002413ef8c810 code [0x000002413ef8c9c0, 0x000002413ef8cb78]
Event: 1980.460 Thread 0x00000241651091d0 10719       3       com.st.microxplorer.mcufinder.db.McuInfo::setRPN (15 bytes)
Event: 1980.460 Thread 0x000002415cc67540 10720       3       com.st.microxplorer.mcufinder.db.McuInfo::setRefName (15 bytes)
Event: 1980.460 Thread 0x00000241651091d0 nmethod 10719 0x000002413ef96710 code [0x000002413ef968c0, 0x000002413ef96a78]
Event: 1980.460 Thread 0x000002415cc67540 nmethod 10720 0x000002413efa2e10 code [0x000002413efa2fc0, 0x000002413efa3178]
Event: 1980.460 Thread 0x00000241651091d0 10721       3       com.st.microxplorer.mcufinder.db.McuInfo::setProductURL (15 bytes)
Event: 1980.460 Thread 0x000002415beae8b0 nmethod 10716 0x000002413eae6110 code [0x000002413eae63a0, 0x000002413eae6de0]
Event: 1980.460 Thread 0x000002415cc67540 10722       3       com.st.microxplorer.mcufinder.db.McuInfo::setBlockDiagramURL (15 bytes)
Event: 1980.460 Thread 0x000002415beae8b0 10723       3       com.st.microxplorer.mcufinder.db.McuInfo::setSegment (15 bytes)
Event: 1980.460 Thread 0x00000241651091d0 nmethod 10721 0x000002413f0d0c10 code [0x000002413f0d0dc0, 0x000002413f0d0f78]
Event: 1980.461 Thread 0x000002415cc67540 nmethod 10722 0x000002413f0f5410 code [0x000002413f0f55c0, 0x000002413f0f5778]
Event: 1980.461 Thread 0x00000241651091d0 10724       3       com.st.microxplorer.mcufinder.db.McuInfo::setMarketingStatus (15 bytes)
Event: 1980.461 Thread 0x000002415beae8b0 nmethod 10723 0x000002413f1f9690 code [0x000002413f1f9840, 0x000002413f1f99f8]
Event: 1980.461 Thread 0x00000241651091d0 nmethod 10724 0x000002413f243390 code [0x000002413f243540, 0x000002413f2436f8]
Event: 1982.462 Thread 0x0000024156144240 nmethod 10715 0x000002413efa3690 code [0x000002413efa3ca0, 0x000002413efa7eb8]

GC Heap History (20 events):
Event: 1934.726 GC heap before
{Heap before GC invocations=27 (full 0):
 garbage-first heap   total 157696K, used 139882K [0x000000070bc00000, 0x0000000800000000)
  region size 2048K, 23 young (47104K), 4 survivors (8192K)
 Metaspace       used 74523K, committed 75584K, reserved 1179648K
  class space    used 8306K, committed 8832K, reserved 1048576K
}
Event: 1934.732 GC heap after
{Heap after GC invocations=28 (full 0):
 garbage-first heap   total 208896K, used 98954K [0x000000070bc00000, 0x0000000800000000)
  region size 2048K, 2 young (4096K), 2 survivors (4096K)
 Metaspace       used 74523K, committed 75584K, reserved 1179648K
  class space    used 8306K, committed 8832K, reserved 1048576K
}
Event: 1935.029 GC heap before
{Heap before GC invocations=28 (full 0):
 garbage-first heap   total 208896K, used 189066K [0x000000070bc00000, 0x0000000800000000)
  region size 2048K, 46 young (94208K), 2 survivors (4096K)
 Metaspace       used 74914K, committed 76032K, reserved 1179648K
  class space    used 8368K, committed 8896K, reserved 1048576K
}
Event: 1935.033 GC heap after
{Heap after GC invocations=29 (full 0):
 garbage-first heap   total 208896K, used 100291K [0x000000070bc00000, 0x0000000800000000)
  region size 2048K, 3 young (6144K), 3 survivors (6144K)
 Metaspace       used 74914K, committed 76032K, reserved 1179648K
  class space    used 8368K, committed 8896K, reserved 1048576K
}
Event: 1935.347 GC heap before
{Heap before GC invocations=30 (full 0):
 garbage-first heap   total 208896K, used 190403K [0x000000070bc00000, 0x0000000800000000)
  region size 2048K, 47 young (96256K), 3 survivors (6144K)
 Metaspace       used 74927K, committed 76032K, reserved 1179648K
  class space    used 8368K, committed 8896K, reserved 1048576K
}
Event: 1935.356 GC heap after
{Heap after GC invocations=31 (full 0):
 garbage-first heap   total 208896K, used 101720K [0x000000070bc00000, 0x0000000800000000)
  region size 2048K, 4 young (8192K), 4 survivors (8192K)
 Metaspace       used 74927K, committed 76032K, reserved 1179648K
  class space    used 8368K, committed 8896K, reserved 1048576K
}
Event: 1942.536 GC heap before
{Heap before GC invocations=31 (full 0):
 garbage-first heap   total 208896K, used 195928K [0x000000070bc00000, 0x0000000800000000)
  region size 2048K, 48 young (98304K), 4 survivors (8192K)
 Metaspace       used 77014K, committed 78144K, reserved 1179648K
  class space    used 8560K, committed 9088K, reserved 1048576K
}
Event: 1942.596 GC heap after
{Heap after GC invocations=32 (full 0):
 garbage-first heap   total 208896K, used 105903K [0x000000070bc00000, 0x0000000800000000)
  region size 2048K, 5 young (10240K), 5 survivors (10240K)
 Metaspace       used 77014K, committed 78144K, reserved 1179648K
  class space    used 8560K, committed 9088K, reserved 1048576K
}
Event: 1952.757 GC heap before
{Heap before GC invocations=32 (full 0):
 garbage-first heap   total 208896K, used 191919K [0x000000070bc00000, 0x0000000800000000)
  region size 2048K, 48 young (98304K), 5 survivors (10240K)
 Metaspace       used 87633K, committed 88768K, reserved 1179648K
  class space    used 9857K, committed 10368K, reserved 1048576K
}
Event: 1952.763 GC heap after
{Heap after GC invocations=33 (full 0):
 garbage-first heap   total 210944K, used 111155K [0x000000070bc00000, 0x0000000800000000)
  region size 2048K, 6 young (12288K), 6 survivors (12288K)
 Metaspace       used 87633K, committed 88768K, reserved 1179648K
  class space    used 9857K, committed 10368K, reserved 1048576K
}
Event: 1959.268 GC heap before
{Heap before GC invocations=34 (full 0):
 garbage-first heap   total 210944K, used 193075K [0x000000070bc00000, 0x0000000800000000)
  region size 2048K, 47 young (96256K), 6 survivors (12288K)
 Metaspace       used 87848K, committed 88960K, reserved 1179648K
  class space    used 9857K, committed 10368K, reserved 1048576K
}
Event: 1959.273 GC heap after
{Heap after GC invocations=35 (full 0):
 garbage-first heap   total 253952K, used 113441K [0x000000070bc00000, 0x0000000800000000)
  region size 2048K, 4 young (8192K), 4 survivors (8192K)
 Metaspace       used 87848K, committed 88960K, reserved 1179648K
  class space    used 9857K, committed 10368K, reserved 1048576K
}
Event: 1966.224 GC heap before
{Heap before GC invocations=35 (full 0):
 garbage-first heap   total 253952K, used 236321K [0x000000070bc00000, 0x0000000800000000)
  region size 2048K, 64 young (131072K), 4 survivors (8192K)
 Metaspace       used 88357K, committed 89408K, reserved 1179648K
  class space    used 9900K, committed 10368K, reserved 1048576K
}
Event: 1966.227 GC heap after
{Heap after GC invocations=36 (full 0):
 garbage-first heap   total 253952K, used 113685K [0x000000070bc00000, 0x0000000800000000)
  region size 2048K, 5 young (10240K), 5 survivors (10240K)
 Metaspace       used 88357K, committed 89408K, reserved 1179648K
  class space    used 9900K, committed 10368K, reserved 1048576K
}
Event: 1971.148 GC heap before
{Heap before GC invocations=36 (full 0):
 garbage-first heap   total 253952K, used 238613K [0x000000070bc00000, 0x0000000800000000)
  region size 2048K, 66 young (135168K), 5 survivors (10240K)
 Metaspace       used 89147K, committed 90240K, reserved 1179648K
  class space    used 9960K, committed 10432K, reserved 1048576K
}
Event: 1971.162 GC heap after
{Heap after GC invocations=37 (full 0):
 garbage-first heap   total 264192K, used 127390K [0x000000070bc00000, 0x0000000800000000)
  region size 2048K, 9 young (18432K), 9 survivors (18432K)
 Metaspace       used 89147K, committed 90240K, reserved 1179648K
  class space    used 9960K, committed 10432K, reserved 1048576K
}
Event: 1979.350 GC heap before
{Heap before GC invocations=38 (full 0):
 garbage-first heap   total 264192K, used 237982K [0x000000070bc00000, 0x0000000800000000)
  region size 2048K, 63 young (129024K), 9 survivors (18432K)
 Metaspace       used 90423K, committed 91584K, reserved 1179648K
  class space    used 10089K, committed 10624K, reserved 1048576K
}
Event: 1979.365 GC heap after
{Heap after GC invocations=39 (full 0):
 garbage-first heap   total 264192K, used 131913K [0x000000070bc00000, 0x0000000800000000)
  region size 2048K, 2 young (4096K), 2 survivors (4096K)
 Metaspace       used 90423K, committed 91584K, reserved 1179648K
  class space    used 10089K, committed 10624K, reserved 1048576K
}
Event: 1979.695 GC heap before
{Heap before GC invocations=39 (full 0):
 garbage-first heap   total 264192K, used 240457K [0x000000070bc00000, 0x0000000800000000)
  region size 2048K, 55 young (112640K), 2 survivors (4096K)
 Metaspace       used 90426K, committed 91584K, reserved 1179648K
  class space    used 10089K, committed 10624K, reserved 1048576K
}
Event: 1979.699 GC heap after
{Heap after GC invocations=40 (full 0):
 garbage-first heap   total 264192K, used 131796K [0x000000070bc00000, 0x0000000800000000)
  region size 2048K, 2 young (4096K), 2 survivors (4096K)
 Metaspace       used 90426K, committed 91584K, reserved 1179648K
  class space    used 10089K, committed 10624K, reserved 1048576K
}

Dll operation events (20 events):
Event: 0.018 Loaded shared library D:\STM32Cube\STM32Cube\jre\bin\java.dll
Event: 0.362 Loaded shared library D:\STM32Cube\STM32Cube\jre\bin\jsvml.dll
Event: 0.585 Loaded shared library D:\STM32Cube\STM32Cube\jre\bin\net.dll
Event: 0.590 Loaded shared library D:\STM32Cube\STM32Cube\jre\bin\nio.dll
Event: 0.666 Loaded shared library D:\STM32Cube\STM32Cube\jre\bin\zip.dll
Event: 0.821 Loaded shared library D:\STM32Cube\STM32Cube\jre\bin\jimage.dll
Event: 1.751 Loaded shared library D:\STM32Cube\STM32Cube\jre\bin\management.dll
Event: 1.759 Loaded shared library D:\STM32Cube\STM32Cube\jre\bin\management_ext.dll
Event: 4.853 Loaded shared library D:\STM32Cube\STM32Cube\jre\bin\awt.dll
Event: 6.569 Loaded shared library D:\STM32Cube\STM32Cube\jre\bin\freetype.dll
Event: 6.571 Loaded shared library D:\STM32Cube\STM32Cube\jre\bin\fontmanager.dll
Event: 9.026 Loaded shared library D:\STM32Cube\STM32Cube\jre\bin\verify.dll
Event: 10.811 Loaded shared library D:\STM32Cube\STM32Cube\jre\bin\prefs.dll
Event: 12.484 Loaded shared library C:\Users\33711\AppData\Local\Temp\jna-48673335\jna1410430577121026631.dll
Event: 1923.198 Loaded shared library D:\STM32Cube\STM32Cube\jre\bin\sunmscapi.dll
Event: 1924.726 Loaded shared library D:\STM32Cube\STM32Cube\jre\bin\extnet.dll
Event: 1926.364 Loaded shared library D:\STM32Cube\STM32Cube\jre\bin\javajpeg.dll
Event: 1934.796 Loaded shared library C:\Users\33711\.stm32cubemx\.jxbrowser-8.15.0\Chromium\toolkit64.dll
Event: 1942.638 Loaded shared library C:\Users\33711\.stm32cubemx\.jxbrowser-8.15.0\Chromium\ipc64.dll
Event: 1977.307 Loaded shared library C:\Users\33711\AppData\Local\Temp\sqlite-3.49.1.0-8d2026bb-8ac8-4ec2-a662-a5eacb9e5861-sqlitejdbc.dll

Deoptimization events (20 events):
Event: 1979.708 Thread 0x000002415d3f0140 Uncommon trap: trap_request=0xffffffbe fr.pc=0x0000024146707710 relative=0x0000000000001270
Event: 1979.709 Thread 0x000002415d3f0140 Uncommon trap: reason=profile_predicate action=maybe_recompile pc=0x0000024146707710 method=java.io.File.listFiles(Ljava/io/FilenameFilter;)[Ljava/io/File; @ 34 c2
Event: 1979.709 Thread 0x000002415d3f0140 DEOPT PACKING pc=0x0000024146707710 sp=0x000000db95bff000
Event: 1979.709 Thread 0x000002415d3f0140 DEOPT UNPACKING pc=0x0000024145f17ba2 sp=0x000000db95bfeff8 mode 2
Event: 1979.711 Thread 0x000002415d3f0140 Uncommon trap: trap_request=0xffffffbe fr.pc=0x0000024146707710 relative=0x0000000000001270
Event: 1979.711 Thread 0x000002415d3f0140 Uncommon trap: reason=profile_predicate action=maybe_recompile pc=0x0000024146707710 method=java.io.File.listFiles(Ljava/io/FilenameFilter;)[Ljava/io/File; @ 34 c2
Event: 1979.711 Thread 0x000002415d3f0140 DEOPT PACKING pc=0x0000024146707710 sp=0x000000db95bff000
Event: 1979.711 Thread 0x000002415d3f0140 DEOPT UNPACKING pc=0x0000024145f17ba2 sp=0x000000db95bfeff8 mode 2
Event: 1979.711 Thread 0x000002415d3f0140 Uncommon trap: trap_request=0xffffffbe fr.pc=0x00000241466839b0 relative=0x00000000000015f0
Event: 1979.711 Thread 0x000002415d3f0140 Uncommon trap: reason=profile_predicate action=maybe_recompile pc=0x00000241466839b0 method=java.io.File.listFiles(Ljava/io/FilenameFilter;)[Ljava/io/File; @ 30 c2
Event: 1979.711 Thread 0x000002415d3f0140 DEOPT PACKING pc=0x00000241466839b0 sp=0x000000db95bfeff0
Event: 1979.711 Thread 0x000002415d3f0140 DEOPT UNPACKING pc=0x0000024145f17ba2 sp=0x000000db95bff008 mode 2
Event: 1979.714 Thread 0x000002415d3f0140 Uncommon trap: trap_request=0xffffffbe fr.pc=0x0000024146707710 relative=0x0000000000001270
Event: 1979.714 Thread 0x000002415d3f0140 Uncommon trap: reason=profile_predicate action=maybe_recompile pc=0x0000024146707710 method=java.io.File.listFiles(Ljava/io/FilenameFilter;)[Ljava/io/File; @ 34 c2
Event: 1979.714 Thread 0x000002415d3f0140 DEOPT PACKING pc=0x0000024146707710 sp=0x000000db95bff000
Event: 1979.714 Thread 0x000002415d3f0140 DEOPT UNPACKING pc=0x0000024145f17ba2 sp=0x000000db95bfeff8 mode 2
Event: 1979.715 Thread 0x000002415d3f0140 Uncommon trap: trap_request=0xffffffbe fr.pc=0x00000241466839b0 relative=0x00000000000015f0
Event: 1979.715 Thread 0x000002415d3f0140 Uncommon trap: reason=profile_predicate action=maybe_recompile pc=0x00000241466839b0 method=java.io.File.listFiles(Ljava/io/FilenameFilter;)[Ljava/io/File; @ 30 c2
Event: 1979.715 Thread 0x000002415d3f0140 DEOPT PACKING pc=0x00000241466839b0 sp=0x000000db95bfeff0
Event: 1979.715 Thread 0x000002415d3f0140 DEOPT UNPACKING pc=0x0000024145f17ba2 sp=0x000000db95bff008 mode 2

Classes loaded (20 events):
Event: 1949.411 Loading class java/util/concurrent/RejectedExecutionException
Event: 1949.411 Loading class java/util/concurrent/RejectedExecutionException done
Event: 1949.412 Loading class java/util/concurrent/Executors$AutoShutdownDelegatedExecutorService
Event: 1949.412 Loading class java/util/concurrent/Executors$DelegatedExecutorService
Event: 1949.412 Loading class java/util/concurrent/Executors$DelegatedExecutorService done
Event: 1949.412 Loading class java/util/concurrent/Executors$AutoShutdownDelegatedExecutorService done
Event: 1950.229 Loading class java/security/CodeSigner
Event: 1950.229 Loading class java/security/CodeSigner done
Event: 1965.989 Loading class java/util/regex/Pattern$Bound
Event: 1965.989 Loading class java/util/regex/Pattern$Bound done
Event: 1965.989 Loading class java/util/regex/Pattern$Neg
Event: 1965.990 Loading class java/util/regex/Pattern$Neg done
Event: 1966.286 Loading class jdk/internal/math/FloatingDecimal$HexFloatPattern
Event: 1966.287 Loading class jdk/internal/math/FloatingDecimal$HexFloatPattern done
Event: 1976.613 Loading class java/nio/file/Files$2
Event: 1976.613 Loading class java/nio/file/Files$2 done
Event: 1976.826 Loading class java/nio/file/StandardCopyOption
Event: 1976.826 Loading class java/nio/file/StandardCopyOption done
Event: 1976.831 Loading class sun/nio/ch/ChannelOutputStream
Event: 1976.832 Loading class sun/nio/ch/ChannelOutputStream done

Classes unloaded (0 events):
No events

Classes redefined (0 events):
No events

Internal exceptions (20 events):
Event: 1979.630 Thread 0x000002415d3f0140 Exception <a 'java/io/IOException'{0x000000071632d070}> (0x000000071632d070) 
thrown [s\src\hotspot\share\prims\jni.cpp, line 520]
Event: 1979.630 Thread 0x000002415d3f0140 Exception <a 'java/io/IOException'{0x000000071632d630}> (0x000000071632d630) 
thrown [s\src\hotspot\share\prims\jni.cpp, line 520]
Event: 1979.631 Thread 0x000002415d3f0140 Exception <a 'java/io/IOException'{0x0000000716359da0}> (0x0000000716359da0) 
thrown [s\src\hotspot\share\prims\jni.cpp, line 520]
Event: 1979.631 Thread 0x000002415d3f0140 Exception <a 'java/io/IOException'{0x000000071635a360}> (0x000000071635a360) 
thrown [s\src\hotspot\share\prims\jni.cpp, line 520]
Event: 1979.633 Thread 0x000002415d3f0140 Exception <a 'java/io/IOException'{0x000000071601a6d0}> (0x000000071601a6d0) 
thrown [s\src\hotspot\share\prims\jni.cpp, line 520]
Event: 1979.633 Thread 0x000002415d3f0140 Exception <a 'java/io/IOException'{0x000000071601ac90}> (0x000000071601ac90) 
thrown [s\src\hotspot\share\prims\jni.cpp, line 520]
Event: 1979.634 Thread 0x000002415d3f0140 Exception <a 'java/io/IOException'{0x0000000716047400}> (0x0000000716047400) 
thrown [s\src\hotspot\share\prims\jni.cpp, line 520]
Event: 1979.634 Thread 0x000002415d3f0140 Exception <a 'java/io/IOException'{0x00000007160479c0}> (0x00000007160479c0) 
thrown [s\src\hotspot\share\prims\jni.cpp, line 520]
Event: 1980.011 Thread 0x000002415d3f0140 Exception <a 'java/io/IOException'{0x0000000715ea1440}> (0x0000000715ea1440) 
thrown [s\src\hotspot\share\prims\jni.cpp, line 520]
Event: 1980.011 Thread 0x000002415d3f0140 Exception <a 'java/io/IOException'{0x0000000715ea1a00}> (0x0000000715ea1a00) 
thrown [s\src\hotspot\share\prims\jni.cpp, line 520]
Event: 1980.012 Thread 0x000002415d3f0140 Exception <a 'java/io/IOException'{0x0000000715ea30d8}> (0x0000000715ea30d8) 
thrown [s\src\hotspot\share\prims\jni.cpp, line 520]
Event: 1980.012 Thread 0x000002415d3f0140 Exception <a 'java/io/IOException'{0x0000000715ea3698}> (0x0000000715ea3698) 
thrown [s\src\hotspot\share\prims\jni.cpp, line 520]
Event: 1980.041 Thread 0x000002415d3f0140 Exception <a 'java/io/IOException'{0x0000000715ecd5d0}> (0x0000000715ecd5d0) 
thrown [s\src\hotspot\share\prims\jni.cpp, line 520]
Event: 1980.042 Thread 0x000002415d3f0140 Exception <a 'java/io/IOException'{0x0000000715ecdb90}> (0x0000000715ecdb90) 
thrown [s\src\hotspot\share\prims\jni.cpp, line 520]
Event: 1980.042 Thread 0x000002415d3f0140 Exception <a 'java/io/IOException'{0x0000000715ece9c8}> (0x0000000715ece9c8) 
thrown [s\src\hotspot\share\prims\jni.cpp, line 520]
Event: 1980.042 Thread 0x000002415d3f0140 Exception <a 'java/io/IOException'{0x0000000715ecef88}> (0x0000000715ecef88) 
thrown [s\src\hotspot\share\prims\jni.cpp, line 520]
Event: 1980.044 Thread 0x000002415d3f0140 Exception <a 'java/io/IOException'{0x0000000715ecfe30}> (0x0000000715ecfe30) 
thrown [s\src\hotspot\share\prims\jni.cpp, line 520]
Event: 1980.044 Thread 0x000002415d3f0140 Exception <a 'java/io/IOException'{0x0000000715ed03f0}> (0x0000000715ed03f0) 
thrown [s\src\hotspot\share\prims\jni.cpp, line 520]
Event: 1980.044 Thread 0x000002415d3f0140 Exception <a 'java/io/IOException'{0x0000000715ed3350}> (0x0000000715ed3350) 
thrown [s\src\hotspot\share\prims\jni.cpp, line 520]
Event: 1980.044 Thread 0x000002415d3f0140 Exception <a 'java/io/IOException'{0x0000000715ed3910}> (0x0000000715ed3910) 
thrown [s\src\hotspot\share\prims\jni.cpp, line 520]

ZGC Phase Switch (0 events):
No events

VM Operations (20 events):
Event: 1971.253 Executing VM operation: G1PauseCleanup done
Event: 1971.351 Executing VM operation: HandshakeAllThreads (Deoptimize)
Event: 1971.351 Executing VM operation: HandshakeAllThreads (Deoptimize) done
Event: 1972.353 Executing VM operation: Cleanup
Event: 1972.368 Executing VM operation: Cleanup done
Event: 1974.372 Executing VM operation: Cleanup
Event: 1974.477 Executing VM operation: Cleanup done
Event: 1975.491 Executing VM operation: Cleanup
Event: 1975.507 Executing VM operation: Cleanup done
Event: 1976.510 Executing VM operation: Cleanup
Event: 1976.525 Executing VM operation: Cleanup done
Event: 1977.533 Executing VM operation: Cleanup
Event: 1977.534 Executing VM operation: Cleanup done
Event: 1978.536 Executing VM operation: Cleanup
Event: 1978.536 Executing VM operation: Cleanup done
Event: 1979.350 Executing VM operation: G1CollectForAllocation (G1 Evacuation Pause)
Event: 1979.365 Executing VM operation: G1CollectForAllocation (G1 Evacuation Pause) done
Event: 1979.695 Executing VM operation: G1CollectForAllocation (G1 Evacuation Pause)
Event: 1979.699 Executing VM operation: G1CollectForAllocation (G1 Evacuation Pause) done
Event: 1980.704 Executing VM operation: Cleanup

Memory protections (0 events):
No events

Nmethod flushes (20 events):
Event: 1971.233 Thread 0x00000241560696b0 flushing  nmethod 0x000002413f23ee10
Event: 1971.233 Thread 0x00000241560696b0 flushing  nmethod 0x000002413f23f790
Event: 1971.233 Thread 0x00000241560696b0 flushing  nmethod 0x000002413f240690
Event: 1971.233 Thread 0x00000241560696b0 flushing  nmethod 0x000002413f241410
Event: 1971.233 Thread 0x00000241560696b0 flushing  nmethod 0x000002413f2f1210
Event: 1971.233 Thread 0x00000241560696b0 flushing  nmethod 0x000002413f2fb010
Event: 1971.233 Thread 0x00000241560696b0 flushing  nmethod 0x000002413f362810
Event: 1971.233 Thread 0x00000241560696b0 flushing  nmethod 0x000002413f366c10
Event: 1971.233 Thread 0x00000241560696b0 flushing  nmethod 0x000002413f4e2590
Event: 1971.233 Thread 0x00000241560696b0 flushing  nmethod 0x000002413f4e4290
Event: 1971.233 Thread 0x00000241560696b0 flushing  nmethod 0x000002413f4e4610
Event: 1971.233 Thread 0x00000241560696b0 flushing  nmethod 0x000002413f4e5490
Event: 1971.233 Thread 0x00000241560696b0 flushing  nmethod 0x000002413f4e6d10
Event: 1971.233 Thread 0x00000241560696b0 flushing  nmethod 0x000002413f4e7790
Event: 1971.233 Thread 0x00000241560696b0 flushing  nmethod 0x000002413f4eb110
Event: 1971.233 Thread 0x00000241560696b0 flushing  nmethod 0x000002413f4ebd10
Event: 1971.233 Thread 0x00000241560696b0 flushing  nmethod 0x000002413f4ec410
Event: 1971.233 Thread 0x00000241560696b0 flushing  nmethod 0x000002413f4ed190
Event: 1971.233 Thread 0x00000241560696b0 flushing  nmethod 0x000002413f4ee710
Event: 1971.233 Thread 0x00000241560696b0 flushing  nmethod 0x000002413f4eef10

Events (20 events):
Event: 1976.226 Thread 0x000002415e4b2030 Thread exited: 0x000002415e4b2030
Event: 1976.227 Thread 0x000002415d3f0140 Thread added: 0x000002415e4b54b0
Event: 1976.248 Thread 0x000002415e4b54b0 Thread exited: 0x000002415e4b54b0
Event: 1976.254 Thread 0x000002415d3f0140 Thread added: 0x000002415e4b54b0
Event: 1976.262 Thread 0x000002415e4b54b0 Thread exited: 0x000002415e4b54b0
Event: 1976.262 Thread 0x000002415d3f0140 Thread added: 0x000002415e4b54b0
Event: 1976.263 Thread 0x000002415e4b54b0 Thread exited: 0x000002415e4b54b0
Event: 1976.263 Thread 0x000002415d3f0140 Thread added: 0x000002415e4b54b0
Event: 1976.264 Thread 0x000002415e4b54b0 Thread exited: 0x000002415e4b54b0
Event: 1976.264 Thread 0x000002415d3f0140 Thread added: 0x000002415e4b54b0
Event: 1976.270 Thread 0x000002415e4b54b0 Thread exited: 0x000002415e4b54b0
Event: 1976.637 Thread 0x0000024156144240 Thread added: 0x000002415b45b410
Event: 1976.637 Thread 0x0000024156144240 Thread added: 0x000002415beae8b0
Event: 1978.726 Thread 0x000002415beae8b0 Thread exited: 0x000002415beae8b0
Event: 1979.173 Thread 0x000002415b45b410 Thread exited: 0x000002415b45b410
Event: 1980.053 Thread 0x0000024156144240 Thread added: 0x000002415bd76910
Event: 1980.246 Thread 0x0000024156144240 Thread added: 0x00000241651091d0
Event: 1980.246 Thread 0x0000024156144240 Thread added: 0x000002415beae8b0
Event: 1980.246 Thread 0x0000024156144240 Thread added: 0x000002415cc67540
Event: 1980.371 Thread 0x000002415bd76910 Thread exited: 0x000002415bd76910


Dynamic libraries:
0x00007ff796990000 - 0x00007ff79699e000 	D:\STM32Cube\STM32Cube\jre\bin\javaw.exe
0x00007ff974c00000 - 0x00007ff974e69000 	C:\Windows\SYSTEM32\ntdll.dll
0x00007ff9734c0000 - 0x00007ff973589000 	C:\Windows\System32\KERNEL32.DLL
0x00007ff972230000 - 0x00007ff972623000 	C:\Windows\System32\KERNELBASE.dll
0x00007ff96ed20000 - 0x00007ff96edbe000 	C:\Windows\SYSTEM32\apphelp.dll
0x00007ff9727b0000 - 0x00007ff9728fb000 	C:\Windows\System32\ucrtbase.dll
0x00007ff959490000 - 0x00007ff9594a8000 	D:\STM32Cube\STM32Cube\jre\bin\jli.dll
0x00007ff95b770000 - 0x00007ff95b78e000 	D:\STM32Cube\STM32Cube\jre\bin\VCRUNTIME140.dll
0x00007ff972d90000 - 0x00007ff972f54000 	C:\Windows\System32\USER32.dll
0x00007ff952300000 - 0x00007ff952593000 	C:\Windows\WinSxS\amd64_microsoft.windows.common-controls_6595b64144ccf1df_6.0.26100.5074_none_3e0d6f78e32fd63f\COMCTL32.dll
0x00007ff9729a0000 - 0x00007ff9729c7000 	C:\Windows\System32\win32u.dll
0x00007ff974b90000 - 0x00007ff974bbb000 	C:\Windows\System32\GDI32.dll
0x00007ff971ee0000 - 0x00007ff97200d000 	C:\Windows\System32\gdi32full.dll
0x00007ff973170000 - 0x00007ff973219000 	C:\Windows\System32\msvcrt.dll
0x00007ff972180000 - 0x00007ff972223000 	C:\Windows\System32\msvcp_win.dll
0x00007ff972c00000 - 0x00007ff972c2f000 	C:\Windows\System32\IMM32.DLL
0x00007ff96cbf0000 - 0x00007ff96cbfc000 	D:\STM32Cube\STM32Cube\jre\bin\vcruntime140_1.dll
0x00007ff91b300000 - 0x00007ff91b38d000 	D:\STM32Cube\STM32Cube\jre\bin\msvcp140.dll
0x00007ff8533b0000 - 0x00007ff854150000 	D:\STM32Cube\STM32Cube\jre\bin\server\jvm.dll
0x00007ff972ad0000 - 0x00007ff972b84000 	C:\Windows\System32\ADVAPI32.dll
0x00007ff9730c0000 - 0x00007ff973166000 	C:\Windows\System32\sechost.dll
0x00007ff973590000 - 0x00007ff9736a8000 	C:\Windows\System32\RPCRT4.dll
0x00007ff973440000 - 0x00007ff9734b4000 	C:\Windows\System32\WS2_32.dll
0x00007ff971590000 - 0x00007ff9715ee000 	C:\Windows\SYSTEM32\POWRPROF.dll
0x00007ff9630a0000 - 0x00007ff9630d5000 	C:\Windows\SYSTEM32\WINMM.dll
0x00007ff96ad00000 - 0x00007ff96ad0b000 	C:\Windows\SYSTEM32\VERSION.dll
0x00007ff971570000 - 0x00007ff971584000 	C:\Windows\SYSTEM32\UMPDC.dll
0x00007ff970b70000 - 0x00007ff970b8b000 	C:\Windows\SYSTEM32\kernel.appcore.dll
0x00007ff96ca80000 - 0x00007ff96ca8a000 	D:\STM32Cube\STM32Cube\jre\bin\jimage.dll
0x00007ff961bf0000 - 0x00007ff961e32000 	C:\Windows\SYSTEM32\DBGHELP.DLL
0x00007ff974000000 - 0x00007ff97437b000 	C:\Windows\System32\combase.dll
0x00007ff972cb0000 - 0x00007ff972d87000 	C:\Windows\System32\OLEAUT32.dll
0x00007ff94bd60000 - 0x00007ff94bd9d000 	C:\Windows\SYSTEM32\dbgcore.DLL
0x00007ff972900000 - 0x00007ff972999000 	C:\Windows\System32\bcryptPrimitives.dll
0x00007ff958840000 - 0x00007ff958860000 	D:\STM32Cube\STM32Cube\jre\bin\java.dll
0x00007ff974380000 - 0x00007ff974acd000 	C:\Windows\System32\SHELL32.dll
0x00007ff972010000 - 0x00007ff97217c000 	C:\Windows\System32\wintypes.dll
0x00007ff96f9c0000 - 0x00007ff970219000 	C:\Windows\SYSTEM32\windows.storage.dll
0x00007ff9729d0000 - 0x00007ff972ac0000 	C:\Windows\System32\SHCORE.dll
0x00007ff972b90000 - 0x00007ff972bf2000 	C:\Windows\System32\shlwapi.dll
0x00007ff971cb0000 - 0x00007ff971cd9000 	C:\Windows\SYSTEM32\profapi.dll
0x00007ff89b240000 - 0x00007ff89b317000 	D:\STM32Cube\STM32Cube\jre\bin\jsvml.dll
0x00007ff96a710000 - 0x00007ff96a720000 	D:\STM32Cube\STM32Cube\jre\bin\net.dll
0x00007ff96abd0000 - 0x00007ff96acef000 	C:\Windows\SYSTEM32\WINHTTP.dll
0x00007ff9710f0000 - 0x00007ff97115b000 	C:\Windows\system32\mswsock.dll
0x00007ff959420000 - 0x00007ff959436000 	D:\STM32Cube\STM32Cube\jre\bin\nio.dll
0x00007ff958670000 - 0x00007ff958688000 	D:\STM32Cube\STM32Cube\jre\bin\zip.dll
0x00007ff95c7e0000 - 0x00007ff95c7ea000 	D:\STM32Cube\STM32Cube\jre\bin\management.dll
0x00007ff95c2c0000 - 0x00007ff95c2cc000 	D:\STM32Cube\STM32Cube\jre\bin\management_ext.dll
0x00007ff973de0000 - 0x00007ff973de8000 	C:\Windows\System32\PSAPI.DLL
0x00007ff940be0000 - 0x00007ff940bf8000 	C:\Windows\system32\napinsp.dll
0x00007ff9706e0000 - 0x00007ff970806000 	C:\Windows\SYSTEM32\DNSAPI.dll
0x00007ff9706a0000 - 0x00007ff9706d4000 	C:\Windows\SYSTEM32\IPHLPAPI.DLL
0x00007ff974b80000 - 0x00007ff974b8a000 	C:\Windows\System32\NSI.dll
0x00007ff940a10000 - 0x00007ff940a22000 	C:\Windows\System32\winrnr.dll
0x00007ff9409e0000 - 0x00007ff940a08000 	C:\Windows\system32\nlansp_c.dll
0x00007ff96a6b0000 - 0x00007ff96a6c6000 	C:\Windows\system32\wshbth.dll
0x00007ff96a6a0000 - 0x00007ff96a6ab000 	C:\Windows\System32\rasadhlp.dll
0x00007ff96b980000 - 0x00007ff96ba06000 	C:\Windows\System32\fwpuclnt.dll
0x00007ff876850000 - 0x00007ff8769df000 	D:\STM32Cube\STM32Cube\jre\bin\awt.dll
0x00007ff9713a0000 - 0x00007ff9713bb000 	C:\Windows\SYSTEM32\CRYPTSP.dll
0x00007ff970ad0000 - 0x00007ff970b0b000 	C:\Windows\system32\rsaenh.dll
0x00007ff971190000 - 0x00007ff9711bb000 	C:\Windows\SYSTEM32\USERENV.dll
0x00007ff971c80000 - 0x00007ff971ca6000 	C:\Windows\SYSTEM32\bcrypt.dll
0x00007ff971390000 - 0x00007ff97139c000 	C:\Windows\SYSTEM32\CRYPTBASE.dll
0x00007ff96ef60000 - 0x00007ff96f008000 	C:\Windows\system32\uxtheme.dll
0x00007ff972f60000 - 0x00007ff9730b8000 	C:\Windows\System32\MSCTF.dll
0x00007ff973220000 - 0x00007ff9733b8000 	C:\Windows\System32\ole32.dll
0x00007ff96f2e0000 - 0x00007ff96f30b000 	C:\Windows\system32\DWMAPI.DLL
0x00007ff925bc0000 - 0x00007ff925ccc000 	C:\Windows\system32\opengl32.dll
0x00007ff926ca0000 - 0x00007ff926ccd000 	C:\Windows\SYSTEM32\GLU32.dll
0x00007ff96f060000 - 0x00007ff96f0a4000 	C:\Windows\SYSTEM32\dxcore.dll
0x00007ff90f2f0000 - 0x00007ff90f377000 	D:\STM32Cube\STM32Cube\jre\bin\freetype.dll
0x00007ff891f80000 - 0x00007ff892072000 	D:\STM32Cube\STM32Cube\jre\bin\fontmanager.dll
0x00007ff95bde0000 - 0x00007ff95bdf0000 	D:\STM32Cube\STM32Cube\jre\bin\verify.dll
0x00007ff95b7b0000 - 0x00007ff95b7b9000 	D:\STM32Cube\STM32Cube\jre\bin\prefs.dll
0x00007ff8a20f0000 - 0x00007ff8a2131000 	C:\Users\33711\AppData\Local\Temp\jna-48673335\jna1410430577121026631.dll
0x00007ff92ec10000 - 0x00007ff92ed59000 	C:\Windows\SYSTEM32\textinputframework.dll
0x00007ff96e970000 - 0x00007ff96ea95000 	C:\Windows\SYSTEM32\CoreMessaging.dll
0x00007ff96b420000 - 0x00007ff96b703000 	C:\Windows\SYSTEM32\CoreUIComponents.dll
0x00007ff95b720000 - 0x00007ff95b72e000 	D:\STM32Cube\STM32Cube\jre\bin\sunmscapi.dll
0x00007ff972630000 - 0x00007ff9727a7000 	C:\Windows\System32\CRYPT32.dll
0x00007ff9716d0000 - 0x00007ff971700000 	C:\Windows\SYSTEM32\ncrypt.dll
0x00007ff971680000 - 0x00007ff9716bf000 	C:\Windows\SYSTEM32\NTASN1.dll
0x00007ff971400000 - 0x00007ff971413000 	C:\Windows\SYSTEM32\MSASN1.dll
0x00007ff971160000 - 0x00007ff971187000 	C:\Windows\SYSTEM32\gpapi.dll
0x00007ff95b630000 - 0x00007ff95b639000 	D:\STM32Cube\STM32Cube\jre\bin\extnet.dll
0x00007ff93e230000 - 0x00007ff93e25f000 	D:\STM32Cube\STM32Cube\jre\bin\javajpeg.dll
0x00007ff973d20000 - 0x00007ff973dd1000 	C:\Windows\System32\clbcatq.dll
0x00007ff96d110000 - 0x00007ff96d33f000 	C:\Windows\SYSTEM32\WindowsCodecs.dll
0x00007ff93ed10000 - 0x00007ff93ed6a000 	C:\Windows\system32\dataexchange.dll
0x00007ff962dc0000 - 0x00007ff962ff9000 	C:\Windows\system32\twinapi.appcore.dll
0x00007ff8912a0000 - 0x00007ff8913c6000 	C:\Users\33711\.stm32cubemx\.jxbrowser-8.15.0\Chromium\toolkit64.dll
0x00007ff87f100000 - 0x00007ff87f21e000 	C:\Users\33711\.stm32cubemx\.jxbrowser-8.15.0\Chromium\ipc64.dll
0x00007ff922090000 - 0x00007ff92218a000 	C:\Users\33711\AppData\Local\Temp\sqlite-3.49.1.0-8d2026bb-8ac8-4ec2-a662-a5eacb9e5861-sqlitejdbc.dll

JVMTI agents: none

dbghelp: loaded successfully - version: 4.0.5 - missing functions: none
symbol engine: initialized successfully - sym options: 0x614 - pdb path: .;D:\STM32Cube\STM32Cube\jre\bin;C:\Windows\SYSTEM32;C:\Windows\WinSxS\amd64_microsoft.windows.common-controls_6595b64144ccf1df_6.0.26100.5074_none_3e0d6f78e32fd63f;D:\STM32Cube\STM32Cube\jre\bin\server;C:\Users\33711\AppData\Local\Temp\jna-48673335;C:\Users\33711\.stm32cubemx\.jxbrowser-8.15.0\Chromium;C:\Users\33711\AppData\Local\Temp

VM Arguments:
jvm_args: -Djavax.net.ssl.trustStoreType=WINDOWS-ROOT -Dsun.java2d.d3d=false --add-exports=java.desktop/sun.awt=ALL-UNNAMED --add-opens=java.desktop/java.awt=ALL-UNNAMED -Dfile.encoding=UTF8 
java_command: com.st.microxplorer.maingui.STM32CubeMX D:\STM32Cube  project\robot\robot.ioc
java_class_path (initial): D:\STM32Cube\STM32Cube\STM32CubeMX.exe;anything
Launcher Type: SUN_STANDARD

[Global flags]
     intx CICompilerCount                          = 12                                        {product} {ergonomic}
     uint ConcGCThreads                            = 3                                         {product} {ergonomic}
     uint G1ConcRefinementThreads                  = 13                                        {product} {ergonomic}
   size_t G1HeapRegionSize                         = 2097152                                   {product} {ergonomic}
    uintx GCDrainStackTargetSize                   = 64                                        {product} {ergonomic}
   size_t InitialHeapSize                          = 257949696                                 {product} {ergonomic}
   size_t MarkStackSize                            = 4194304                                   {product} {ergonomic}
   size_t MaxHeapSize                              = 4097835008                                {product} {ergonomic}
   size_t MaxNewSize                               = 2457862144                                {product} {ergonomic}
   size_t MinHeapDeltaBytes                        = 2097152                                   {product} {ergonomic}
   size_t MinHeapSize                              = 8388608                                   {product} {ergonomic}
    uintx NonNMethodCodeHeapSize                   = 7602480                                {pd product} {ergonomic}
    uintx NonProfiledCodeHeapSize                  = 122027880                              {pd product} {ergonomic}
    uintx ProfiledCodeHeapSize                     = 122027880                              {pd product} {ergonomic}
    uintx ReservedCodeCacheSize                    = 251658240                              {pd product} {ergonomic}
     bool SegmentedCodeCache                       = true                                      {product} {ergonomic}
   size_t SoftMaxHeapSize                          = 4097835008                             {manageable} {ergonomic}
     bool UseCompressedOops                        = true                           {product lp64_product} {ergonomic}
     bool UseG1GC                                  = true                                      {product} {ergonomic}
     bool UseLargePagesIndividualAllocation        = false                                  {pd product} {ergonomic}

Logging:
Log output configuration:
 #0: stdout all=warning uptime,level,tags foldmultilines=false
 #1: stderr all=off uptime,level,tags foldmultilines=false

Release file:
JAVA_VERSION="21.0.9" 
MODULES="java.base java.compiler java.datatransfer java.xml java.prefs java.desktop java.instrument java.logging java.management java.security.sasl java.naming java.rmi java.management.rmi java.net.http java.scripting java.security.jgss java.transaction.xa java.sql java.sql.rowset java.xml.crypto java.se java.smartcardio jdk.jfr javafx.base jdk.unsupported javafx.graphics javafx.controls javafx.fxml javafx.media jdk.unsupported.desktop javafx.swing jdk.jsobject jdk.xml.dom javafx.web jdk.accessibility jdk.internal.jvmstat jdk.attach jdk.charsets jdk.internal.opt jdk.zipfs jdk.compiler jdk.crypto.ec jdk.crypto.cryptoki jdk.crypto.mscapi jdk.dynalink jdk.internal.ed jdk.editpad jdk.httpserver jdk.incubator.vector jdk.internal.le jdk.internal.vm.ci jdk.internal.vm.compiler jdk.internal.vm.compiler.management jdk.jartool jdk.javadoc jdk.jdeps jdk.jdwp.agent jdk.jdi jdk.jlink jdk.jpackage jdk.jshell jdk.jstatd jdk.localedata jdk.management jdk.management.agent jdk.management.jfr jdk.naming.dns jdk.naming.rmi jdk.net jdk.nio.mapmode jdk.random jdk.sctp jdk.security.auth jdk.security.jgss" 

Environment Variables:
PATH=D:\STM32Cube\STM32Cube\;D:\Xshell 6\;D:\VMware\bin\;C:\Program Files (x86)\Common Files\Oracle\Java\java8path;C:\Program Files (x86)\Common Files\Oracle\Java\javapath;D:\JDK\bin;C:\Windows\system32;C:\Windows;C:\Windows\System32\Wbem;C:\Windows\System32\WindowsPowerShell\v1.0\;C:\Windows\System32\OpenSSH\;C:\Program Files (x86)\NVIDIA Corporation\PhysX\Common;C:\Program Files\NVIDIA Corporation\NVIDIA App\NvDLISR;C:\Program Files\dotnet\;D:\MY SQL installer\bin;D:\opencv\OpenCV-MinGW-Build-OpenCV-4.5.5-x64\x64\mingw\bin;D:\node\;D:\Cursor\cursor\resources\app\bin;D:\Xshell 8\Xshell 8\;D:\Xftp 8\Xftp 8\;C:\Program Files (x86)\STMicroelectronics\STM32 ST-LINK Utility\ST-LINK Utility;C:\Program Files (x86)\Tencent\峚陓web羲楷氪馱撿\dll;\Users;33711\.local\bin;D:\mosquitto-2.0.15-install\mosquitto;C:\Program Files\mosquitto;D:\Git\cmd;C:\Users\33711\.local\bin;C:\Users\33711\AppData\Local\Programs\Python\Python312\Scripts\;C:\Users\33711\AppData\Local\Programs\Python\Python312\;C:\Users\33711\AppData\Local\Programs\Python\Launcher\;C:\Users\33711\AppData\Local\Microsoft\WindowsApps;D:\VS\Microsoft VS Code\bin;D:\QT\Tools\mingw1120_64\bin;D:\java\IntelliJ IDEA Community Edition 2025.2.4\bin;C:\Users\33711\AppData\Roaming\npm;D:\IDEA\IntelliJ IDEA 2024.1\bin;;D:\Lingma\Lingma\bin;D:\STM32Cube\STM32Cube\.\jre\\bin
USERNAME=33711
OS=Windows_NT
PROCESSOR_IDENTIFIER=AMD64 Family 25 Model 117 Stepping 2, AuthenticAMD
TMP=C:\Users\33711\AppData\Local\Temp
TEMP=C:\Users\33711\AppData\Local\Temp




Periodic native trim disabled

---------------  S Y S T E M  ---------------

OS:
 Windows 11 , 64 bit Build 26100 (10.0.26100.5074)
OS uptime: 1 days 3:06 hours
Hyper-V role detected

CPU: total 16 (initial active 16) (16 cores per cpu, 2 threads per core) family 25 model 117 stepping 2 microcode 0xa70520a, cx8, cmov, fxsr, ht, mmx, 3dnowpref, sse, sse2, sse3, ssse3, sse4a, sse4.1, sse4.2, popcnt, lzcnt, tsc, tscinvbit, avx, avx2, aes, erms, clmul, bmi1, bmi2, adx, avx512f, avx512dq, avx512cd, avx512bw, avx512vl, sha, fma, vzeroupper, avx512_vpopcntdq, avx512_vpclmulqdq, avx512_vaes, avx512_vnni, clflush, clflushopt, avx512_vbmi2, avx512_vbmi, hv, rdtscp, rdpid, fsrm, gfni, avx512_bitalg, f16c, cet_ss, avx512_ifma
Processor Information for the first 16 processors :
  Max Mhz: 3801, Current Mhz: 3801, Mhz Limit: 3801

Memory: 4k page, system-wide physical 15629M (590M free)
TotalPageFile size 40827M (AvailPageFile size 75M)
current process WorkingSet (physical memory assigned to process): 348M, peak: 397M
current process commit charge ("private bytes"): 543M, peak: 545M

vm_info: OpenJDK 64-Bit Server VM (21.0.9+10-LTS) for windows-amd64 JRE (21.0.9+10-LTS), built on 2025-10-21T00:00:00Z by "admin" with unknown MS VC++:1942

END.
