#
# There is insufficient memory for the Java Runtime Environment to continue.
# Native memory allocation (malloc) failed to allocate 1863216 bytes. Error detail: Chunk::new
# Possible reasons:
#   The system is out of physical RAM or swap space
#   This process is running with CompressedOops enabled, and the Java Heap may be blocking the growth of the native heap
# Possible solutions:
#   Reduce memory load on the system
#   Increase physical memory or swap space
#   Check if swap backing store is full
#   Decrease Java heap size (-Xmx/-Xms)
#   Decrease number of Java threads
#   Decrease Java thread stack sizes (-Xss)
#   Set larger code cache with -XX:ReservedCodeCacheSize=
#   JVM is running with Zero Based Compressed Oops mode in which the Java heap is
#     placed in the first 32GB address space. The Java Heap base address is the
#     maximum limit for the native heap growth. Please use -XX:HeapBaseMinAddress
#     to set the Java Heap base and to place the Java Heap above 32GB virtual address.
# This output file may be truncated or incomplete.
#
#  Out of Memory Error (arena.cpp:168), pid=36400, tid=35364
#
# JRE version: OpenJDK Runtime Environment Temurin-21.0.9+10 (21.0.9+10) (build 21.0.9+10-LTS)
# Java VM: OpenJDK 64-Bit Server VM Temurin-21.0.9+10 (21.0.9+10-LTS, mixed mode, tiered, compressed oops, compressed class ptrs, g1 gc, windows-amd64)
# No core dump will be written. Minidumps are not enabled by default on client versions of Windows
#

---------------  S U M M A R Y ------------

Command Line: -Djavax.net.ssl.trustStoreType=WINDOWS-ROOT -Dsun.java2d.d3d=false --add-exports=java.desktop/sun.awt=ALL-UNNAMED --add-opens=java.desktop/java.awt=ALL-UNNAMED -Dfile.encoding=UTF8 com.st.microxplorer.maingui.STM32CubeMX D:\STM32Cube  project\robot\robot.ioc

Host: AMD Ryzen 7 H 260 w/ Radeon 780M Graphics       , 16 cores, 15G,  Windows 11 , 64 bit Build 26100 (10.0.26100.5074)
Time: Sat Jun 13 17:32:34 2026 elapsed time: 1978.276003 seconds (0d 0h 32m 58s)

---------------  T H R E A D  ---------------

Current thread (0x00000135620c0530):  JavaThread "C2 CompilerThread0" daemon [_thread_in_native, id=35364, stack(0x000000257fe00000,0x000000257ff00000) (1024K)]


Current CompileTask:
C2:1978276 9951 %     4       com.st.microxplorer.mcu.IP::completeIPConfiguration @ 631 (1339 bytes)

Stack: [0x000000257fe00000,0x000000257ff00000]
Native frames: (J=compiled Java code, j=interpreted, Vv=VM code, C=native code)
V  [jvm.dll+0x6d6e29]
V  [jvm.dll+0x8b4b76]
V  [jvm.dll+0x8b712e]
V  [jvm.dll+0x8b7813]
V  [jvm.dll+0x283d86]
V  [jvm.dll+0xc66ed]
V  [jvm.dll+0xc6c31]
V  [jvm.dll+0x3be501]
V  [jvm.dll+0x1e3b52]
V  [jvm.dll+0x24c0f3]
V  [jvm.dll+0x24b580]
V  [jvm.dll+0x1cb13e]
V  [jvm.dll+0x25b29d]
V  [jvm.dll+0x25982a]
V  [jvm.dll+0x3f7ea6]
V  [jvm.dll+0x85e9ad]
V  [jvm.dll+0x6d565d]
C  [ucrtbase.dll+0x37b0]
C  [KERNEL32.DLL+0x2e8d7]
C  [ntdll.dll+0x8d9c]


---------------  P R O C E S S  ---------------

Threads class SMR info:
_java_thread_list=0x00000135655b0b00, length=77, elements={
0x0000013562061c20, 0x000001356207de90, 0x00000135620bcd50, 0x00000135620bd7a0,
0x00000135620be1f0, 0x00000135620bec40, 0x00000135620c0530, 0x00000135620b3d80,
0x00000135623052c0, 0x0000013562309b00, 0x000001356307c950, 0x00000135630886d0,
0x00000135632bd010, 0x000001356269c040, 0x000001353b42bcc0, 0x0000013564557260,
0x0000013564556540, 0x0000013564cfeec0, 0x0000013564cffbe0, 0x0000013564d00f90,
0x0000013564cfe1a0, 0x0000013564d01620, 0x0000013564cfe830, 0x0000013564556bd0,
0x0000013564557f80, 0x000001356dce7940, 0x000001356dce6c20, 0x000001356dce8660,
0x000001356dce72b0, 0x000001356dce5f00, 0x000001356dce7fd0, 0x000001356dce5870,
0x000001356dce9380, 0x000001356dce9a10, 0x000001356dce8cf0, 0x000001356dce6590,
0x000001356dcea0a0, 0x000001356dceadc0, 0x000001356dcec800, 0x000001356dcebae0,
0x000001356dcece90, 0x000001356dcea730, 0x0000013566ea5230, 0x0000013566ea6c70,
0x0000013566ea37f0, 0x0000013566ea3e80, 0x0000013566ea58c0, 0x0000013566ea5f50,
0x0000013566ea4ba0, 0x0000013566ea4510, 0x0000013564d00270, 0x0000013564d00900,
0x0000013564558ca0, 0x00000135645599c0, 0x000001356dceb450, 0x0000013564cff550,
0x0000013566ea65e0, 0x000001356d9cbcd0, 0x000001356d9cd080, 0x000001356d9cc360,
0x000001356d9cc9f0, 0x000001356d9cdda0, 0x000001356d9ce430, 0x000001356d9cb640,
0x000001356d9cafb0, 0x000001356d9cd710, 0x0000013565e516d0, 0x0000013565e53e30,
0x0000013565e51040, 0x0000013565e51d60, 0x0000013565e55870, 0x0000013565e537a0,
0x0000013565e544c0, 0x0000013562c36d30, 0x0000013563552a60, 0x00000135629e92e0,
0x000001356deb1420
}

Java Threads: ( => current thread )
  0x0000013562061c20 JavaThread "Reference Handler"          daemon [_thread_blocked, id=34912, stack(0x000000257f800000,0x000000257f900000) (1024K)]
  0x000001356207de90 JavaThread "Finalizer"                  daemon [_thread_blocked, id=22664, stack(0x000000257f900000,0x000000257fa00000) (1024K)]
  0x00000135620bcd50 JavaThread "Signal Dispatcher"          daemon [_thread_blocked, id=7212, stack(0x000000257fa00000,0x000000257fb00000) (1024K)]
  0x00000135620bd7a0 JavaThread "Attach Listener"            daemon [_thread_blocked, id=29180, stack(0x000000257fb00000,0x000000257fc00000) (1024K)]
  0x00000135620be1f0 JavaThread "Service Thread"             daemon [_thread_blocked, id=15820, stack(0x000000257fc00000,0x000000257fd00000) (1024K)]
  0x00000135620bec40 JavaThread "Monitor Deflation Thread"   daemon [_thread_blocked, id=9200, stack(0x000000257fd00000,0x000000257fe00000) (1024K)]
=>0x00000135620c0530 JavaThread "C2 CompilerThread0"         daemon [_thread_in_native, id=35364, stack(0x000000257fe00000,0x000000257ff00000) (1024K)]
  0x00000135620b3d80 JavaThread "C1 CompilerThread0"         daemon [_thread_blocked, id=18436, stack(0x000000257ff00000,0x0000002580000000) (1024K)]
  0x00000135623052c0 JavaThread "Notification Thread"        daemon [_thread_blocked, id=32164, stack(0x0000002500100000,0x0000002500200000) (1024K)]
  0x0000013562309b00 JavaThread "Common-Cleaner"             daemon [_thread_blocked, id=28100, stack(0x0000002500200000,0x0000002500300000) (1024K)]
  0x000001356307c950 JavaThread "Java2D Disposer"            daemon [_thread_blocked, id=36300, stack(0x0000002501100000,0x0000002501200000) (1024K)]
  0x00000135630886d0 JavaThread "AWT-Windows"                daemon [_thread_in_native, id=11616, stack(0x0000002501500000,0x0000002501600000) (1024K)]
  0x00000135632bd010 JavaThread "AWT-Shutdown"                      [_thread_blocked, id=31028, stack(0x0000002501200000,0x0000002501300000) (1024K)]
  0x000001356269c040 JavaThread "AWT-EventQueue-0"                  [_thread_blocked, id=856, stack(0x0000002501300000,0x0000002501400000) (1024K)]
  0x000001353b42bcc0 JavaThread "DestroyJavaVM"                     [_thread_blocked, id=22580, stack(0x000000257f000000,0x000000257f100000) (1024K)]
  0x0000013564557260 JavaThread "TimerQueue"                 daemon [_thread_blocked, id=34080, stack(0x0000002500000000,0x0000002500100000) (1024K)]
  0x0000013564556540 JavaThread "IPC Server Thread"          daemon [_thread_in_native, id=43180, stack(0x0000002501900000,0x0000002501a00000) (1024K)]
  0x0000013564cfeec0 JavaThread "Chromium Process Thread"           [_thread_in_native, id=45316, stack(0x0000002502600000,0x0000002502700000) (1024K)]
  0x0000013564cffbe0 JavaThread "Chromium Process Logger"    daemon [_thread_in_native, id=45612, stack(0x0000002502700000,0x0000002502800000) (1024K)]
  0x0000013564d00f90 JavaThread "IPC Memory Reader Thread"          [_thread_in_native, id=23480, stack(0x0000002502a00000,0x0000002502b00000) (1024K)]
  0x0000013564cfe1a0 JavaThread "Browser Thread: f60439a8-92c9-4b3f-9877-8d447667da73" daemon [_thread_blocked, id=46616, stack(0x0000002502b00000,0x0000002502c00000) (1024K)]
  0x0000013564d01620 JavaThread "Socket Connection Checker: f60439a8-92c9-4b3f-9877-8d447667da73"        [_thread_in_native, id=46600, stack(0x0000002502c00000,0x0000002502d00000) (1024K)]
  0x0000013564cfe830 JavaThread "Network Thread: 3bd0e46b-d36c-404d-aaaf-45eb838ee4fc" daemon [_thread_blocked, id=26948, stack(0x0000002503100000,0x0000002503200000) (1024K)]
  0x0000013564556bd0 JavaThread "IPC Memory Reader Thread"          [_thread_in_native, id=44188, stack(0x0000002503000000,0x0000002503100000) (1024K)]
  0x0000013564557f80 JavaThread "Socket Connection Checker: 3bd0e46b-d36c-404d-aaaf-45eb838ee4fc"        [_thread_in_native, id=43408, stack(0x0000002503200000,0x0000002503300000) (1024K)]
  0x000001356dce7940 JavaThread "GPU Thread: 249cb068-743f-4d07-ac01-a1a6a8a892d9" daemon [_thread_blocked, id=4612, stack(0x0000002503500000,0x0000002503600000) (1024K)]
  0x000001356dce6c20 JavaThread "Socket Connection Checker: 249cb068-743f-4d07-ac01-a1a6a8a892d9"        [_thread_in_native, id=43608, stack(0x0000002503600000,0x0000002503700000) (1024K)]
  0x000001356dce8660 JavaThread "IPC Memory Reader Thread"          [_thread_in_native, id=17572, stack(0x0000002503400000,0x0000002503500000) (1024K)]
  0x000001356dce72b0 JavaThread "SwingWorker-pool-3-thread-1" daemon [_thread_in_Java, id=44136, stack(0x0000002503700000,0x0000002503800000) (1024K)]
  0x000001356dce5f00 JavaThread "Thread-19"                  daemon [_thread_blocked, id=10476, stack(0x0000002501b00000,0x0000002501c00000) (1024K)]
  0x000001356dce7fd0 JavaThread "Thread-62"                  daemon [_thread_blocked, id=50168, stack(0x0000002501a00000,0x0000002501b00000) (1024K)]
  0x000001356dce5870 JavaThread "Render Thread: 3cfbcb4e-3fb1-4ffc-bdda-a08eaa0055cc" daemon [_thread_blocked, id=51680, stack(0x0000002502500000,0x0000002502600000) (1024K)]
  0x000001356dce9380 JavaThread "IPC Memory Reader Thread"          [_thread_in_native, id=51676, stack(0x0000002502400000,0x0000002502500000) (1024K)]
  0x000001356dce9a10 JavaThread "Socket Connection Checker: 3cfbcb4e-3fb1-4ffc-bdda-a08eaa0055cc"        [_thread_in_native, id=52064, stack(0x0000002502800000,0x0000002502900000) (1024K)]
  0x000001356dce8cf0 JavaThread "Thread-82"                  daemon [_thread_blocked, id=52340, stack(0x0000002500500000,0x0000002500600000) (1024K)]
  0x000001356dce6590 JavaThread "Thread-91"                  daemon [_thread_blocked, id=52840, stack(0x0000002502d00000,0x0000002502e00000) (1024K)]
  0x000001356dcea0a0 JavaThread "Thread-96"                  daemon [_thread_blocked, id=52188, stack(0x0000002502e00000,0x0000002502f00000) (1024K)]
  0x000001356dceadc0 JavaThread "Thread-125"                 daemon [_thread_blocked, id=53240, stack(0x0000002503c00000,0x0000002503d00000) (1024K)]
  0x000001356dcec800 JavaThread "Thread-171"                 daemon [_thread_blocked, id=53572, stack(0x0000002501400000,0x0000002501500000) (1024K)]
  0x000001356dcebae0 JavaThread "Thread-195"                 daemon [_thread_blocked, id=54368, stack(0x0000002502f00000,0x0000002503000000) (1024K)]
  0x000001356dcece90 JavaThread "Thread-206"                 daemon [_thread_blocked, id=55260, stack(0x0000002503b00000,0x0000002503c00000) (1024K)]
  0x000001356dcea730 JavaThread "Thread-213"                 daemon [_thread_blocked, id=54616, stack(0x0000002503a00000,0x0000002503b00000) (1024K)]
  0x0000013566ea5230 JavaThread "Thread-412"                 daemon [_thread_blocked, id=56868, stack(0x0000002503d00000,0x0000002503e00000) (1024K)]
  0x0000013566ea6c70 JavaThread "Thread-420"                 daemon [_thread_blocked, id=56568, stack(0x0000002503900000,0x0000002503a00000) (1024K)]
  0x0000013566ea37f0 JavaThread "Thread-467"                 daemon [_thread_blocked, id=56688, stack(0x0000002503e00000,0x0000002503f00000) (1024K)]
  0x0000013566ea3e80 JavaThread "Thread-483"                 daemon [_thread_blocked, id=56820, stack(0x0000002503f00000,0x0000002504000000) (1024K)]
  0x0000013566ea58c0 JavaThread "Thread-516"                 daemon [_thread_blocked, id=45960, stack(0x0000002504000000,0x0000002504100000) (1024K)]
  0x0000013566ea5f50 JavaThread "Thread-564"                 daemon [_thread_blocked, id=57312, stack(0x0000002504100000,0x0000002504200000) (1024K)]
  0x0000013566ea4ba0 JavaThread "Thread-587"                 daemon [_thread_blocked, id=57036, stack(0x0000002504200000,0x0000002504300000) (1024K)]
  0x0000013566ea4510 JavaThread "Thread-596"                 daemon [_thread_blocked, id=56748, stack(0x0000002504300000,0x0000002504400000) (1024K)]
  0x0000013564d00270 JavaThread "Thread-617"                 daemon [_thread_blocked, id=56356, stack(0x0000002504400000,0x0000002504500000) (1024K)]
  0x0000013564d00900 JavaThread "Thread-659"                 daemon [_thread_blocked, id=57204, stack(0x0000002503800000,0x0000002503900000) (1024K)]
  0x0000013564558ca0 JavaThread "Thread-670"                 daemon [_thread_blocked, id=56680, stack(0x0000002504600000,0x0000002504700000) (1024K)]
  0x00000135645599c0 JavaThread "Thread-712"                 daemon [_thread_blocked, id=54868, stack(0x0000002504900000,0x0000002504a00000) (1024K)]
  0x000001356dceb450 JavaThread "Thread-736"                 daemon [_thread_blocked, id=54584, stack(0x0000002504b00000,0x0000002504c00000) (1024K)]
  0x0000013564cff550 JavaThread "Thread-744"                 daemon [_thread_blocked, id=37880, stack(0x0000002504a00000,0x0000002504b00000) (1024K)]
  0x0000013566ea65e0 JavaThread "Thread-752"                 daemon [_thread_blocked, id=57636, stack(0x0000002504c00000,0x0000002504d00000) (1024K)]
  0x000001356d9cbcd0 JavaThread "Thread-760"                 daemon [_thread_blocked, id=58164, stack(0x0000002504e00000,0x0000002504f00000) (1024K)]
  0x000001356d9cd080 JavaThread "Thread-768"                 daemon [_thread_blocked, id=57452, stack(0x0000002504f00000,0x0000002505000000) (1024K)]
  0x000001356d9cc360 JavaThread "Thread-781"                 daemon [_thread_blocked, id=58300, stack(0x0000002504d00000,0x0000002504e00000) (1024K)]
  0x000001356d9cc9f0 JavaThread "Thread-783"                 daemon [_thread_blocked, id=56876, stack(0x0000002505100000,0x0000002505200000) (1024K)]
  0x000001356d9cdda0 JavaThread "Thread-791"                 daemon [_thread_blocked, id=57372, stack(0x0000002505000000,0x0000002505100000) (1024K)]
  0x000001356d9ce430 JavaThread "Thread-793"                 daemon [_thread_blocked, id=57596, stack(0x0000002505200000,0x0000002505300000) (1024K)]
  0x000001356d9cb640 JavaThread "Thread-821"                 daemon [_thread_blocked, id=57764, stack(0x0000002505300000,0x0000002505400000) (1024K)]
  0x000001356d9cafb0 JavaThread "Thread-824"                 daemon [_thread_blocked, id=57584, stack(0x0000002505400000,0x0000002505500000) (1024K)]
  0x000001356d9cd710 JavaThread "Thread-829"                 daemon [_thread_blocked, id=58260, stack(0x0000002505500000,0x0000002505600000) (1024K)]
  0x0000013565e516d0 JavaThread "Thread-834"                 daemon [_thread_blocked, id=58336, stack(0x0000002505600000,0x0000002505700000) (1024K)]
  0x0000013565e53e30 JavaThread "Thread-842"                 daemon [_thread_blocked, id=57468, stack(0x0000002505700000,0x0000002505800000) (1024K)]
  0x0000013565e51040 JavaThread "Thread-854"                 daemon [_thread_blocked, id=55624, stack(0x0000002504700000,0x0000002504800000) (1024K)]
  0x0000013565e51d60 JavaThread "Thread-858"                 daemon [_thread_blocked, id=57868, stack(0x0000002504800000,0x0000002504900000) (1024K)]
  0x0000013565e55870 JavaThread "Thread-900"                 daemon [_thread_blocked, id=59084, stack(0x0000002505900000,0x0000002505a00000) (1024K)]
  0x0000013565e537a0 JavaThread "Thread-910"                 daemon [_thread_blocked, id=59380, stack(0x0000002504500000,0x0000002504600000) (1024K)]
  0x0000013565e544c0 JavaThread "Thread-928"                 daemon [_thread_blocked, id=59292, stack(0x0000002505800000,0x0000002505900000) (1024K)]
  0x0000013562c36d30 JavaThread "C2 CompilerThread1"         daemon [_thread_blocked, id=37160, stack(0x0000002505a00000,0x0000002505b00000) (1024K)]
  0x0000013563552a60 JavaThread "C2 CompilerThread2"         daemon [_thread_blocked, id=3980, stack(0x0000002505b00000,0x0000002505c00000) (1024K)]
  0x00000135629e92e0 JavaThread "C1 CompilerThread1"         daemon [_thread_blocked, id=22264, stack(0x0000002505c00000,0x0000002505d00000) (1024K)]
  0x000001356deb1420 JavaThread "C1 CompilerThread2"         daemon [_thread_blocked, id=60632, stack(0x0000002505d00000,0x0000002505e00000) (1024K)]
Total: 77

Other Threads:
  0x000001355df9df00 VMThread "VM Thread"                           [id=38804, stack(0x000000257f700000,0x000000257f800000) (1024K)]
  0x000001355df3fdf0 WatcherThread "VM Periodic Task Thread"        [id=39232, stack(0x000000257f600000,0x000000257f700000) (1024K)]
  0x000001353d868e80 WorkerThread "GC Thread#0"                     [id=32476, stack(0x000000257f100000,0x000000257f200000) (1024K)]
  0x0000013562e90070 WorkerThread "GC Thread#1"                     [id=37904, stack(0x0000002500800000,0x0000002500900000) (1024K)]
  0x0000013562e90410 WorkerThread "GC Thread#2"                     [id=24096, stack(0x0000002500900000,0x0000002500a00000) (1024K)]
  0x0000013562e907b0 WorkerThread "GC Thread#3"                     [id=2504, stack(0x0000002500a00000,0x0000002500b00000) (1024K)]
  0x0000013562e90b50 WorkerThread "GC Thread#4"                     [id=6000, stack(0x0000002500b00000,0x0000002500c00000) (1024K)]
  0x0000013562ec0ff0 WorkerThread "GC Thread#5"                     [id=22936, stack(0x0000002500c00000,0x0000002500d00000) (1024K)]
  0x0000013562ebd370 WorkerThread "GC Thread#6"                     [id=28872, stack(0x0000002500d00000,0x0000002500e00000) (1024K)]
  0x00000135628b40c0 WorkerThread "GC Thread#7"                     [id=28052, stack(0x0000002500e00000,0x0000002500f00000) (1024K)]
  0x000001356302b4b0 WorkerThread "GC Thread#8"                     [id=26080, stack(0x0000002500300000,0x0000002500400000) (1024K)]
  0x000001356302c330 WorkerThread "GC Thread#9"                     [id=28364, stack(0x0000002500600000,0x0000002500700000) (1024K)]
  0x000001356302a9d0 WorkerThread "GC Thread#10"                    [id=35716, stack(0x0000002500700000,0x0000002500800000) (1024K)]
  0x000001356302b850 WorkerThread "GC Thread#11"                    [id=42216, stack(0x0000002501700000,0x0000002501800000) (1024K)]
  0x000001356302bbf0 WorkerThread "GC Thread#12"                    [id=42212, stack(0x0000002501800000,0x0000002501900000) (1024K)]
  0x000001353d87d1d0 ConcurrentGCThread "G1 Main Marker"            [id=29340, stack(0x000000257f200000,0x000000257f300000) (1024K)]
  0x000001353d87dbd0 WorkerThread "G1 Conc#0"                       [id=14388, stack(0x000000257f300000,0x000000257f400000) (1024K)]
  0x000001356302ad70 WorkerThread "G1 Conc#1"                       [id=24064, stack(0x0000002500f00000,0x0000002501000000) (1024K)]
  0x000001356302b110 WorkerThread "G1 Conc#2"                       [id=37800, stack(0x0000002501000000,0x0000002501100000) (1024K)]
  0x000001355de10250 ConcurrentGCThread "G1 Refine#0"               [id=35252, stack(0x000000257f400000,0x000000257f500000) (1024K)]
  0x000001355de10cc0 ConcurrentGCThread "G1 Service"                [id=34064, stack(0x000000257f500000,0x000000257f600000) (1024K)]
Total: 21

Threads with active compile tasks:
C2 CompilerThread0  1978403 9951 %     4       com.st.microxplorer.mcu.IP::completeIPConfiguration @ 631 (1339 bytes)
Total: 1

VM state: not at safepoint (normal execution)

VM Mutex/Monitor currently owned by a thread: None

Heap address: 0x000000070bc00000, size: 3908 MB, Compressed Oops mode: Zero based, Oop shift amount: 3

CDS archive(s) not mapped
Compressed class space mapped at: 0x0000000800000000-0x0000000840000000, reserved size: 1073741824
Narrow klass base: 0x0000000800000000, Narrow klass shift: 0, Narrow klass range: 0x40000000

GC Precious Log:
 CardTable entry size: 512
 Card Set container configuration: InlinePtr #cards 4 size 8 Array Of Cards #cards 16 size 48 Howl #buckets 8 coarsen threshold 3686 Howl Bitmap #cards 512 size 80 coarsen threshold 460 Card regions per heap region 1 cards per card region 4096
 CPUs: 16 total, 16 available
 Memory: 15629M
 Large Page Support: Disabled
 NUMA Support: Disabled
 Compressed Oops: Enabled (Zero based)
 Heap Region Size: 2M
 Heap Min Capacity: 8M
 Heap Initial Capacity: 246M
 Heap Max Capacity: 3908M
 Pre-touch: Disabled
 Parallel Workers: 13
 Concurrent Workers: 3
 Concurrent Refinement Workers: 13
 Periodic GC: Disabled

Heap:
 garbage-first heap   total 278528K, used 214304K [0x000000070bc00000, 0x0000000800000000)
  region size 2048K, 54 young (110592K), 4 survivors (8192K)
 Metaspace       used 89329K, committed 90368K, reserved 1179648K
  class space    used 9956K, committed 10432K, reserved 1048576K

Heap Regions: E=young(eden), S=young(survivor), O=old, HS=humongous(starts), HC=humongous(continues), CS=collection set, F=free, TAMS=top-at-mark-start, PB=parsable bottom
|   0|0x000000070bc00000, 0x000000070be00000, 0x000000070be00000|100%|HS|  |TAMS 0x000000070bc00000| PB 0x000000070bc00000| Complete 
|   1|0x000000070be00000, 0x000000070c000000, 0x000000070c000000|100%|HC|  |TAMS 0x000000070be00000| PB 0x000000070be00000| Complete 
|   2|0x000000070c000000, 0x000000070c200000, 0x000000070c200000|100%|HC|  |TAMS 0x000000070c000000| PB 0x000000070c000000| Complete 
|   3|0x000000070c200000, 0x000000070c400000, 0x000000070c400000|100%|HC|  |TAMS 0x000000070c200000| PB 0x000000070c200000| Complete 
|   4|0x000000070c400000, 0x000000070c600000, 0x000000070c600000|100%| O|  |TAMS 0x000000070c400000| PB 0x000000070c400000| Untracked 
|   5|0x000000070c600000, 0x000000070c800000, 0x000000070c800000|100%| O|  |TAMS 0x000000070c600000| PB 0x000000070c600000| Untracked 
|   6|0x000000070c800000, 0x000000070ca00000, 0x000000070ca00000|100%| O|  |TAMS 0x000000070c800000| PB 0x000000070c800000| Untracked 
|   7|0x000000070ca00000, 0x000000070cc00000, 0x000000070cc00000|100%| O|  |TAMS 0x000000070ca00000| PB 0x000000070ca00000| Untracked 
|   8|0x000000070cc00000, 0x000000070ce00000, 0x000000070ce00000|100%| O|  |TAMS 0x000000070cc00000| PB 0x000000070cc00000| Untracked 
|   9|0x000000070ce00000, 0x000000070d000000, 0x000000070d000000|100%| O|  |TAMS 0x000000070ce00000| PB 0x000000070ce00000| Untracked 
|  10|0x000000070d000000, 0x000000070d200000, 0x000000070d200000|100%| O|  |TAMS 0x000000070d000000| PB 0x000000070d000000| Untracked 
|  11|0x000000070d200000, 0x000000070d400000, 0x000000070d400000|100%| O|  |TAMS 0x000000070d200000| PB 0x000000070d200000| Untracked 
|  12|0x000000070d400000, 0x000000070d600000, 0x000000070d600000|100%| O|  |TAMS 0x000000070d400000| PB 0x000000070d400000| Untracked 
|  13|0x000000070d600000, 0x000000070d800000, 0x000000070d800000|100%| O|  |TAMS 0x000000070d600000| PB 0x000000070d600000| Untracked 
|  14|0x000000070d800000, 0x000000070da00000, 0x000000070da00000|100%| O|  |TAMS 0x000000070d800000| PB 0x000000070d800000| Untracked 
|  15|0x000000070da00000, 0x000000070dc00000, 0x000000070dc00000|100%| O|  |TAMS 0x000000070da00000| PB 0x000000070da00000| Untracked 
|  16|0x000000070dc00000, 0x000000070de00000, 0x000000070de00000|100%| O|  |TAMS 0x000000070dc00000| PB 0x000000070dc00000| Untracked 
|  17|0x000000070de00000, 0x000000070e000000, 0x000000070e000000|100%|HS|  |TAMS 0x000000070de00000| PB 0x000000070de00000| Complete 
|  18|0x000000070e000000, 0x000000070e200000, 0x000000070e200000|100%| O|  |TAMS 0x000000070e000000| PB 0x000000070e000000| Untracked 
|  19|0x000000070e200000, 0x000000070e400000, 0x000000070e400000|100%| O|  |TAMS 0x000000070e200000| PB 0x000000070e200000| Untracked 
|  20|0x000000070e400000, 0x000000070e600000, 0x000000070e600000|100%|HS|  |TAMS 0x000000070e400000| PB 0x000000070e400000| Complete 
|  21|0x000000070e600000, 0x000000070e800000, 0x000000070e800000|100%|HS|  |TAMS 0x000000070e600000| PB 0x000000070e600000| Complete 
|  22|0x000000070e800000, 0x000000070ea00000, 0x000000070ea00000|100%|HC|  |TAMS 0x000000070e800000| PB 0x000000070e800000| Complete 
|  23|0x000000070ea00000, 0x000000070ec00000, 0x000000070ec00000|100%| O|  |TAMS 0x000000070ea00000| PB 0x000000070ea00000| Untracked 
|  24|0x000000070ec00000, 0x000000070ee00000, 0x000000070ee00000|100%|HS|  |TAMS 0x000000070ec00000| PB 0x000000070ec00000| Complete 
|  25|0x000000070ee00000, 0x000000070f000000, 0x000000070f000000|100%|HC|  |TAMS 0x000000070ee00000| PB 0x000000070ee00000| Complete 
|  26|0x000000070f000000, 0x000000070f200000, 0x000000070f200000|100%|HS|  |TAMS 0x000000070f000000| PB 0x000000070f000000| Complete 
|  27|0x000000070f200000, 0x000000070f400000, 0x000000070f400000|100%|HC|  |TAMS 0x000000070f200000| PB 0x000000070f200000| Complete 
|  28|0x000000070f400000, 0x000000070f600000, 0x000000070f600000|100%| O|  |TAMS 0x000000070f400000| PB 0x000000070f400000| Untracked 
|  29|0x000000070f600000, 0x000000070f800000, 0x000000070f800000|100%| O|  |TAMS 0x000000070f600000| PB 0x000000070f600000| Untracked 
|  30|0x000000070f800000, 0x000000070fa00000, 0x000000070fa00000|100%|HS|  |TAMS 0x000000070f800000| PB 0x000000070f800000| Complete 
|  31|0x000000070fa00000, 0x000000070fc00000, 0x000000070fc00000|100%|HC|  |TAMS 0x000000070fa00000| PB 0x000000070fa00000| Complete 
|  32|0x000000070fc00000, 0x000000070fe00000, 0x000000070fe00000|100%|HS|  |TAMS 0x000000070fc00000| PB 0x000000070fc00000| Complete 
|  33|0x000000070fe00000, 0x0000000710000000, 0x0000000710000000|100%|HC|  |TAMS 0x000000070fe00000| PB 0x000000070fe00000| Complete 
|  34|0x0000000710000000, 0x0000000710200000, 0x0000000710200000|100%|HS|  |TAMS 0x0000000710000000| PB 0x0000000710000000| Complete 
|  35|0x0000000710200000, 0x0000000710400000, 0x0000000710400000|100%|HC|  |TAMS 0x0000000710200000| PB 0x0000000710200000| Complete 
|  36|0x0000000710400000, 0x0000000710600000, 0x0000000710600000|100%|HS|  |TAMS 0x0000000710400000| PB 0x0000000710400000| Complete 
|  37|0x0000000710600000, 0x0000000710800000, 0x0000000710800000|100%|HC|  |TAMS 0x0000000710600000| PB 0x0000000710600000| Complete 
|  38|0x0000000710800000, 0x0000000710a00000, 0x0000000710a00000|100%|HS|  |TAMS 0x0000000710800000| PB 0x0000000710800000| Complete 
|  39|0x0000000710a00000, 0x0000000710c00000, 0x0000000710c00000|100%|HC|  |TAMS 0x0000000710a00000| PB 0x0000000710a00000| Complete 
|  40|0x0000000710c00000, 0x0000000710e00000, 0x0000000710e00000|100%| O|  |TAMS 0x0000000710c00000| PB 0x0000000710c00000| Untracked 
|  41|0x0000000710e00000, 0x0000000711000000, 0x0000000711000000|100%|HS|  |TAMS 0x0000000710e00000| PB 0x0000000710e00000| Complete 
|  42|0x0000000711000000, 0x0000000711200000, 0x0000000711200000|100%|HC|  |TAMS 0x0000000711000000| PB 0x0000000711000000| Complete 
|  43|0x0000000711200000, 0x0000000711400000, 0x0000000711400000|100%|HS|  |TAMS 0x0000000711200000| PB 0x0000000711200000| Complete 
|  44|0x0000000711400000, 0x0000000711600000, 0x0000000711600000|100%|HC|  |TAMS 0x0000000711400000| PB 0x0000000711400000| Complete 
|  45|0x0000000711600000, 0x0000000711600000, 0x0000000711800000|  0%| F|  |TAMS 0x0000000711600000| PB 0x0000000711600000| Untracked 
|  46|0x0000000711800000, 0x0000000711a00000, 0x0000000711a00000|100%| O|  |TAMS 0x0000000711800000| PB 0x0000000711800000| Untracked 
|  47|0x0000000711a00000, 0x0000000711c00000, 0x0000000711c00000|100%| O|  |TAMS 0x0000000711a00000| PB 0x0000000711a00000| Untracked 
|  48|0x0000000711c00000, 0x0000000711e00000, 0x0000000711e00000|100%|HS|  |TAMS 0x0000000711c00000| PB 0x0000000711c00000| Complete 
|  49|0x0000000711e00000, 0x0000000712000000, 0x0000000712000000|100%|HC|  |TAMS 0x0000000711e00000| PB 0x0000000711e00000| Complete 
|  50|0x0000000712000000, 0x0000000712200000, 0x0000000712200000|100%| O|  |TAMS 0x0000000712000000| PB 0x0000000712000000| Untracked 
|  51|0x0000000712200000, 0x0000000712325cd0, 0x0000000712400000| 57%| O|  |TAMS 0x0000000712200000| PB 0x0000000712200000| Untracked 
|  52|0x0000000712400000, 0x0000000712400000, 0x0000000712600000|  0%| F|  |TAMS 0x0000000712400000| PB 0x0000000712400000| Untracked 
|  53|0x0000000712600000, 0x0000000712600000, 0x0000000712800000|  0%| F|  |TAMS 0x0000000712600000| PB 0x0000000712600000| Untracked 
|  54|0x0000000712800000, 0x0000000712800000, 0x0000000712a00000|  0%| F|  |TAMS 0x0000000712800000| PB 0x0000000712800000| Untracked 
|  55|0x0000000712a00000, 0x0000000712a00000, 0x0000000712c00000|  0%| F|  |TAMS 0x0000000712a00000| PB 0x0000000712a00000| Untracked 
|  56|0x0000000712c00000, 0x0000000712c22350, 0x0000000712e00000|  6%| S|CS|TAMS 0x0000000712c00000| PB 0x0000000712c00000| Complete 
|  57|0x0000000712e00000, 0x0000000713000000, 0x0000000713000000|100%| S|CS|TAMS 0x0000000712e00000| PB 0x0000000712e00000| Complete 
|  58|0x0000000713000000, 0x0000000713200000, 0x0000000713200000|100%| S|CS|TAMS 0x0000000713000000| PB 0x0000000713000000| Complete 
|  59|0x0000000713200000, 0x0000000713400000, 0x0000000713400000|100%| S|CS|TAMS 0x0000000713200000| PB 0x0000000713200000| Complete 
|  60|0x0000000713400000, 0x0000000713400000, 0x0000000713600000|  0%| F|  |TAMS 0x0000000713400000| PB 0x0000000713400000| Untracked 
|  61|0x0000000713600000, 0x0000000713600000, 0x0000000713800000|  0%| F|  |TAMS 0x0000000713600000| PB 0x0000000713600000| Untracked 
|  62|0x0000000713800000, 0x0000000713800000, 0x0000000713a00000|  0%| F|  |TAMS 0x0000000713800000| PB 0x0000000713800000| Untracked 
|  63|0x0000000713a00000, 0x0000000713a00000, 0x0000000713c00000|  0%| F|  |TAMS 0x0000000713a00000| PB 0x0000000713a00000| Untracked 
|  64|0x0000000713c00000, 0x0000000713c00000, 0x0000000713e00000|  0%| F|  |TAMS 0x0000000713c00000| PB 0x0000000713c00000| Untracked 
|  65|0x0000000713e00000, 0x0000000713e00000, 0x0000000714000000|  0%| F|  |TAMS 0x0000000713e00000| PB 0x0000000713e00000| Untracked 
|  66|0x0000000714000000, 0x0000000714000000, 0x0000000714200000|  0%| F|  |TAMS 0x0000000714000000| PB 0x0000000714000000| Untracked 
|  67|0x0000000714200000, 0x0000000714200000, 0x0000000714400000|  0%| F|  |TAMS 0x0000000714200000| PB 0x0000000714200000| Untracked 
|  68|0x0000000714400000, 0x0000000714400000, 0x0000000714600000|  0%| F|  |TAMS 0x0000000714400000| PB 0x0000000714400000| Untracked 
|  69|0x0000000714600000, 0x0000000714600000, 0x0000000714800000|  0%| F|  |TAMS 0x0000000714600000| PB 0x0000000714600000| Untracked 
|  70|0x0000000714800000, 0x0000000714800000, 0x0000000714a00000|  0%| F|  |TAMS 0x0000000714800000| PB 0x0000000714800000| Untracked 
|  71|0x0000000714a00000, 0x0000000714a00000, 0x0000000714c00000|  0%| F|  |TAMS 0x0000000714a00000| PB 0x0000000714a00000| Untracked 
|  72|0x0000000714c00000, 0x0000000714c00000, 0x0000000714e00000|  0%| F|  |TAMS 0x0000000714c00000| PB 0x0000000714c00000| Untracked 
|  73|0x0000000714e00000, 0x0000000714e00000, 0x0000000715000000|  0%| F|  |TAMS 0x0000000714e00000| PB 0x0000000714e00000| Untracked 
|  74|0x0000000715000000, 0x0000000715000000, 0x0000000715200000|  0%| F|  |TAMS 0x0000000715000000| PB 0x0000000715000000| Untracked 
|  75|0x0000000715200000, 0x0000000715200000, 0x0000000715400000|  0%| F|  |TAMS 0x0000000715200000| PB 0x0000000715200000| Untracked 
|  76|0x0000000715400000, 0x0000000715400000, 0x0000000715600000|  0%| F|  |TAMS 0x0000000715400000| PB 0x0000000715400000| Untracked 
|  77|0x0000000715600000, 0x0000000715600000, 0x0000000715800000|  0%| F|  |TAMS 0x0000000715600000| PB 0x0000000715600000| Untracked 
|  78|0x0000000715800000, 0x0000000715800000, 0x0000000715a00000|  0%| F|  |TAMS 0x0000000715800000| PB 0x0000000715800000| Untracked 
|  79|0x0000000715a00000, 0x0000000715a00000, 0x0000000715c00000|  0%| F|  |TAMS 0x0000000715a00000| PB 0x0000000715a00000| Untracked 
|  80|0x0000000715c00000, 0x0000000715c00000, 0x0000000715e00000|  0%| F|  |TAMS 0x0000000715c00000| PB 0x0000000715c00000| Untracked 
|  81|0x0000000715e00000, 0x0000000715e00000, 0x0000000716000000|  0%| F|  |TAMS 0x0000000715e00000| PB 0x0000000715e00000| Untracked 
|  82|0x0000000716000000, 0x0000000716000000, 0x0000000716200000|  0%| F|  |TAMS 0x0000000716000000| PB 0x0000000716000000| Untracked 
|  83|0x0000000716200000, 0x0000000716200000, 0x0000000716400000|  0%| F|  |TAMS 0x0000000716200000| PB 0x0000000716200000| Untracked 
|  84|0x0000000716400000, 0x00000007165dcb00, 0x0000000716600000| 93%| E|  |TAMS 0x0000000716400000| PB 0x0000000716400000| Complete 
|  85|0x0000000716600000, 0x0000000716800000, 0x0000000716800000|100%| E|CS|TAMS 0x0000000716600000| PB 0x0000000716600000| Complete 
|  86|0x0000000716800000, 0x0000000716a00000, 0x0000000716a00000|100%| E|CS|TAMS 0x0000000716800000| PB 0x0000000716800000| Complete 
|  87|0x0000000716a00000, 0x0000000716c00000, 0x0000000716c00000|100%| E|CS|TAMS 0x0000000716a00000| PB 0x0000000716a00000| Complete 
|  88|0x0000000716c00000, 0x0000000716e00000, 0x0000000716e00000|100%| E|CS|TAMS 0x0000000716c00000| PB 0x0000000716c00000| Complete 
|  89|0x0000000716e00000, 0x0000000717000000, 0x0000000717000000|100%| E|CS|TAMS 0x0000000716e00000| PB 0x0000000716e00000| Complete 
|  90|0x0000000717000000, 0x0000000717200000, 0x0000000717200000|100%| E|CS|TAMS 0x0000000717000000| PB 0x0000000717000000| Complete 
|  91|0x0000000717200000, 0x0000000717400000, 0x0000000717400000|100%| E|CS|TAMS 0x0000000717200000| PB 0x0000000717200000| Complete 
|  92|0x0000000717400000, 0x0000000717600000, 0x0000000717600000|100%| E|CS|TAMS 0x0000000717400000| PB 0x0000000717400000| Complete 
|  93|0x0000000717600000, 0x0000000717800000, 0x0000000717800000|100%| E|CS|TAMS 0x0000000717600000| PB 0x0000000717600000| Complete 
|  94|0x0000000717800000, 0x0000000717a00000, 0x0000000717a00000|100%| E|CS|TAMS 0x0000000717800000| PB 0x0000000717800000| Complete 
|  95|0x0000000717a00000, 0x0000000717c00000, 0x0000000717c00000|100%| E|CS|TAMS 0x0000000717a00000| PB 0x0000000717a00000| Complete 
|  96|0x0000000717c00000, 0x0000000717e00000, 0x0000000717e00000|100%| E|CS|TAMS 0x0000000717c00000| PB 0x0000000717c00000| Complete 
|  97|0x0000000717e00000, 0x0000000718000000, 0x0000000718000000|100%| E|CS|TAMS 0x0000000717e00000| PB 0x0000000717e00000| Complete 
|  98|0x0000000718000000, 0x0000000718200000, 0x0000000718200000|100%| E|CS|TAMS 0x0000000718000000| PB 0x0000000718000000| Complete 
|  99|0x0000000718200000, 0x0000000718400000, 0x0000000718400000|100%| E|CS|TAMS 0x0000000718200000| PB 0x0000000718200000| Complete 
| 100|0x0000000718400000, 0x0000000718600000, 0x0000000718600000|100%| E|CS|TAMS 0x0000000718400000| PB 0x0000000718400000| Complete 
| 101|0x0000000718600000, 0x0000000718800000, 0x0000000718800000|100%| E|CS|TAMS 0x0000000718600000| PB 0x0000000718600000| Complete 
| 102|0x0000000718800000, 0x0000000718a00000, 0x0000000718a00000|100%| E|CS|TAMS 0x0000000718800000| PB 0x0000000718800000| Complete 
| 103|0x0000000718a00000, 0x0000000718c00000, 0x0000000718c00000|100%| E|CS|TAMS 0x0000000718a00000| PB 0x0000000718a00000| Complete 
| 104|0x0000000718c00000, 0x0000000718e00000, 0x0000000718e00000|100%| E|CS|TAMS 0x0000000718c00000| PB 0x0000000718c00000| Complete 
| 105|0x0000000718e00000, 0x0000000719000000, 0x0000000719000000|100%| E|CS|TAMS 0x0000000718e00000| PB 0x0000000718e00000| Complete 
| 106|0x0000000719000000, 0x0000000719200000, 0x0000000719200000|100%| E|CS|TAMS 0x0000000719000000| PB 0x0000000719000000| Complete 
| 107|0x0000000719200000, 0x0000000719400000, 0x0000000719400000|100%| E|CS|TAMS 0x0000000719200000| PB 0x0000000719200000| Complete 
| 108|0x0000000719400000, 0x0000000719600000, 0x0000000719600000|100%| E|CS|TAMS 0x0000000719400000| PB 0x0000000719400000| Complete 
| 109|0x0000000719600000, 0x0000000719800000, 0x0000000719800000|100%| E|CS|TAMS 0x0000000719600000| PB 0x0000000719600000| Complete 
| 110|0x0000000719800000, 0x0000000719a00000, 0x0000000719a00000|100%| E|CS|TAMS 0x0000000719800000| PB 0x0000000719800000| Complete 
| 111|0x0000000719a00000, 0x0000000719c00000, 0x0000000719c00000|100%| E|CS|TAMS 0x0000000719a00000| PB 0x0000000719a00000| Complete 
| 112|0x0000000719c00000, 0x0000000719e00000, 0x0000000719e00000|100%| E|CS|TAMS 0x0000000719c00000| PB 0x0000000719c00000| Complete 
| 113|0x0000000719e00000, 0x000000071a000000, 0x000000071a000000|100%| E|CS|TAMS 0x0000000719e00000| PB 0x0000000719e00000| Complete 
| 114|0x000000071a000000, 0x000000071a200000, 0x000000071a200000|100%| E|CS|TAMS 0x000000071a000000| PB 0x000000071a000000| Complete 
| 115|0x000000071a200000, 0x000000071a400000, 0x000000071a400000|100%| E|CS|TAMS 0x000000071a200000| PB 0x000000071a200000| Complete 
| 116|0x000000071a400000, 0x000000071a600000, 0x000000071a600000|100%| E|CS|TAMS 0x000000071a400000| PB 0x000000071a400000| Complete 
| 117|0x000000071a600000, 0x000000071a800000, 0x000000071a800000|100%| E|CS|TAMS 0x000000071a600000| PB 0x000000071a600000| Complete 
| 118|0x000000071a800000, 0x000000071aa00000, 0x000000071aa00000|100%| E|CS|TAMS 0x000000071a800000| PB 0x000000071a800000| Complete 
| 119|0x000000071aa00000, 0x000000071ac00000, 0x000000071ac00000|100%| E|CS|TAMS 0x000000071aa00000| PB 0x000000071aa00000| Complete 
| 120|0x000000071ac00000, 0x000000071ae00000, 0x000000071ae00000|100%| E|CS|TAMS 0x000000071ac00000| PB 0x000000071ac00000| Complete 
| 121|0x000000071ae00000, 0x000000071b000000, 0x000000071b000000|100%| E|CS|TAMS 0x000000071ae00000| PB 0x000000071ae00000| Complete 
| 122|0x000000071b000000, 0x000000071b200000, 0x000000071b200000|100%| E|CS|TAMS 0x000000071b000000| PB 0x000000071b000000| Complete 
| 123|0x000000071b200000, 0x000000071b400000, 0x000000071b400000|100%| E|CS|TAMS 0x000000071b200000| PB 0x000000071b200000| Complete 
| 124|0x000000071b400000, 0x000000071b600000, 0x000000071b600000|100%| E|CS|TAMS 0x000000071b400000| PB 0x000000071b400000| Complete 
| 125|0x000000071b600000, 0x000000071b800000, 0x000000071b800000|100%| E|CS|TAMS 0x000000071b600000| PB 0x000000071b600000| Complete 
| 126|0x000000071b800000, 0x000000071ba00000, 0x000000071ba00000|100%| E|CS|TAMS 0x000000071b800000| PB 0x000000071b800000| Complete 
| 127|0x000000071ba00000, 0x000000071bc00000, 0x000000071bc00000|100%| E|CS|TAMS 0x000000071ba00000| PB 0x000000071ba00000| Complete 
| 128|0x000000071bc00000, 0x000000071be00000, 0x000000071be00000|100%| E|CS|TAMS 0x000000071bc00000| PB 0x000000071bc00000| Complete 
| 129|0x000000071be00000, 0x000000071c000000, 0x000000071c000000|100%| E|CS|TAMS 0x000000071be00000| PB 0x000000071be00000| Complete 
| 130|0x000000071c000000, 0x000000071c200000, 0x000000071c200000|100%| E|CS|TAMS 0x000000071c000000| PB 0x000000071c000000| Complete 
| 131|0x000000071c200000, 0x000000071c400000, 0x000000071c400000|100%| E|CS|TAMS 0x000000071c200000| PB 0x000000071c200000| Complete 
|1950|0x00000007ff800000, 0x00000007ffa00000, 0x00000007ffa00000|100%| O|  |TAMS 0x00000007ff800000| PB 0x00000007ff800000| Untracked 
|1951|0x00000007ffa00000, 0x00000007ffc00000, 0x00000007ffc00000|100%| E|CS|TAMS 0x00000007ffa00000| PB 0x00000007ffa00000| Complete 
|1952|0x00000007ffc00000, 0x00000007ffe00000, 0x00000007ffe00000|100%| O|  |TAMS 0x00000007ffc00000| PB 0x00000007ffc00000| Untracked 
|1953|0x00000007ffe00000, 0x0000000800000000, 0x0000000800000000|100%| E|CS|TAMS 0x00000007ffe00000| PB 0x00000007ffe00000| Complete 

Card table byte_map: [0x0000013556b00000,0x00000135572b0000] _byte_map_base: 0x00000135532a2000

Marking Bits: (CMBitMap*) 0x000001353d86b490
 Bits: [0x00000135572b0000, 0x000001355afc0000)

Polling page: 0x000001353b680000

Metaspace:

Usage:
  Non-class:     77.51 MB used.
      Class:      9.72 MB used.
       Both:     87.24 MB used.

Virtual space:
  Non-class space:      128.00 MB reserved,      78.06 MB ( 61%) committed,  2 nodes.
      Class space:        1.00 GB reserved,      10.19 MB ( <1%) committed,  1 nodes.
             Both:        1.12 GB reserved,      88.25 MB (  8%) committed. 

Chunk freelists:
   Non-Class:  1.27 MB
       Class:  5.62 MB
        Both:  6.89 MB

MaxMetaspaceSize: unlimited
CompressedClassSpaceSize: 1.00 GB
Initial GC threshold: 21.00 MB
Current GC threshold: 144.94 MB
CDS: off
 - commit_granule_bytes: 65536.
 - commit_granule_words: 8192.
 - virtual_space_node_default_size: 8388608.
 - enlarge_chunks_in_place: 1.
 - use_allocation_guard: 0.


Internal statistics:

num_allocs_failed_limit: 6.
num_arena_births: 930.
num_arena_deaths: 0.
num_vsnodes_births: 3.
num_vsnodes_deaths: 0.
num_space_committed: 1412.
num_space_uncommitted: 0.
num_chunks_returned_to_freelist: 6.
num_chunks_taken_from_freelist: 3271.
num_chunk_merges: 0.
num_chunk_splits: 2267.
num_chunks_enlarged: 1579.
num_inconsistent_stats: 0.

CodeHeap 'non-profiled nmethods': size=119168Kb used=5489Kb max_used=5489Kb free=113678Kb
 bounds [0x000001354e670000, 0x000001354ebe0000, 0x0000013555ad0000]
CodeHeap 'profiled nmethods': size=119104Kb used=12702Kb max_used=13308Kb free=106401Kb
 bounds [0x0000013546ad0000, 0x0000013547820000, 0x000001354df20000]
CodeHeap 'non-nmethods': size=7488Kb used=3163Kb max_used=3813Kb free=4324Kb
 bounds [0x000001354df20000, 0x000001354e310000, 0x000001354e670000]
CodeCache: size=245760Kb, used=21354Kb, max_used=22610Kb, free=224403Kb
 total_blobs=6655, nmethods=5711, adapters=844, full_count=0
Compilation: enabled, stopped_count=0, restarted_count=0

Compilation events (20 events):
Event: 1977.175 Thread 0x0000013563552a60 nmethod 10417 0x000001354e7f5690 code [0x000001354e7f5820, 0x000001354e7f5970]
Event: 1977.175 Thread 0x0000013563552a60 10418       4       org.apache.logging.log4j.spi.AbstractLogger::isTraceEnabled (11 bytes)
Event: 1977.179 Thread 0x0000013563552a60 nmethod 10418 0x000001354ea20690 code [0x000001354ea20840, 0x000001354ea20998]
Event: 1977.179 Thread 0x0000013563552a60 10421       4       java.util.Formatter$FormatSpecifier::print (234 bytes)
Event: 1977.216 Thread 0x0000013562c36d30 nmethod 10420 0x000001354ebc2d90 code [0x000001354ebc2fa0, 0x000001354ebc3968]
Event: 1977.216 Thread 0x0000013562c36d30 10428   !   4       java.util.Formatter::format (284 bytes)
Event: 1977.225 Thread 0x0000013563552a60 nmethod 10421 0x000001354ebc3f10 code [0x000001354ebc4140, 0x000001354ebc4d98]
Event: 1977.226 Thread 0x0000013563552a60 10422       4       java.util.Formatter$FormatSpecifier::appendJustified (89 bytes)
Event: 1977.238 Thread 0x0000013563552a60 nmethod 10422 0x000001354ebc5490 code [0x000001354ebc56a0, 0x000001354ebc60e8]
Event: 1977.238 Thread 0x0000013563552a60 10423       4       java.util.Formatter$FormatSpecifier::<init> (68 bytes)
Event: 1977.240 Thread 0x0000013563552a60 nmethod 10423 0x000001354e67b310 code [0x000001354e67b4a0, 0x000001354e67b658]
Event: 1977.240 Thread 0x0000013563552a60 10425       4       java.util.Formatter$FormatSpecifier::print (57 bytes)
Event: 1977.250 Thread 0x0000013563552a60 nmethod 10425 0x000001354ebc6710 code [0x000001354ebc6920, 0x000001354ebc7380]
Event: 1977.250 Thread 0x0000013563552a60 10430       4       com.st.microxplorer.plugins.thirdparty.db.solver.condition.RealEvaluatedCondition::getDependencyStatusFromRequireList (66 bytes)
Event: 1977.259 Thread 0x0000013563552a60 nmethod 10430 0x000001354e7ccc10 code [0x000001354e7ccde0, 0x000001354e7cd1d8]
Event: 1977.259 Thread 0x0000013563552a60 10431       4       com.st.microxplorer.plugins.thirdparty.db.solver.condition.RealEvaluatedCondition::getDependencyStatusFromAcceptList (66 bytes)
Event: 1977.266 Thread 0x0000013563552a60 nmethod 10431 0x000001354e775190 code [0x000001354e775380, 0x000001354e7757a0]
Event: 1977.266 Thread 0x0000013563552a60 10424       4       java.util.Formatter$FormatSpecifier::printString (97 bytes)
Event: 1977.992 Thread 0x000001356deb1420 10435   !   3       sun.awt.AWTAutoShutdown::notifyThreadBusy (88 bytes)
Event: 1977.992 Thread 0x000001356deb1420 nmethod 10435 0x00000135470e2e90 code [0x00000135470e30a0, 0x00000135470e3660]

GC Heap History (20 events):
Event: 1930.451 GC heap before
{Heap before GC invocations=27 (full 0):
 garbage-first heap   total 151552K, used 139228K [0x000000070bc00000, 0x0000000800000000)
  region size 2048K, 27 young (55296K), 3 survivors (6144K)
 Metaspace       used 76321K, committed 77440K, reserved 1179648K
  class space    used 8494K, committed 9024K, reserved 1048576K
}
Event: 1930.458 GC heap after
{Heap after GC invocations=28 (full 0):
 garbage-first heap   total 155648K, used 96772K [0x000000070bc00000, 0x0000000800000000)
  region size 2048K, 4 young (8192K), 4 survivors (8192K)
 Metaspace       used 76321K, committed 77440K, reserved 1179648K
  class space    used 8494K, committed 9024K, reserved 1048576K
}
Event: 1930.861 GC heap before
{Heap before GC invocations=28 (full 0):
 garbage-first heap   total 155648K, used 139780K [0x000000070bc00000, 0x0000000800000000)
  region size 2048K, 25 young (51200K), 4 survivors (8192K)
 Metaspace       used 76338K, committed 77440K, reserved 1179648K
  class space    used 8494K, committed 9024K, reserved 1048576K
}
Event: 1930.900 GC heap after
{Heap after GC invocations=29 (full 0):
 garbage-first heap   total 188416K, used 97943K [0x000000070bc00000, 0x0000000800000000)
  region size 2048K, 2 young (4096K), 2 survivors (4096K)
 Metaspace       used 76338K, committed 77440K, reserved 1179648K
  class space    used 8494K, committed 9024K, reserved 1048576K
}
Event: 1931.380 GC heap before
{Heap before GC invocations=30 (full 0):
 garbage-first heap   total 188416K, used 165527K [0x000000070bc00000, 0x0000000800000000)
  region size 2048K, 35 young (71680K), 2 survivors (4096K)
 Metaspace       used 76350K, committed 77440K, reserved 1179648K
  class space    used 8496K, committed 9024K, reserved 1048576K
}
Event: 1931.382 GC heap after
{Heap after GC invocations=31 (full 0):
 garbage-first heap   total 188416K, used 96597K [0x000000070bc00000, 0x0000000800000000)
  region size 2048K, 2 young (4096K), 2 survivors (4096K)
 Metaspace       used 76350K, committed 77440K, reserved 1179648K
  class space    used 8496K, committed 9024K, reserved 1048576K
}
Event: 1931.873 GC heap before
{Heap before GC invocations=31 (full 0):
 garbage-first heap   total 188416K, used 166229K [0x000000070bc00000, 0x0000000800000000)
  region size 2048K, 36 young (73728K), 2 survivors (4096K)
 Metaspace       used 76352K, committed 77440K, reserved 1179648K
  class space    used 8496K, committed 9024K, reserved 1048576K
}
Event: 1931.886 GC heap after
{Heap after GC invocations=32 (full 0):
 garbage-first heap   total 188416K, used 110574K [0x000000070bc00000, 0x0000000800000000)
  region size 2048K, 5 young (10240K), 5 survivors (10240K)
 Metaspace       used 76352K, committed 77440K, reserved 1179648K
  class space    used 8496K, committed 9024K, reserved 1048576K
}
Event: 1932.299 GC heap before
{Heap before GC invocations=32 (full 0):
 garbage-first heap   total 188416K, used 163822K [0x000000070bc00000, 0x0000000800000000)
  region size 2048K, 31 young (63488K), 5 survivors (10240K)
 Metaspace       used 76358K, committed 77440K, reserved 1179648K
  class space    used 8496K, committed 9024K, reserved 1048576K
}
Event: 1932.310 GC heap after
{Heap after GC invocations=33 (full 0):
 garbage-first heap   total 188416K, used 106772K [0x000000070bc00000, 0x0000000800000000)
  region size 2048K, 2 young (4096K), 2 survivors (4096K)
 Metaspace       used 76358K, committed 77440K, reserved 1179648K
  class space    used 8496K, committed 9024K, reserved 1048576K
}
Event: 1932.845 GC heap before
{Heap before GC invocations=34 (full 0):
 garbage-first heap   total 188416K, used 160020K [0x000000070bc00000, 0x0000000800000000)
  region size 2048K, 30 young (61440K), 2 survivors (4096K)
 Metaspace       used 76758K, committed 77888K, reserved 1179648K
  class space    used 8545K, committed 9088K, reserved 1048576K
}
Event: 1932.855 GC heap after
{Heap after GC invocations=35 (full 0):
 garbage-first heap   total 188416K, used 104186K [0x000000070bc00000, 0x0000000800000000)
  region size 2048K, 2 young (4096K), 2 survivors (4096K)
 Metaspace       used 76758K, committed 77888K, reserved 1179648K
  class space    used 8545K, committed 9088K, reserved 1048576K
}
Event: 1948.731 GC heap before
{Heap before GC invocations=35 (full 0):
 garbage-first heap   total 188416K, used 171770K [0x000000070bc00000, 0x0000000800000000)
  region size 2048K, 34 young (69632K), 2 survivors (4096K)
 Metaspace       used 84843K, committed 85888K, reserved 1179648K
  class space    used 9473K, committed 9984K, reserved 1048576K
}
Event: 1948.740 GC heap after
{Heap after GC invocations=36 (full 0):
 garbage-first heap   total 188416K, used 109580K [0x000000070bc00000, 0x0000000800000000)
  region size 2048K, 4 young (8192K), 4 survivors (8192K)
 Metaspace       used 84843K, committed 85888K, reserved 1179648K
  class space    used 9473K, committed 9984K, reserved 1048576K
}
Event: 1960.643 GC heap before
{Heap before GC invocations=36 (full 0):
 garbage-first heap   total 188416K, used 168972K [0x000000070bc00000, 0x0000000800000000)
  region size 2048K, 33 young (67584K), 4 survivors (8192K)
 Metaspace       used 87969K, committed 89024K, reserved 1179648K
  class space    used 9854K, committed 10368K, reserved 1048576K
}
Event: 1960.652 GC heap after
{Heap after GC invocations=37 (full 0):
 garbage-first heap   total 188416K, used 111973K [0x000000070bc00000, 0x0000000800000000)
  region size 2048K, 4 young (8192K), 4 survivors (8192K)
 Metaspace       used 87969K, committed 89024K, reserved 1179648K
  class space    used 9854K, committed 10368K, reserved 1048576K
}
Event: 1964.503 GC heap before
{Heap before GC invocations=38 (full 0):
 garbage-first heap   total 192512K, used 169317K [0x000000070bc00000, 0x0000000800000000)
  region size 2048K, 32 young (65536K), 4 survivors (8192K)
 Metaspace       used 88052K, committed 89152K, reserved 1179648K
  class space    used 9854K, committed 10368K, reserved 1048576K
}
Event: 1964.509 GC heap after
{Heap after GC invocations=39 (full 0):
 garbage-first heap   total 278528K, used 114077K [0x000000070bc00000, 0x0000000800000000)
  region size 2048K, 3 young (6144K), 3 survivors (6144K)
 Metaspace       used 88052K, committed 89152K, reserved 1179648K
  class space    used 9854K, committed 10368K, reserved 1048576K
}
Event: 1976.272 GC heap before
{Heap before GC invocations=39 (full 0):
 garbage-first heap   total 278528K, used 259485K [0x000000070bc00000, 0x0000000800000000)
  region size 2048K, 74 young (151552K), 3 survivors (6144K)
 Metaspace       used 88567K, committed 89600K, reserved 1179648K
  class space    used 9897K, committed 10368K, reserved 1048576K
}
Event: 1976.278 GC heap after
{Heap after GC invocations=40 (full 0):
 garbage-first heap   total 278528K, used 113952K [0x000000070bc00000, 0x0000000800000000)
  region size 2048K, 4 young (8192K), 4 survivors (8192K)
 Metaspace       used 88567K, committed 89600K, reserved 1179648K
  class space    used 9897K, committed 10368K, reserved 1048576K
}

Dll operation events (19 events):
Event: 0.013 Loaded shared library D:\STM32Cube\STM32Cube\jre\bin\java.dll
Event: 0.072 Loaded shared library D:\STM32Cube\STM32Cube\jre\bin\jsvml.dll
Event: 0.128 Loaded shared library D:\STM32Cube\STM32Cube\jre\bin\net.dll
Event: 0.130 Loaded shared library D:\STM32Cube\STM32Cube\jre\bin\nio.dll
Event: 0.168 Loaded shared library D:\STM32Cube\STM32Cube\jre\bin\zip.dll
Event: 0.203 Loaded shared library D:\STM32Cube\STM32Cube\jre\bin\jimage.dll
Event: 0.551 Loaded shared library D:\STM32Cube\STM32Cube\jre\bin\management.dll
Event: 0.564 Loaded shared library D:\STM32Cube\STM32Cube\jre\bin\management_ext.dll
Event: 1.812 Loaded shared library D:\STM32Cube\STM32Cube\jre\bin\awt.dll
Event: 2.725 Loaded shared library D:\STM32Cube\STM32Cube\jre\bin\freetype.dll
Event: 2.726 Loaded shared library D:\STM32Cube\STM32Cube\jre\bin\fontmanager.dll
Event: 14.053 Loaded shared library D:\STM32Cube\STM32Cube\jre\bin\verify.dll
Event: 15.866 Loaded shared library D:\STM32Cube\STM32Cube\jre\bin\prefs.dll
Event: 16.836 Loaded shared library C:\Users\33711\AppData\Local\Temp\jna-48673335\jna14135667205468534108.dll
Event: 1921.718 Loaded shared library D:\STM32Cube\STM32Cube\jre\bin\sunmscapi.dll
Event: 1921.893 Loaded shared library D:\STM32Cube\STM32Cube\jre\bin\extnet.dll
Event: 1922.715 Loaded shared library D:\STM32Cube\STM32Cube\jre\bin\javajpeg.dll
Event: 1929.055 Loaded shared library C:\Users\33711\.stm32cubemx\.jxbrowser-8.15.0\Chromium\toolkit64.dll
Event: 1929.784 Loaded shared library C:\Users\33711\.stm32cubemx\.jxbrowser-8.15.0\Chromium\ipc64.dll

Deoptimization events (20 events):
Event: 1976.909 Thread 0x000001356dce72b0 DEOPT PACKING pc=0x000001354e8fbf98 sp=0x00000025037fe610
Event: 1976.909 Thread 0x000001356dce72b0 DEOPT UNPACKING pc=0x000001354df77ba2 sp=0x00000025037fe560 mode 2
Event: 1976.909 Thread 0x000001356dce72b0 Uncommon trap: trap_request=0xffffffde fr.pc=0x000001354e8fbf98 relative=0x0000000000001018
Event: 1976.909 Thread 0x000001356dce72b0 Uncommon trap: reason=class_check action=maybe_recompile pc=0x000001354e8fbf98 method=com.st.microxplorer.plugins.thirdparty.db.solver.matcher.ComponentMatcher.matches(Lcom/st/microxplorer/plugins/thirdparty/model/ModelComponent;)Z @ 14 c2
Event: 1976.909 Thread 0x000001356dce72b0 DEOPT PACKING pc=0x000001354e8fbf98 sp=0x00000025037fe610
Event: 1976.909 Thread 0x000001356dce72b0 DEOPT UNPACKING pc=0x000001354df77ba2 sp=0x00000025037fe560 mode 2
Event: 1976.909 Thread 0x000001356dce72b0 Uncommon trap: trap_request=0xffffffde fr.pc=0x000001354e8fbf98 relative=0x0000000000001018
Event: 1976.909 Thread 0x000001356dce72b0 Uncommon trap: reason=class_check action=maybe_recompile pc=0x000001354e8fbf98 method=com.st.microxplorer.plugins.thirdparty.db.solver.matcher.ComponentMatcher.matches(Lcom/st/microxplorer/plugins/thirdparty/model/ModelComponent;)Z @ 14 c2
Event: 1976.909 Thread 0x000001356dce72b0 DEOPT PACKING pc=0x000001354e8fbf98 sp=0x00000025037fe610
Event: 1976.909 Thread 0x000001356dce72b0 DEOPT UNPACKING pc=0x000001354df77ba2 sp=0x00000025037fe560 mode 2
Event: 1976.909 Thread 0x000001356dce72b0 Uncommon trap: trap_request=0xffffffde fr.pc=0x000001354e8fbf98 relative=0x0000000000001018
Event: 1976.909 Thread 0x000001356dce72b0 Uncommon trap: reason=class_check action=maybe_recompile pc=0x000001354e8fbf98 method=com.st.microxplorer.plugins.thirdparty.db.solver.matcher.ComponentMatcher.matches(Lcom/st/microxplorer/plugins/thirdparty/model/ModelComponent;)Z @ 14 c2
Event: 1976.909 Thread 0x000001356dce72b0 DEOPT PACKING pc=0x000001354e8fbf98 sp=0x00000025037fe750
Event: 1976.909 Thread 0x000001356dce72b0 DEOPT UNPACKING pc=0x000001354df77ba2 sp=0x00000025037fe6a0 mode 2
Event: 1976.923 Thread 0x000001356dce72b0 DEOPT PACKING pc=0x00000135475134dc sp=0x00000025037fe1d0
Event: 1976.923 Thread 0x000001356dce72b0 DEOPT UNPACKING pc=0x000001354df786e2 sp=0x00000025037fd688 mode 0
Event: 1976.924 Thread 0x000001356dce72b0 DEOPT PACKING pc=0x00000135471b9ec4 sp=0x00000025037fe3e0
Event: 1976.924 Thread 0x000001356dce72b0 DEOPT UNPACKING pc=0x000001354df786e2 sp=0x00000025037fd830 mode 0
Event: 1976.924 Thread 0x000001356dce72b0 DEOPT PACKING pc=0x00000135471b9ec4 sp=0x00000025037fe600
Event: 1976.924 Thread 0x000001356dce72b0 DEOPT UNPACKING pc=0x000001354df786e2 sp=0x00000025037fda50 mode 0

Classes loaded (20 events):
Event: 1934.303 Loading class sun/font/FontSubstitution
Event: 1934.306 Loading class sun/font/FontSubstitution done
Event: 1934.306 Loading class sun/font/StandardGlyphVector$GlyphStrike
Event: 1934.308 Loading class sun/font/StandardGlyphVector$GlyphStrike done
Event: 1935.803 Loading class java/util/AbstractList$RandomAccessSubList
Event: 1935.805 Loading class java/util/AbstractList$SubList
Event: 1935.808 Loading class java/util/AbstractList$SubList done
Event: 1935.808 Loading class java/util/AbstractList$RandomAccessSubList done
Event: 1941.098 Loading class java/util/concurrent/RejectedExecutionException
Event: 1941.099 Loading class java/util/concurrent/RejectedExecutionException done
Event: 1941.109 Loading class java/util/concurrent/Executors$AutoShutdownDelegatedExecutorService
Event: 1941.113 Loading class java/util/concurrent/Executors$DelegatedExecutorService
Event: 1941.113 Loading class java/util/concurrent/Executors$DelegatedExecutorService done
Event: 1941.113 Loading class java/util/concurrent/Executors$AutoShutdownDelegatedExecutorService done
Event: 1976.089 Loading class java/util/regex/Pattern$Bound
Event: 1976.090 Loading class java/util/regex/Pattern$Bound done
Event: 1976.090 Loading class java/util/regex/Pattern$Neg
Event: 1976.091 Loading class java/util/regex/Pattern$Neg done
Event: 1976.371 Loading class jdk/internal/math/FloatingDecimal$HexFloatPattern
Event: 1976.371 Loading class jdk/internal/math/FloatingDecimal$HexFloatPattern done

Classes unloaded (0 events):
No events

Classes redefined (0 events):
No events

Internal exceptions (20 events):
Event: 1976.798 Thread 0x000001356dce72b0 Exception <a 'java/io/IOException'{0x0000000717f53fd8}> (0x0000000717f53fd8) 
thrown [s\src\hotspot\share\prims\jni.cpp, line 520]
Event: 1976.798 Thread 0x000001356dce72b0 Exception <a 'java/io/IOException'{0x0000000717f54598}> (0x0000000717f54598) 
thrown [s\src\hotspot\share\prims\jni.cpp, line 520]
Event: 1976.798 Thread 0x000001356dce72b0 Exception <a 'java/io/IOException'{0x0000000717f55ac8}> (0x0000000717f55ac8) 
thrown [s\src\hotspot\share\prims\jni.cpp, line 520]
Event: 1976.798 Thread 0x000001356dce72b0 Exception <a 'java/io/IOException'{0x0000000717f56088}> (0x0000000717f56088) 
thrown [s\src\hotspot\share\prims\jni.cpp, line 520]
Event: 1976.798 Thread 0x000001356dce72b0 Exception <a 'java/io/IOException'{0x0000000717f575b8}> (0x0000000717f575b8) 
thrown [s\src\hotspot\share\prims\jni.cpp, line 520]
Event: 1976.798 Thread 0x000001356dce72b0 Exception <a 'java/io/IOException'{0x0000000717f57b78}> (0x0000000717f57b78) 
thrown [s\src\hotspot\share\prims\jni.cpp, line 520]
Event: 1976.799 Thread 0x000001356dce72b0 Exception <a 'java/io/IOException'{0x0000000717f59160}> (0x0000000717f59160) 
thrown [s\src\hotspot\share\prims\jni.cpp, line 520]
Event: 1976.799 Thread 0x000001356dce72b0 Exception <a 'java/io/IOException'{0x0000000717f59720}> (0x0000000717f59720) 
thrown [s\src\hotspot\share\prims\jni.cpp, line 520]
Event: 1976.799 Thread 0x000001356dce72b0 Exception <a 'java/io/IOException'{0x0000000717f5ac50}> (0x0000000717f5ac50) 
thrown [s\src\hotspot\share\prims\jni.cpp, line 520]
Event: 1976.799 Thread 0x000001356dce72b0 Exception <a 'java/io/IOException'{0x0000000717f5b210}> (0x0000000717f5b210) 
thrown [s\src\hotspot\share\prims\jni.cpp, line 520]
Event: 1976.799 Thread 0x000001356dce72b0 Exception <a 'java/io/IOException'{0x0000000717f5c740}> (0x0000000717f5c740) 
thrown [s\src\hotspot\share\prims\jni.cpp, line 520]
Event: 1976.799 Thread 0x000001356dce72b0 Exception <a 'java/io/IOException'{0x0000000717f5cd00}> (0x0000000717f5cd00) 
thrown [s\src\hotspot\share\prims\jni.cpp, line 520]
Event: 1976.799 Thread 0x000001356dce72b0 Exception <a 'java/io/IOException'{0x0000000717f5e230}> (0x0000000717f5e230) 
thrown [s\src\hotspot\share\prims\jni.cpp, line 520]
Event: 1976.799 Thread 0x000001356dce72b0 Exception <a 'java/io/IOException'{0x0000000717f5e7f0}> (0x0000000717f5e7f0) 
thrown [s\src\hotspot\share\prims\jni.cpp, line 520]
Event: 1976.800 Thread 0x000001356dce72b0 Exception <a 'java/io/IOException'{0x0000000717f5fd20}> (0x0000000717f5fd20) 
thrown [s\src\hotspot\share\prims\jni.cpp, line 520]
Event: 1976.800 Thread 0x000001356dce72b0 Exception <a 'java/io/IOException'{0x0000000717f602e0}> (0x0000000717f602e0) 
thrown [s\src\hotspot\share\prims\jni.cpp, line 520]
Event: 1976.800 Thread 0x000001356dce72b0 Exception <a 'java/io/IOException'{0x0000000717f61810}> (0x0000000717f61810) 
thrown [s\src\hotspot\share\prims\jni.cpp, line 520]
Event: 1976.800 Thread 0x000001356dce72b0 Exception <a 'java/io/IOException'{0x0000000717f61dd0}> (0x0000000717f61dd0) 
thrown [s\src\hotspot\share\prims\jni.cpp, line 520]
Event: 1976.801 Thread 0x000001356dce72b0 Exception <a 'java/io/IOException'{0x0000000717f63178}> (0x0000000717f63178) 
thrown [s\src\hotspot\share\prims\jni.cpp, line 520]
Event: 1976.801 Thread 0x000001356dce72b0 Exception <a 'java/io/IOException'{0x0000000717f63738}> (0x0000000717f63738) 
thrown [s\src\hotspot\share\prims\jni.cpp, line 520]

ZGC Phase Switch (0 events):
No events

VM Operations (20 events):
Event: 1966.524 Executing VM operation: Cleanup
Event: 1966.538 Executing VM operation: Cleanup done
Event: 1970.575 Executing VM operation: Cleanup
Event: 1970.575 Executing VM operation: Cleanup done
Event: 1975.622 Executing VM operation: Cleanup
Event: 1975.777 Executing VM operation: Cleanup done
Event: 1976.062 Executing VM operation: HandshakeAllThreads (Deoptimize)
Event: 1976.063 Executing VM operation: HandshakeAllThreads (Deoptimize) done
Event: 1976.067 Executing VM operation: HandshakeAllThreads (Deoptimize)
Event: 1976.068 Executing VM operation: HandshakeAllThreads (Deoptimize) done
Event: 1976.272 Executing VM operation: G1CollectForAllocation (G1 Evacuation Pause)
Event: 1976.278 Executing VM operation: G1CollectForAllocation (G1 Evacuation Pause) done
Event: 1976.749 Executing VM operation: HandshakeAllThreads (Deoptimize)
Event: 1976.749 Executing VM operation: HandshakeAllThreads (Deoptimize) done
Event: 1976.755 Executing VM operation: ICBufferFull
Event: 1976.755 Executing VM operation: ICBufferFull done
Event: 1976.921 Executing VM operation: HandshakeAllThreads (Deoptimize)
Event: 1976.921 Executing VM operation: HandshakeAllThreads (Deoptimize) done
Event: 1977.931 Executing VM operation: Cleanup
Event: 1977.931 Executing VM operation: Cleanup done

Memory protections (0 events):
No events

Nmethod flushes (20 events):
Event: 1960.714 Thread 0x000001355df9df00 flushing  nmethod 0x0000013546d53e90
Event: 1960.714 Thread 0x000001355df9df00 flushing  nmethod 0x0000013546d54710
Event: 1960.714 Thread 0x000001355df9df00 flushing  nmethod 0x0000013546d57990
Event: 1960.714 Thread 0x000001355df9df00 flushing  nmethod 0x0000013546d84f10
Event: 1960.714 Thread 0x000001355df9df00 flushing  nmethod 0x0000013546d86090
Event: 1960.714 Thread 0x000001355df9df00 flushing  nmethod 0x0000013546dea410
Event: 1960.714 Thread 0x000001355df9df00 flushing  nmethod 0x0000013546deaa90
Event: 1960.714 Thread 0x000001355df9df00 flushing  nmethod 0x0000013546debd90
Event: 1960.714 Thread 0x000001355df9df00 flushing  nmethod 0x0000013546dec210
Event: 1960.714 Thread 0x000001355df9df00 flushing  nmethod 0x0000013546def490
Event: 1960.714 Thread 0x000001355df9df00 flushing  nmethod 0x0000013546e51010
Event: 1960.714 Thread 0x000001355df9df00 flushing  nmethod 0x0000013546e51d90
Event: 1960.714 Thread 0x000001355df9df00 flushing  nmethod 0x0000013546e52410
Event: 1960.714 Thread 0x000001355df9df00 flushing  nmethod 0x0000013547549a10
Event: 1960.714 Thread 0x000001355df9df00 flushing  nmethod 0x000001354754db90
Event: 1960.714 Thread 0x000001355df9df00 flushing  nmethod 0x000001354754e190
Event: 1960.714 Thread 0x000001355df9df00 flushing  nmethod 0x000001354754fe90
Event: 1960.714 Thread 0x000001355df9df00 flushing  nmethod 0x0000013547552090
Event: 1960.714 Thread 0x000001355df9df00 flushing  nmethod 0x0000013547553510
Event: 1960.714 Thread 0x000001355df9df00 flushing  nmethod 0x0000013547553f90

Events (20 events):
Event: 1975.791 Thread 0x000001356dce72b0 Thread added: 0x0000013565e54b50
Event: 1975.799 Thread 0x0000013565e54b50 Thread exited: 0x0000013565e54b50
Event: 1975.799 Thread 0x000001356dce72b0 Thread added: 0x0000013565e523f0
Event: 1975.881 Thread 0x0000013565e523f0 Thread exited: 0x0000013565e523f0
Event: 1975.881 Thread 0x000001356dce72b0 Thread added: 0x0000013565e54b50
Event: 1975.923 Thread 0x0000013565e54b50 Thread exited: 0x0000013565e54b50
Event: 1975.924 Thread 0x000001356dce72b0 Thread added: 0x0000013565e551e0
Event: 1975.924 Thread 0x0000013565e551e0 Thread exited: 0x0000013565e551e0
Event: 1975.924 Thread 0x000001356dce72b0 Thread added: 0x0000013565e523f0
Event: 1975.924 Thread 0x0000013565e523f0 Thread exited: 0x0000013565e523f0
Event: 1975.955 Thread 0x000001356dce72b0 Thread added: 0x0000013565e523f0
Event: 1975.956 Thread 0x000001356dce72b0 Thread added: 0x0000013565e54b50
Event: 1975.956 Thread 0x0000013565e523f0 Thread exited: 0x0000013565e523f0
Event: 1975.957 Thread 0x0000013565e54b50 Thread exited: 0x0000013565e54b50
Event: 1976.101 Thread 0x00000135620b3d80 Thread added: 0x0000013562c36d30
Event: 1976.126 Thread 0x00000135620b3d80 Thread added: 0x0000013563552a60
Event: 1976.142 Thread 0x00000135620b3d80 Thread added: 0x00000135629e92e0
Event: 1976.803 Thread 0x00000135629e92e0 Thread added: 0x000001356deb1420
Event: 1976.803 Thread 0x00000135629e92e0 Thread added: 0x0000013567093880
Event: 1977.992 Thread 0x0000013567093880 Thread exited: 0x0000013567093880


Dynamic libraries:
0x00007ff796990000 - 0x00007ff79699e000 	D:\STM32Cube\STM32Cube\jre\bin\javaw.exe
0x00007ff974c00000 - 0x00007ff974e69000 	C:\Windows\SYSTEM32\ntdll.dll
0x00007ff9734c0000 - 0x00007ff973589000 	C:\Windows\System32\KERNEL32.DLL
0x00007ff972230000 - 0x00007ff972623000 	C:\Windows\System32\KERNELBASE.dll
0x00007ff96ed20000 - 0x00007ff96edbe000 	C:\Windows\SYSTEM32\apphelp.dll
0x00007ff9727b0000 - 0x00007ff9728fb000 	C:\Windows\System32\ucrtbase.dll
0x00007ff959490000 - 0x00007ff9594a8000 	D:\STM32Cube\STM32Cube\jre\bin\jli.dll
0x00007ff95b770000 - 0x00007ff95b78e000 	D:\STM32Cube\STM32Cube\jre\bin\VCRUNTIME140.dll
0x00007ff972d90000 - 0x00007ff972f54000 	C:\Windows\System32\USER32.dll
0x00007ff952300000 - 0x00007ff952593000 	C:\Windows\WinSxS\amd64_microsoft.windows.common-controls_6595b64144ccf1df_6.0.26100.5074_none_3e0d6f78e32fd63f\COMCTL32.dll
0x00007ff9729a0000 - 0x00007ff9729c7000 	C:\Windows\System32\win32u.dll
0x00007ff973170000 - 0x00007ff973219000 	C:\Windows\System32\msvcrt.dll
0x00007ff974b90000 - 0x00007ff974bbb000 	C:\Windows\System32\GDI32.dll
0x00007ff971ee0000 - 0x00007ff97200d000 	C:\Windows\System32\gdi32full.dll
0x00007ff972180000 - 0x00007ff972223000 	C:\Windows\System32\msvcp_win.dll
0x00007ff972c00000 - 0x00007ff972c2f000 	C:\Windows\System32\IMM32.DLL
0x00007ff96cbf0000 - 0x00007ff96cbfc000 	D:\STM32Cube\STM32Cube\jre\bin\vcruntime140_1.dll
0x00007ff91b300000 - 0x00007ff91b38d000 	D:\STM32Cube\STM32Cube\jre\bin\msvcp140.dll
0x00007ff8533b0000 - 0x00007ff854150000 	D:\STM32Cube\STM32Cube\jre\bin\server\jvm.dll
0x00007ff972ad0000 - 0x00007ff972b84000 	C:\Windows\System32\ADVAPI32.dll
0x00007ff9730c0000 - 0x00007ff973166000 	C:\Windows\System32\sechost.dll
0x00007ff973590000 - 0x00007ff9736a8000 	C:\Windows\System32\RPCRT4.dll
0x00007ff973440000 - 0x00007ff9734b4000 	C:\Windows\System32\WS2_32.dll
0x00007ff971590000 - 0x00007ff9715ee000 	C:\Windows\SYSTEM32\POWRPROF.dll
0x00007ff96ad00000 - 0x00007ff96ad0b000 	C:\Windows\SYSTEM32\VERSION.dll
0x00007ff9630a0000 - 0x00007ff9630d5000 	C:\Windows\SYSTEM32\WINMM.dll
0x00007ff971570000 - 0x00007ff971584000 	C:\Windows\SYSTEM32\UMPDC.dll
0x00007ff970b70000 - 0x00007ff970b8b000 	C:\Windows\SYSTEM32\kernel.appcore.dll
0x00007ff96ca80000 - 0x00007ff96ca8a000 	D:\STM32Cube\STM32Cube\jre\bin\jimage.dll
0x00007ff961bf0000 - 0x00007ff961e32000 	C:\Windows\SYSTEM32\DBGHELP.DLL
0x00007ff974000000 - 0x00007ff97437b000 	C:\Windows\System32\combase.dll
0x00007ff972cb0000 - 0x00007ff972d87000 	C:\Windows\System32\OLEAUT32.dll
0x00007ff94bd60000 - 0x00007ff94bd9d000 	C:\Windows\SYSTEM32\dbgcore.DLL
0x00007ff972900000 - 0x00007ff972999000 	C:\Windows\System32\bcryptPrimitives.dll
0x00007ff958840000 - 0x00007ff958860000 	D:\STM32Cube\STM32Cube\jre\bin\java.dll
0x00007ff974380000 - 0x00007ff974acd000 	C:\Windows\System32\SHELL32.dll
0x00007ff972010000 - 0x00007ff97217c000 	C:\Windows\System32\wintypes.dll
0x00007ff96f9c0000 - 0x00007ff970219000 	C:\Windows\SYSTEM32\windows.storage.dll
0x00007ff9729d0000 - 0x00007ff972ac0000 	C:\Windows\System32\SHCORE.dll
0x00007ff972b90000 - 0x00007ff972bf2000 	C:\Windows\System32\shlwapi.dll
0x00007ff971cb0000 - 0x00007ff971cd9000 	C:\Windows\SYSTEM32\profapi.dll
0x00007ff89b240000 - 0x00007ff89b317000 	D:\STM32Cube\STM32Cube\jre\bin\jsvml.dll
0x00007ff96a710000 - 0x00007ff96a720000 	D:\STM32Cube\STM32Cube\jre\bin\net.dll
0x00007ff96abd0000 - 0x00007ff96acef000 	C:\Windows\SYSTEM32\WINHTTP.dll
0x00007ff9710f0000 - 0x00007ff97115b000 	C:\Windows\system32\mswsock.dll
0x00007ff959420000 - 0x00007ff959436000 	D:\STM32Cube\STM32Cube\jre\bin\nio.dll
0x00007ff958670000 - 0x00007ff958688000 	D:\STM32Cube\STM32Cube\jre\bin\zip.dll
0x00007ff95c7e0000 - 0x00007ff95c7ea000 	D:\STM32Cube\STM32Cube\jre\bin\management.dll
0x00007ff95c2c0000 - 0x00007ff95c2cc000 	D:\STM32Cube\STM32Cube\jre\bin\management_ext.dll
0x00007ff973de0000 - 0x00007ff973de8000 	C:\Windows\System32\PSAPI.DLL
0x00007ff940be0000 - 0x00007ff940bf8000 	C:\Windows\system32\napinsp.dll
0x00007ff9706e0000 - 0x00007ff970806000 	C:\Windows\SYSTEM32\DNSAPI.dll
0x00007ff9706a0000 - 0x00007ff9706d4000 	C:\Windows\SYSTEM32\IPHLPAPI.DLL
0x00007ff974b80000 - 0x00007ff974b8a000 	C:\Windows\System32\NSI.dll
0x00007ff940a10000 - 0x00007ff940a22000 	C:\Windows\System32\winrnr.dll
0x00007ff9409e0000 - 0x00007ff940a08000 	C:\Windows\system32\nlansp_c.dll
0x00007ff96a6b0000 - 0x00007ff96a6c6000 	C:\Windows\system32\wshbth.dll
0x00007ff96a6a0000 - 0x00007ff96a6ab000 	C:\Windows\System32\rasadhlp.dll
0x00007ff96b980000 - 0x00007ff96ba06000 	C:\Windows\System32\fwpuclnt.dll
0x00007ff876850000 - 0x00007ff8769df000 	D:\STM32Cube\STM32Cube\jre\bin\awt.dll
0x00007ff9713a0000 - 0x00007ff9713bb000 	C:\Windows\SYSTEM32\CRYPTSP.dll
0x00007ff970ad0000 - 0x00007ff970b0b000 	C:\Windows\system32\rsaenh.dll
0x00007ff971190000 - 0x00007ff9711bb000 	C:\Windows\SYSTEM32\USERENV.dll
0x00007ff971c80000 - 0x00007ff971ca6000 	C:\Windows\SYSTEM32\bcrypt.dll
0x00007ff971390000 - 0x00007ff97139c000 	C:\Windows\SYSTEM32\CRYPTBASE.dll
0x00007ff96ef60000 - 0x00007ff96f008000 	C:\Windows\system32\uxtheme.dll
0x00007ff972f60000 - 0x00007ff9730b8000 	C:\Windows\System32\MSCTF.dll
0x00007ff973220000 - 0x00007ff9733b8000 	C:\Windows\System32\ole32.dll
0x00007ff96f2e0000 - 0x00007ff96f30b000 	C:\Windows\system32\DWMAPI.DLL
0x00007ff925bc0000 - 0x00007ff925ccc000 	C:\Windows\system32\opengl32.dll
0x00007ff926ca0000 - 0x00007ff926ccd000 	C:\Windows\SYSTEM32\GLU32.dll
0x00007ff96f060000 - 0x00007ff96f0a4000 	C:\Windows\SYSTEM32\dxcore.dll
0x00007ff90f2f0000 - 0x00007ff90f377000 	D:\STM32Cube\STM32Cube\jre\bin\freetype.dll
0x00007ff891f80000 - 0x00007ff892072000 	D:\STM32Cube\STM32Cube\jre\bin\fontmanager.dll
0x00007ff95bde0000 - 0x00007ff95bdf0000 	D:\STM32Cube\STM32Cube\jre\bin\verify.dll
0x00007ff95b7b0000 - 0x00007ff95b7b9000 	D:\STM32Cube\STM32Cube\jre\bin\prefs.dll
0x00007ff913230000 - 0x00007ff913271000 	C:\Users\33711\AppData\Local\Temp\jna-48673335\jna14135667205468534108.dll
0x00007ff92ec10000 - 0x00007ff92ed59000 	C:\Windows\SYSTEM32\textinputframework.dll
0x00007ff96e970000 - 0x00007ff96ea95000 	C:\Windows\SYSTEM32\CoreMessaging.dll
0x00007ff96b420000 - 0x00007ff96b703000 	C:\Windows\SYSTEM32\CoreUIComponents.dll
0x00007ff95b720000 - 0x00007ff95b72e000 	D:\STM32Cube\STM32Cube\jre\bin\sunmscapi.dll
0x00007ff972630000 - 0x00007ff9727a7000 	C:\Windows\System32\CRYPT32.dll
0x00007ff9716d0000 - 0x00007ff971700000 	C:\Windows\SYSTEM32\ncrypt.dll
0x00007ff971680000 - 0x00007ff9716bf000 	C:\Windows\SYSTEM32\NTASN1.dll
0x00007ff971400000 - 0x00007ff971413000 	C:\Windows\SYSTEM32\MSASN1.dll
0x00007ff971160000 - 0x00007ff971187000 	C:\Windows\SYSTEM32\gpapi.dll
0x00007ff95b630000 - 0x00007ff95b639000 	D:\STM32Cube\STM32Cube\jre\bin\extnet.dll
0x00007ff93e230000 - 0x00007ff93e25f000 	D:\STM32Cube\STM32Cube\jre\bin\javajpeg.dll
0x00007ff973d20000 - 0x00007ff973dd1000 	C:\Windows\System32\clbcatq.dll
0x00007ff96d110000 - 0x00007ff96d33f000 	C:\Windows\SYSTEM32\WindowsCodecs.dll
0x00007ff93ed10000 - 0x00007ff93ed6a000 	C:\Windows\system32\dataexchange.dll
0x00007ff962dc0000 - 0x00007ff962ff9000 	C:\Windows\system32\twinapi.appcore.dll
0x00007ff8912a0000 - 0x00007ff8913c6000 	C:\Users\33711\.stm32cubemx\.jxbrowser-8.15.0\Chromium\toolkit64.dll
0x00007ff87f100000 - 0x00007ff87f21e000 	C:\Users\33711\.stm32cubemx\.jxbrowser-8.15.0\Chromium\ipc64.dll

JVMTI agents: none

dbghelp: loaded successfully - version: 4.0.5 - missing functions: none
symbol engine: initialized successfully - sym options: 0x614 - pdb path: .;D:\STM32Cube\STM32Cube\jre\bin;C:\Windows\SYSTEM32;C:\Windows\WinSxS\amd64_microsoft.windows.common-controls_6595b64144ccf1df_6.0.26100.5074_none_3e0d6f78e32fd63f;D:\STM32Cube\STM32Cube\jre\bin\server;C:\Users\33711\AppData\Local\Temp\jna-48673335;C:\Users\33711\.stm32cubemx\.jxbrowser-8.15.0\Chromium

VM Arguments:
jvm_args: -Djavax.net.ssl.trustStoreType=WINDOWS-ROOT -Dsun.java2d.d3d=false --add-exports=java.desktop/sun.awt=ALL-UNNAMED --add-opens=java.desktop/java.awt=ALL-UNNAMED -Dfile.encoding=UTF8 
java_command: com.st.microxplorer.maingui.STM32CubeMX D:\STM32Cube  project\robot\robot.ioc
java_class_path (initial): D:\STM32Cube\STM32Cube\STM32CubeMX.exe;anything
Launcher Type: SUN_STANDARD

[Global flags]
     intx CICompilerCount                          = 12                                        {product} {ergonomic}
     uint ConcGCThreads                            = 3                                         {product} {ergonomic}
     uint G1ConcRefinementThreads                  = 13                                        {product} {ergonomic}
   size_t G1HeapRegionSize                         = 2097152                                   {product} {ergonomic}
    uintx GCDrainStackTargetSize                   = 64                                        {product} {ergonomic}
   size_t InitialHeapSize                          = 257949696                                 {product} {ergonomic}
   size_t MarkStackSize                            = 4194304                                   {product} {ergonomic}
   size_t MaxHeapSize                              = 4097835008                                {product} {ergonomic}
   size_t MaxNewSize                               = 2457862144                                {product} {ergonomic}
   size_t MinHeapDeltaBytes                        = 2097152                                   {product} {ergonomic}
   size_t MinHeapSize                              = 8388608                                   {product} {ergonomic}
    uintx NonNMethodCodeHeapSize                   = 7602480                                {pd product} {ergonomic}
    uintx NonProfiledCodeHeapSize                  = 122027880                              {pd product} {ergonomic}
    uintx ProfiledCodeHeapSize                     = 122027880                              {pd product} {ergonomic}
    uintx ReservedCodeCacheSize                    = 251658240                              {pd product} {ergonomic}
     bool SegmentedCodeCache                       = true                                      {product} {ergonomic}
   size_t SoftMaxHeapSize                          = 4097835008                             {manageable} {ergonomic}
     bool UseCompressedOops                        = true                           {product lp64_product} {ergonomic}
     bool UseG1GC                                  = true                                      {product} {ergonomic}
     bool UseLargePagesIndividualAllocation        = false                                  {pd product} {ergonomic}

Logging:
Log output configuration:
 #0: stdout all=warning uptime,level,tags foldmultilines=false
 #1: stderr all=off uptime,level,tags foldmultilines=false

Release file:
JAVA_VERSION="21.0.9" 
MODULES="java.base java.compiler java.datatransfer java.xml java.prefs java.desktop java.instrument java.logging java.management java.security.sasl java.naming java.rmi java.management.rmi java.net.http java.scripting java.security.jgss java.transaction.xa java.sql java.sql.rowset java.xml.crypto java.se java.smartcardio jdk.jfr javafx.base jdk.unsupported javafx.graphics javafx.controls javafx.fxml javafx.media jdk.unsupported.desktop javafx.swing jdk.jsobject jdk.xml.dom javafx.web jdk.accessibility jdk.internal.jvmstat jdk.attach jdk.charsets jdk.internal.opt jdk.zipfs jdk.compiler jdk.crypto.ec jdk.crypto.cryptoki jdk.crypto.mscapi jdk.dynalink jdk.internal.ed jdk.editpad jdk.httpserver jdk.incubator.vector jdk.internal.le jdk.internal.vm.ci jdk.internal.vm.compiler jdk.internal.vm.compiler.management jdk.jartool jdk.javadoc jdk.jdeps jdk.jdwp.agent jdk.jdi jdk.jlink jdk.jpackage jdk.jshell jdk.jstatd jdk.localedata jdk.management jdk.management.agent jdk.management.jfr jdk.naming.dns jdk.naming.rmi jdk.net jdk.nio.mapmode jdk.random jdk.sctp jdk.security.auth jdk.security.jgss" 

Environment Variables:
PATH=D:\STM32Cube\STM32Cube\;D:\Xshell 6\;D:\VMware\bin\;C:\Program Files (x86)\Common Files\Oracle\Java\java8path;C:\Program Files (x86)\Common Files\Oracle\Java\javapath;D:\JDK\bin;C:\Windows\system32;C:\Windows;C:\Windows\System32\Wbem;C:\Windows\System32\WindowsPowerShell\v1.0\;C:\Windows\System32\OpenSSH\;C:\Program Files (x86)\NVIDIA Corporation\PhysX\Common;C:\Program Files\NVIDIA Corporation\NVIDIA App\NvDLISR;C:\Program Files\dotnet\;D:\MY SQL installer\bin;D:\opencv\OpenCV-MinGW-Build-OpenCV-4.5.5-x64\x64\mingw\bin;D:\node\;D:\Cursor\cursor\resources\app\bin;D:\Xshell 8\Xshell 8\;D:\Xftp 8\Xftp 8\;C:\Program Files (x86)\STMicroelectronics\STM32 ST-LINK Utility\ST-LINK Utility;C:\Program Files (x86)\Tencent\Î˘ĐĹwebżŞ·˘Őßą¤ľß\dll;\Users;33711\.local\bin;D:\mosquitto-2.0.15-install\mosquitto;C:\Program Files\mosquitto;D:\Git\cmd;C:\Users\33711\.local\bin;C:\Users\33711\AppData\Local\Programs\Python\Python312\Scripts\;C:\Users\33711\AppData\Local\Programs\Python\Python312\;C:\Users\33711\AppData\Local\Programs\Python\Launcher\;C:\Users\33711\AppData\Local\Microsoft\WindowsApps;D:\VS\Microsoft VS Code\bin;D:\QT\Tools\mingw1120_64\bin;D:\java\IntelliJ IDEA Community Edition 2025.2.4\bin;C:\Users\33711\AppData\Roaming\npm;D:\IDEA\IntelliJ IDEA 2024.1\bin;;D:\Lingma\Lingma\bin;D:\STM32Cube\STM32Cube\.\jre\\bin
USERNAME=33711
OS=Windows_NT
PROCESSOR_IDENTIFIER=AMD64 Family 25 Model 117 Stepping 2, AuthenticAMD
TMP=C:\Users\33711\AppData\Local\Temp
TEMP=C:\Users\33711\AppData\Local\Temp




Periodic native trim disabled

---------------  S Y S T E M  ---------------

OS:
 Windows 11 , 64 bit Build 26100 (10.0.26100.5074)
OS uptime: 1 days 3:06 hours
Hyper-V role detected

CPU: total 16 (initial active 16) (16 cores per cpu, 2 threads per core) family 25 model 117 stepping 2 microcode 0xa70520a, cx8, cmov, fxsr, ht, mmx, 3dnowpref, sse, sse2, sse3, ssse3, sse4a, sse4.1, sse4.2, popcnt, lzcnt, tsc, tscinvbit, avx, avx2, aes, erms, clmul, bmi1, bmi2, adx, avx512f, avx512dq, avx512cd, avx512bw, avx512vl, sha, fma, vzeroupper, avx512_vpopcntdq, avx512_vpclmulqdq, avx512_vaes, avx512_vnni, clflush, clflushopt, avx512_vbmi2, avx512_vbmi, hv, rdtscp, rdpid, fsrm, gfni, avx512_bitalg, f16c, cet_ss, avx512_ifma
Processor Information for the first 16 processors :
  Max Mhz: 3801, Current Mhz: 3801, Mhz Limit: 3801

Memory: 4k page, system-wide physical 15629M (559M free)
TotalPageFile size 40827M (AvailPageFile size 92M)
current process WorkingSet (physical memory assigned to process): 314M, peak: 432M
current process commit charge ("private bytes"): 565M, peak: 567M

vm_info: OpenJDK 64-Bit Server VM (21.0.9+10-LTS) for windows-amd64 JRE (21.0.9+10-LTS), built on 2025-10-21T00:00:00Z by "admin" with unknown MS VC++:1942

END.
