#
# There is insufficient memory for the Java Runtime Environment to continue.
# Native memory allocation (malloc) failed to allocate 419136 bytes. Error detail: Chunk::new
# Possible reasons:
#   The system is out of physical RAM or swap space
#   This process is running with CompressedOops enabled, and the Java Heap may be blocking the growth of the native heap
# Possible solutions:
#   Reduce memory load on the system
#   Increase physical memory or swap space
#   Check if swap backing store is full
#   Decrease Java heap size (-Xmx/-Xms)
#   Decrease number of Java threads
#   Decrease Java thread stack sizes (-Xss)
#   Set larger code cache with -XX:ReservedCodeCacheSize=
#   JVM is running with Zero Based Compressed Oops mode in which the Java heap is
#     placed in the first 32GB address space. The Java Heap base address is the
#     maximum limit for the native heap growth. Please use -XX:HeapBaseMinAddress
#     to set the Java Heap base and to place the Java Heap above 32GB virtual address.
# This output file may be truncated or incomplete.
#
#  Out of Memory Error (arena.cpp:168), pid=31508, tid=30588
#
# JRE version: OpenJDK Runtime Environment Temurin-21.0.9+10 (21.0.9+10) (build 21.0.9+10-LTS)
# Java VM: OpenJDK 64-Bit Server VM Temurin-21.0.9+10 (21.0.9+10-LTS, mixed mode, tiered, compressed oops, compressed class ptrs, g1 gc, windows-amd64)
# No core dump will be written. Minidumps are not enabled by default on client versions of Windows
#

---------------  S U M M A R Y ------------

Command Line: -Djavax.net.ssl.trustStoreType=WINDOWS-ROOT -Dsun.java2d.d3d=false --add-exports=java.desktop/sun.awt=ALL-UNNAMED --add-opens=java.desktop/java.awt=ALL-UNNAMED -Dfile.encoding=UTF8 com.st.microxplorer.maingui.STM32CubeMX D:\STM32Cube  project\robot\robot.ioc

Host: AMD Ryzen 7 H 260 w/ Radeon 780M Graphics       , 16 cores, 15G,  Windows 11 , 64 bit Build 26100 (10.0.26100.5074)
Time: Sat Jun 13 17:32:43 2026 elapsed time: 1981.586099 seconds (0d 0h 33m 1s)

---------------  T H R E A D  ---------------

Current thread (0x0000021b844478f0):  JavaThread "C2 CompilerThread0" daemon [_thread_in_native, id=30588, stack(0x000000ae05b00000,0x000000ae05c00000) (1024K)]


Current CompileTask:
C2:1981586 10431       4       jdk.internal.module.SystemModuleFinders$SystemModuleReader::find (59 bytes)

Stack: [0x000000ae05b00000,0x000000ae05c00000]
Native frames: (J=compiled Java code, j=interpreted, Vv=VM code, C=native code)
V  [jvm.dll+0x6d6e29]
V  [jvm.dll+0x8b4b76]
V  [jvm.dll+0x8b712e]
V  [jvm.dll+0x8b7813]
V  [jvm.dll+0x283d86]
V  [jvm.dll+0xc66ed]
V  [jvm.dll+0xc6c31]
V  [jvm.dll+0x2facee]
V  [jvm.dll+0x5fde44]
V  [jvm.dll+0x255557]
V  [jvm.dll+0x25591d]
V  [jvm.dll+0x24df40]
V  [jvm.dll+0x24b482]
V  [jvm.dll+0x1cb13e]
V  [jvm.dll+0x25b29d]
V  [jvm.dll+0x25982a]
V  [jvm.dll+0x3f7ea6]
V  [jvm.dll+0x85e9ad]
V  [jvm.dll+0x6d565d]
C  [ucrtbase.dll+0x37b0]
C  [KERNEL32.DLL+0x2e8d7]
C  [ntdll.dll+0x8d9c]


---------------  P R O C E S S  ---------------

Threads class SMR info:
_java_thread_list=0x0000021b94069d60, length=76, elements={
0x0000021b84450040, 0x0000021b8443ffc0, 0x0000021b84440c30, 0x0000021b84441770,
0x0000021b844431d0, 0x0000021b84443d50, 0x0000021b844478f0, 0x0000021b844db490,
0x0000021b84646590, 0x0000021b8464cc10, 0x0000021b892c6a40, 0x0000021b891508e0,
0x0000021b892c53a0, 0x0000021b84710f90, 0x0000021be17dafd0, 0x0000021b896c0c30,
0x0000021b896c05a0, 0x0000021b8b3d68f0, 0x0000021b8b3d6f80, 0x0000021b8b3d7ca0,
0x0000021b8b3d9050, 0x0000021b8b3d8330, 0x0000021b8b3d89c0, 0x0000021b8b3d5bd0,
0x0000021b8b3d96e0, 0x0000021b8b3d6260, 0x0000021b8b3d7610, 0x0000021b8b3dc4d0,
0x0000021b8b3dbe40, 0x0000021b8b3dcb60, 0x0000021b8b3d9d70, 0x0000021b8b3da400,
0x0000021b8b3daa90, 0x0000021b8b3db120, 0x0000021b8b3db7b0, 0x0000021b896beb60,
0x0000021b896c1950, 0x0000021b896bf880, 0x0000021b896bf1f0, 0x0000021b896bff10,
0x0000021b8cd5dcf0, 0x0000021b8cd5f730, 0x0000021b8cd5f0a0, 0x0000021b8cd61800,
0x0000021b8cd60ae0, 0x0000021b8cd5e380, 0x0000021b8cd5ea10, 0x0000021b8cd62bb0,
0x0000021b8cd63240, 0x0000021b8cd5fdc0, 0x0000021b8cd638d0, 0x0000021b8cd61e90,
0x0000021b8cd61170, 0x0000021b8cd62520, 0x0000021b8cd60450, 0x0000021b8cd65310,
0x0000021b8cd63f60, 0x0000021b8cd64c80, 0x0000021b8cd645f0, 0x0000021b8bd42b50,
0x0000021b8bd44c20, 0x0000021b8bd431e0, 0x0000021b8bd43870, 0x0000021b8bd45940,
0x0000021b8bd43f00, 0x0000021b8bd424c0, 0x0000021b8bd452b0, 0x0000021b8bd45fd0,
0x0000021b8bd46660, 0x0000021b8bd46cf0, 0x0000021b8bd47380, 0x0000021b8bd47a10,
0x0000021b8bd44590, 0x0000021b8bd480a0, 0x0000021b8bd48dc0, 0x0000021b8bd48730
}

Java Threads: ( => current thread )
  0x0000021b84450040 JavaThread "Reference Handler"          daemon [_thread_blocked, id=35068, stack(0x000000ae05500000,0x000000ae05600000) (1024K)]
  0x0000021b8443ffc0 JavaThread "Finalizer"                  daemon [_thread_blocked, id=8032, stack(0x000000ae05600000,0x000000ae05700000) (1024K)]
  0x0000021b84440c30 JavaThread "Signal Dispatcher"          daemon [_thread_blocked, id=26312, stack(0x000000ae05700000,0x000000ae05800000) (1024K)]
  0x0000021b84441770 JavaThread "Attach Listener"            daemon [_thread_blocked, id=15384, stack(0x000000ae05800000,0x000000ae05900000) (1024K)]
  0x0000021b844431d0 JavaThread "Service Thread"             daemon [_thread_blocked, id=35212, stack(0x000000ae05900000,0x000000ae05a00000) (1024K)]
  0x0000021b84443d50 JavaThread "Monitor Deflation Thread"   daemon [_thread_blocked, id=18692, stack(0x000000ae05a00000,0x000000ae05b00000) (1024K)]
=>0x0000021b844478f0 JavaThread "C2 CompilerThread0"         daemon [_thread_in_native, id=30588, stack(0x000000ae05b00000,0x000000ae05c00000) (1024K)]
  0x0000021b844db490 JavaThread "C1 CompilerThread0"         daemon [_thread_blocked, id=20372, stack(0x000000ae05c00000,0x000000ae05d00000) (1024K)]
  0x0000021b84646590 JavaThread "Notification Thread"        daemon [_thread_blocked, id=32132, stack(0x000000ae05f00000,0x000000ae06000000) (1024K)]
  0x0000021b8464cc10 JavaThread "Common-Cleaner"             daemon [_thread_blocked, id=28628, stack(0x000000ae06000000,0x000000ae06100000) (1024K)]
  0x0000021b892c6a40 JavaThread "Java2D Disposer"            daemon [_thread_blocked, id=41576, stack(0x000000ae06f00000,0x000000ae07000000) (1024K)]
  0x0000021b891508e0 JavaThread "AWT-Shutdown"                      [_thread_blocked, id=25568, stack(0x000000ae07000000,0x000000ae07100000) (1024K)]
  0x0000021b892c53a0 JavaThread "AWT-Windows"                daemon [_thread_in_native, id=35232, stack(0x000000ae07100000,0x000000ae07200000) (1024K)]
  0x0000021b84710f90 JavaThread "AWT-EventQueue-0"                  [_thread_blocked, id=32724, stack(0x000000ae06e00000,0x000000ae06f00000) (1024K)]
  0x0000021be17dafd0 JavaThread "DestroyJavaVM"                     [_thread_blocked, id=31060, stack(0x000000ae04d00000,0x000000ae04e00000) (1024K)]
  0x0000021b896c0c30 JavaThread "TimerQueue"                 daemon [_thread_blocked, id=16444, stack(0x000000ae07a00000,0x000000ae07b00000) (1024K)]
  0x0000021b896c05a0 JavaThread "IPC Server Thread"          daemon [_thread_in_native, id=56012, stack(0x000000ae07e00000,0x000000ae07f00000) (1024K)]
  0x0000021b8b3d68f0 JavaThread "Chromium Process Thread"           [_thread_in_native, id=55712, stack(0x000000ae08200000,0x000000ae08300000) (1024K)]
  0x0000021b8b3d6f80 JavaThread "Chromium Process Logger"    daemon [_thread_in_native, id=55200, stack(0x000000ae08300000,0x000000ae08400000) (1024K)]
  0x0000021b8b3d7ca0 JavaThread "IPC Memory Reader Thread"          [_thread_in_native, id=54420, stack(0x000000ae08500000,0x000000ae08600000) (1024K)]
  0x0000021b8b3d9050 JavaThread "Browser Thread: 298b2029-e65e-40aa-9ed3-916de9b7b03a" daemon [_thread_blocked, id=56004, stack(0x000000ae08600000,0x000000ae08700000) (1024K)]
  0x0000021b8b3d8330 JavaThread "Socket Connection Checker: 298b2029-e65e-40aa-9ed3-916de9b7b03a"        [_thread_in_native, id=56304, stack(0x000000ae08700000,0x000000ae08800000) (1024K)]
  0x0000021b8b3d89c0 JavaThread "Network Thread: cea3b4fe-1bd6-4b76-8a1c-d261cee4979d" daemon [_thread_blocked, id=56416, stack(0x000000ae08a00000,0x000000ae08b00000) (1024K)]
  0x0000021b8b3d5bd0 JavaThread "IPC Memory Reader Thread"          [_thread_in_native, id=56412, stack(0x000000ae08900000,0x000000ae08a00000) (1024K)]
  0x0000021b8b3d96e0 JavaThread "Socket Connection Checker: cea3b4fe-1bd6-4b76-8a1c-d261cee4979d"        [_thread_in_native, id=56420, stack(0x000000ae08b00000,0x000000ae08c00000) (1024K)]
  0x0000021b8b3d6260 JavaThread "SwingWorker-pool-3-thread-1" daemon [_thread_in_vm, id=55608, stack(0x000000ae08c00000,0x000000ae08d00000) (1024K)]
  0x0000021b8b3d7610 JavaThread "Thread-661"                 daemon [_thread_blocked, id=54812, stack(0x000000ae04c00000,0x000000ae04d00000) (1024K)]
  0x0000021b8b3dc4d0 JavaThread "GPU Thread: 0cecb05c-1c0c-471a-97a3-9149f07fa591" daemon [_thread_blocked, id=56972, stack(0x000000ae07800000,0x000000ae07900000) (1024K)]
  0x0000021b8b3dbe40 JavaThread "IPC Memory Reader Thread"          [_thread_in_native, id=57172, stack(0x000000ae07700000,0x000000ae07800000) (1024K)]
  0x0000021b8b3dcb60 JavaThread "Socket Connection Checker: 0cecb05c-1c0c-471a-97a3-9149f07fa591"        [_thread_in_native, id=56260, stack(0x000000ae07f00000,0x000000ae08000000) (1024K)]
  0x0000021b8b3d9d70 JavaThread "Render Thread: 2516507b-087a-4d27-ada3-bfec2ed7f6bf" daemon [_thread_blocked, id=57500, stack(0x000000ae08000000,0x000000ae08100000) (1024K)]
  0x0000021b8b3da400 JavaThread "IPC Memory Reader Thread"          [_thread_in_native, id=57936, stack(0x000000ae07500000,0x000000ae07600000) (1024K)]
  0x0000021b8b3daa90 JavaThread "Socket Connection Checker: 2516507b-087a-4d27-ada3-bfec2ed7f6bf"        [_thread_in_native, id=57524, stack(0x000000ae08100000,0x000000ae08200000) (1024K)]
  0x0000021b8b3db120 JavaThread "Thread-821"                 daemon [_thread_blocked, id=58924, stack(0x000000ae06300000,0x000000ae06400000) (1024K)]
  0x0000021b8b3db7b0 JavaThread "Thread-829"                 daemon [_thread_blocked, id=45484, stack(0x000000ae07d00000,0x000000ae07e00000) (1024K)]
  0x0000021b896beb60 JavaThread "Thread-835"                 daemon [_thread_blocked, id=57508, stack(0x000000ae08d00000,0x000000ae08e00000) (1024K)]
  0x0000021b896c1950 JavaThread "Thread-852"                 daemon [_thread_blocked, id=32280, stack(0x000000ae08e00000,0x000000ae08f00000) (1024K)]
  0x0000021b896bf880 JavaThread "Thread-854"                 daemon [_thread_blocked, id=60180, stack(0x000000ae08f00000,0x000000ae09000000) (1024K)]
  0x0000021b896bf1f0 JavaThread "Thread-860"                 daemon [_thread_blocked, id=60044, stack(0x000000ae09000000,0x000000ae09100000) (1024K)]
  0x0000021b896bff10 JavaThread "Thread-863"                 daemon [_thread_blocked, id=39612, stack(0x000000ae09100000,0x000000ae09200000) (1024K)]
  0x0000021b8cd5dcf0 JavaThread "Thread-865"                 daemon [_thread_blocked, id=60492, stack(0x000000ae09200000,0x000000ae09300000) (1024K)]
  0x0000021b8cd5f730 JavaThread "Thread-875"                 daemon [_thread_blocked, id=61416, stack(0x000000ae09300000,0x000000ae09400000) (1024K)]
  0x0000021b8cd5f0a0 JavaThread "Thread-878"                 daemon [_thread_blocked, id=60812, stack(0x000000ae09400000,0x000000ae09500000) (1024K)]
  0x0000021b8cd61800 JavaThread "Thread-912"                 daemon [_thread_blocked, id=60624, stack(0x000000ae09600000,0x000000ae09700000) (1024K)]
  0x0000021b8cd60ae0 JavaThread "Thread-931"                 daemon [_thread_blocked, id=11148, stack(0x000000ae09700000,0x000000ae09800000) (1024K)]
  0x0000021b8cd5e380 JavaThread "Thread-935"                 daemon [_thread_blocked, id=19348, stack(0x000000ae09500000,0x000000ae09600000) (1024K)]
  0x0000021b8cd5ea10 JavaThread "Thread-948"                 daemon [_thread_blocked, id=61068, stack(0x000000ae09800000,0x000000ae09900000) (1024K)]
  0x0000021b8cd62bb0 JavaThread "Thread-957"                 daemon [_thread_blocked, id=39600, stack(0x000000ae09900000,0x000000ae09a00000) (1024K)]
  0x0000021b8cd63240 JavaThread "Thread-986"                 daemon [_thread_blocked, id=18292, stack(0x000000ae09a00000,0x000000ae09b00000) (1024K)]
  0x0000021b8cd5fdc0 JavaThread "Thread-989"                 daemon [_thread_blocked, id=44188, stack(0x000000ae09b00000,0x000000ae09c00000) (1024K)]
  0x0000021b8cd638d0 JavaThread "Thread-994"                 daemon [_thread_blocked, id=35216, stack(0x000000ae09c00000,0x000000ae09d00000) (1024K)]
  0x0000021b8cd61e90 JavaThread "Thread-997"                 daemon [_thread_blocked, id=32476, stack(0x000000ae09d00000,0x000000ae09e00000) (1024K)]
  0x0000021b8cd61170 JavaThread "Thread-1000"                daemon [_thread_blocked, id=23480, stack(0x000000ae09e00000,0x000000ae09f00000) (1024K)]
  0x0000021b8cd62520 JavaThread "Thread-1011"                daemon [_thread_blocked, id=1100, stack(0x000000ae09f00000,0x000000ae0a000000) (1024K)]
  0x0000021b8cd60450 JavaThread "Thread-1013"                daemon [_thread_blocked, id=25940, stack(0x000000ae0a000000,0x000000ae0a100000) (1024K)]
  0x0000021b8cd65310 JavaThread "Thread-1017"                daemon [_thread_blocked, id=58164, stack(0x000000ae0a200000,0x000000ae0a300000) (1024K)]
  0x0000021b8cd63f60 JavaThread "Thread-1037"                daemon [_thread_blocked, id=5156, stack(0x000000ae0a100000,0x000000ae0a200000) (1024K)]
  0x0000021b8cd64c80 JavaThread "Thread-1063"                daemon [_thread_blocked, id=37880, stack(0x000000ae0a400000,0x000000ae0a500000) (1024K)]
  0x0000021b8cd645f0 JavaThread "Thread-1068"                daemon [_thread_blocked, id=57468, stack(0x000000ae0a300000,0x000000ae0a400000) (1024K)]
  0x0000021b8bd42b50 JavaThread "Thread-1087"                daemon [_thread_blocked, id=43564, stack(0x000000ae0a500000,0x000000ae0a600000) (1024K)]
  0x0000021b8bd44c20 JavaThread "Thread-1091"                daemon [_thread_blocked, id=57372, stack(0x000000ae0a600000,0x000000ae0a700000) (1024K)]
  0x0000021b8bd431e0 JavaThread "Thread-1093"                daemon [_thread_blocked, id=32664, stack(0x000000ae0a700000,0x000000ae0a800000) (1024K)]
  0x0000021b8bd43870 JavaThread "Thread-1095"                daemon [_thread_blocked, id=61384, stack(0x000000ae0a800000,0x000000ae0a900000) (1024K)]
  0x0000021b8bd45940 JavaThread "Thread-1103"                daemon [_thread_blocked, id=56748, stack(0x000000ae0a900000,0x000000ae0aa00000) (1024K)]
  0x0000021b8bd43f00 JavaThread "Thread-1109"                daemon [_thread_blocked, id=59412, stack(0x000000ae0aa00000,0x000000ae0ab00000) (1024K)]
  0x0000021b8bd424c0 JavaThread "Thread-1111"                daemon [_thread_blocked, id=61456, stack(0x000000ae0ac00000,0x000000ae0ad00000) (1024K)]
  0x0000021b8bd452b0 JavaThread "Thread-1116"                daemon [_thread_blocked, id=61556, stack(0x000000ae0ab00000,0x000000ae0ac00000) (1024K)]
  0x0000021b8bd45fd0 JavaThread "Thread-1118"                daemon [_thread_blocked, id=61708, stack(0x000000ae0ae00000,0x000000ae0af00000) (1024K)]
  0x0000021b8bd46660 JavaThread "Thread-1120"                daemon [_thread_blocked, id=61840, stack(0x000000ae0ad00000,0x000000ae0ae00000) (1024K)]
  0x0000021b8bd46cf0 JavaThread "Thread-1122"                daemon [_thread_blocked, id=61872, stack(0x000000ae0af00000,0x000000ae0b000000) (1024K)]
  0x0000021b8bd47380 JavaThread "Thread-1128"                daemon [_thread_blocked, id=62044, stack(0x000000ae0b000000,0x000000ae0b100000) (1024K)]
  0x0000021b8bd47a10 JavaThread "Thread-1132"                daemon [_thread_blocked, id=62116, stack(0x000000ae0b100000,0x000000ae0b200000) (1024K)]
  0x0000021b8bd44590 JavaThread "Thread-1139"                daemon [_thread_blocked, id=62236, stack(0x000000ae0b200000,0x000000ae0b300000) (1024K)]
  0x0000021b8bd480a0 JavaThread "Thread-1141"                daemon [_thread_blocked, id=62344, stack(0x000000ae0b300000,0x000000ae0b400000) (1024K)]
  0x0000021b8bd48dc0 JavaThread "Thread-1146"                daemon [_thread_blocked, id=61788, stack(0x000000ae0b500000,0x000000ae0b600000) (1024K)]
  0x0000021b8bd48730 JavaThread "Thread-1148"                daemon [_thread_blocked, id=62028, stack(0x000000ae0b600000,0x000000ae0b700000) (1024K)]
Total: 76

Other Threads:
  0x0000021bffb6eea0 VMThread "VM Thread"                           [id=15776, stack(0x000000ae05400000,0x000000ae05500000) (1024K)]
  0x0000021bffb4f460 WatcherThread "VM Periodic Task Thread"        [id=22048, stack(0x000000ae05300000,0x000000ae05400000) (1024K)]
  0x0000021be3bf9a50 WorkerThread "GC Thread#0"                     [id=21780, stack(0x000000ae04e00000,0x000000ae04f00000) (1024K)]
  0x0000021b84e30350 WorkerThread "GC Thread#1"                     [id=41704, stack(0x000000ae06200000,0x000000ae06300000) (1024K)]
  0x0000021b84e306f0 WorkerThread "GC Thread#2"                     [id=41708, stack(0x000000ae06400000,0x000000ae06500000) (1024K)]
  0x0000021b84e30a90 WorkerThread "GC Thread#3"                     [id=41712, stack(0x000000ae06500000,0x000000ae06600000) (1024K)]
  0x0000021b84e30e30 WorkerThread "GC Thread#4"                     [id=41716, stack(0x000000ae06600000,0x000000ae06700000) (1024K)]
  0x0000021b893cc630 WorkerThread "GC Thread#5"                     [id=41728, stack(0x000000ae06700000,0x000000ae06800000) (1024K)]
  0x0000021b84dd07c0 WorkerThread "GC Thread#6"                     [id=41732, stack(0x000000ae06800000,0x000000ae06900000) (1024K)]
  0x0000021b84dd0b60 WorkerThread "GC Thread#7"                     [id=41736, stack(0x000000ae06900000,0x000000ae06a00000) (1024K)]
  0x0000021b84dd0f50 WorkerThread "GC Thread#8"                     [id=41308, stack(0x000000ae06100000,0x000000ae06200000) (1024K)]
  0x0000021b84dd2510 WorkerThread "GC Thread#9"                     [id=41304, stack(0x000000ae06a00000,0x000000ae06b00000) (1024K)]
  0x0000021b84dd28b0 WorkerThread "GC Thread#10"                    [id=27724, stack(0x000000ae06b00000,0x000000ae06c00000) (1024K)]
  0x0000021b84dd1dd0 WorkerThread "GC Thread#11"                    [id=42420, stack(0x000000ae07300000,0x000000ae07400000) (1024K)]
  0x0000021b893e7980 WorkerThread "GC Thread#12"                    [id=22584, stack(0x000000ae07400000,0x000000ae07500000) (1024K)]
  0x0000021be3c0ae80 ConcurrentGCThread "G1 Main Marker"            [id=13664, stack(0x000000ae04f00000,0x000000ae05000000) (1024K)]
  0x0000021be3c0d890 WorkerThread "G1 Conc#0"                       [id=40240, stack(0x000000ae05000000,0x000000ae05100000) (1024K)]
  0x0000021b84dd12f0 WorkerThread "G1 Conc#1"                       [id=41436, stack(0x000000ae06c00000,0x000000ae06d00000) (1024K)]
  0x0000021b84dd1690 WorkerThread "G1 Conc#2"                       [id=4012, stack(0x000000ae06d00000,0x000000ae06e00000) (1024K)]
  0x0000021be3c4eb30 ConcurrentGCThread "G1 Refine#0"               [id=9540, stack(0x000000ae05100000,0x000000ae05200000) (1024K)]
  0x0000021bffa23550 ConcurrentGCThread "G1 Service"                [id=29140, stack(0x000000ae05200000,0x000000ae05300000) (1024K)]
Total: 21

Threads with active compile tasks:
C2 CompilerThread0  1981759 10431       4       jdk.internal.module.SystemModuleFinders$SystemModuleReader::find (59 bytes)
Total: 1

VM state: not at safepoint (normal execution)

VM Mutex/Monitor currently owned by a thread: None

Heap address: 0x000000070bc00000, size: 3908 MB, Compressed Oops mode: Zero based, Oop shift amount: 3

CDS archive(s) not mapped
Compressed class space mapped at: 0x0000000800000000-0x0000000840000000, reserved size: 1073741824
Narrow klass base: 0x0000000800000000, Narrow klass shift: 0, Narrow klass range: 0x40000000

GC Precious Log:
 CardTable entry size: 512
 Card Set container configuration: InlinePtr #cards 4 size 8 Array Of Cards #cards 16 size 48 Howl #buckets 8 coarsen threshold 3686 Howl Bitmap #cards 512 size 80 coarsen threshold 460 Card regions per heap region 1 cards per card region 4096
 CPUs: 16 total, 16 available
 Memory: 15629M
 Large Page Support: Disabled
 NUMA Support: Disabled
 Compressed Oops: Enabled (Zero based)
 Heap Region Size: 2M
 Heap Min Capacity: 8M
 Heap Initial Capacity: 246M
 Heap Max Capacity: 3908M
 Pre-touch: Disabled
 Parallel Workers: 13
 Concurrent Workers: 3
 Concurrent Refinement Workers: 13
 Periodic GC: Disabled

Heap:
 garbage-first heap   total 256000K, used 147456K [0x000000070bc00000, 0x0000000800000000)
  region size 2048K, 19 young (38912K), 8 survivors (16384K)
 Metaspace       used 89507K, committed 90624K, reserved 1179648K
  class space    used 9980K, committed 10496K, reserved 1048576K

Heap Regions: E=young(eden), S=young(survivor), O=old, HS=humongous(starts), HC=humongous(continues), CS=collection set, F=free, TAMS=top-at-mark-start, PB=parsable bottom
|   0|0x000000070bc00000, 0x000000070be00000, 0x000000070be00000|100%|HS|  |TAMS 0x000000070bc00000| PB 0x000000070bc00000| Complete 
|   1|0x000000070be00000, 0x000000070c000000, 0x000000070c000000|100%|HC|  |TAMS 0x000000070be00000| PB 0x000000070be00000| Complete 
|   2|0x000000070c000000, 0x000000070c200000, 0x000000070c200000|100%|HC|  |TAMS 0x000000070c000000| PB 0x000000070c000000| Complete 
|   3|0x000000070c200000, 0x000000070c400000, 0x000000070c400000|100%|HC|  |TAMS 0x000000070c200000| PB 0x000000070c200000| Complete 
|   4|0x000000070c400000, 0x000000070c600000, 0x000000070c600000|100%| O|  |TAMS 0x000000070c400000| PB 0x000000070c400000| Untracked 
|   5|0x000000070c600000, 0x000000070c800000, 0x000000070c800000|100%| O|  |TAMS 0x000000070c600000| PB 0x000000070c600000| Untracked 
|   6|0x000000070c800000, 0x000000070ca00000, 0x000000070ca00000|100%| O|  |TAMS 0x000000070c800000| PB 0x000000070c800000| Untracked 
|   7|0x000000070ca00000, 0x000000070cc00000, 0x000000070cc00000|100%|HS|  |TAMS 0x000000070ca00000| PB 0x000000070ca00000| Complete 
|   8|0x000000070cc00000, 0x000000070ce00000, 0x000000070ce00000|100%| O|  |TAMS 0x000000070cc00000| PB 0x000000070cc00000| Untracked 
|   9|0x000000070ce00000, 0x000000070d000000, 0x000000070d000000|100%| O|  |TAMS 0x000000070ce00000| PB 0x000000070ce00000| Untracked 
|  10|0x000000070d000000, 0x000000070d200000, 0x000000070d200000|100%| O|  |TAMS 0x000000070d000000| PB 0x000000070d000000| Untracked 
|  11|0x000000070d200000, 0x000000070d400000, 0x000000070d400000|100%| O|  |TAMS 0x000000070d200000| PB 0x000000070d200000| Untracked 
|  12|0x000000070d400000, 0x000000070d600000, 0x000000070d600000|100%| O|  |TAMS 0x000000070d400000| PB 0x000000070d400000| Untracked 
|  13|0x000000070d600000, 0x000000070d800000, 0x000000070d800000|100%| O|  |TAMS 0x000000070d600000| PB 0x000000070d600000| Untracked 
|  14|0x000000070d800000, 0x000000070da00000, 0x000000070da00000|100%| O|  |TAMS 0x000000070d800000| PB 0x000000070d800000| Untracked 
|  15|0x000000070da00000, 0x000000070dc00000, 0x000000070dc00000|100%| O|  |TAMS 0x000000070da00000| PB 0x000000070da00000| Untracked 
|  16|0x000000070dc00000, 0x000000070de00000, 0x000000070de00000|100%| O|  |TAMS 0x000000070dc00000| PB 0x000000070dc00000| Untracked 
|  17|0x000000070de00000, 0x000000070e000000, 0x000000070e000000|100%| O|  |TAMS 0x000000070de00000| PB 0x000000070de00000| Untracked 
|  18|0x000000070e000000, 0x000000070e200000, 0x000000070e200000|100%|HS|  |TAMS 0x000000070e000000| PB 0x000000070e000000| Complete 
|  19|0x000000070e200000, 0x000000070e400000, 0x000000070e400000|100%|HS|  |TAMS 0x000000070e200000| PB 0x000000070e200000| Complete 
|  20|0x000000070e400000, 0x000000070e600000, 0x000000070e600000|100%|HC|  |TAMS 0x000000070e400000| PB 0x000000070e400000| Complete 
|  21|0x000000070e600000, 0x000000070e800000, 0x000000070e800000|100%|HS|  |TAMS 0x000000070e600000| PB 0x000000070e600000| Complete 
|  22|0x000000070e800000, 0x000000070ea00000, 0x000000070ea00000|100%|HC|  |TAMS 0x000000070e800000| PB 0x000000070e800000| Complete 
|  23|0x000000070ea00000, 0x000000070ec00000, 0x000000070ec00000|100%|HS|  |TAMS 0x000000070ea00000| PB 0x000000070ea00000| Complete 
|  24|0x000000070ec00000, 0x000000070ee00000, 0x000000070ee00000|100%|HC|  |TAMS 0x000000070ec00000| PB 0x000000070ec00000| Complete 
|  25|0x000000070ee00000, 0x000000070f000000, 0x000000070f000000|100%|HS|  |TAMS 0x000000070ee00000| PB 0x000000070ee00000| Complete 
|  26|0x000000070f000000, 0x000000070f200000, 0x000000070f200000|100%|HC|  |TAMS 0x000000070f000000| PB 0x000000070f000000| Complete 
|  27|0x000000070f200000, 0x000000070f400000, 0x000000070f400000|100%|HS|  |TAMS 0x000000070f200000| PB 0x000000070f200000| Complete 
|  28|0x000000070f400000, 0x000000070f600000, 0x000000070f600000|100%|HC|  |TAMS 0x000000070f400000| PB 0x000000070f400000| Complete 
|  29|0x000000070f600000, 0x000000070f800000, 0x000000070f800000|100%|HS|  |TAMS 0x000000070f600000| PB 0x000000070f600000| Complete 
|  30|0x000000070f800000, 0x000000070fa00000, 0x000000070fa00000|100%|HC|  |TAMS 0x000000070f800000| PB 0x000000070f800000| Complete 
|  31|0x000000070fa00000, 0x000000070fc00000, 0x000000070fc00000|100%|HS|  |TAMS 0x000000070fa00000| PB 0x000000070fa00000| Complete 
|  32|0x000000070fc00000, 0x000000070fe00000, 0x000000070fe00000|100%|HC|  |TAMS 0x000000070fc00000| PB 0x000000070fc00000| Complete 
|  33|0x000000070fe00000, 0x0000000710000000, 0x0000000710000000|100%|HS|  |TAMS 0x000000070fe00000| PB 0x000000070fe00000| Complete 
|  34|0x0000000710000000, 0x0000000710200000, 0x0000000710200000|100%|HC|  |TAMS 0x0000000710000000| PB 0x0000000710000000| Complete 
|  35|0x0000000710200000, 0x0000000710400000, 0x0000000710400000|100%|HS|  |TAMS 0x0000000710200000| PB 0x0000000710200000| Complete 
|  36|0x0000000710400000, 0x0000000710600000, 0x0000000710600000|100%|HC|  |TAMS 0x0000000710400000| PB 0x0000000710400000| Complete 
|  37|0x0000000710600000, 0x0000000710800000, 0x0000000710800000|100%|HS|  |TAMS 0x0000000710600000| PB 0x0000000710600000| Complete 
|  38|0x0000000710800000, 0x0000000710a00000, 0x0000000710a00000|100%|HC|  |TAMS 0x0000000710800000| PB 0x0000000710800000| Complete 
|  39|0x0000000710a00000, 0x0000000710c00000, 0x0000000710c00000|100%| O|  |TAMS 0x0000000710a00000| PB 0x0000000710a00000| Untracked 
|  40|0x0000000710c00000, 0x0000000710e00000, 0x0000000710e00000|100%| O|  |TAMS 0x0000000710c00000| PB 0x0000000710c00000| Untracked 
|  41|0x0000000710e00000, 0x0000000711000000, 0x0000000711000000|100%| O|  |TAMS 0x0000000710e00000| PB 0x0000000710e00000| Untracked 
|  42|0x0000000711000000, 0x0000000711200000, 0x0000000711200000|100%| O|  |TAMS 0x0000000711000000| PB 0x0000000711000000| Untracked 
|  43|0x0000000711200000, 0x0000000711400000, 0x0000000711400000|100%| O|  |TAMS 0x0000000711200000| PB 0x0000000711200000| Untracked 
|  44|0x0000000711400000, 0x0000000711600000, 0x0000000711600000|100%| O|Cm|TAMS 0x0000000711400000| PB 0x0000000711400000| Complete 
|  45|0x0000000711600000, 0x0000000711800000, 0x0000000711800000|100%|HS|  |TAMS 0x0000000711600000| PB 0x0000000711600000| Complete 
|  46|0x0000000711800000, 0x0000000711a00000, 0x0000000711a00000|100%|HC|  |TAMS 0x0000000711800000| PB 0x0000000711800000| Complete 
|  47|0x0000000711a00000, 0x0000000711c00000, 0x0000000711c00000|100%| O|  |TAMS 0x0000000711a00000| PB 0x0000000711a00000| Untracked 
|  48|0x0000000711c00000, 0x0000000711e00000, 0x0000000711e00000|100%| O|  |TAMS 0x0000000711c00000| PB 0x0000000711c00000| Untracked 
|  49|0x0000000711e00000, 0x0000000712000000, 0x0000000712000000|100%| O|  |TAMS 0x0000000711e00000| PB 0x0000000711e00000| Untracked 
|  50|0x0000000712000000, 0x0000000712200000, 0x0000000712200000|100%| S|CS|TAMS 0x0000000712000000| PB 0x0000000712000000| Complete 
|  51|0x0000000712200000, 0x0000000712200000, 0x0000000712400000|  0%| F|  |TAMS 0x0000000712200000| PB 0x0000000712200000| Untracked 
|  52|0x0000000712400000, 0x0000000712400000, 0x0000000712600000|  0%| F|  |TAMS 0x0000000712400000| PB 0x0000000712400000| Untracked 
|  53|0x0000000712600000, 0x0000000712600000, 0x0000000712800000|  0%| F|  |TAMS 0x0000000712600000| PB 0x0000000712600000| Untracked 
|  54|0x0000000712800000, 0x0000000712a00000, 0x0000000712a00000|100%| S|CS|TAMS 0x0000000712800000| PB 0x0000000712800000| Complete 
|  55|0x0000000712a00000, 0x0000000712c00000, 0x0000000712c00000|100%| S|CS|TAMS 0x0000000712a00000| PB 0x0000000712a00000| Complete 
|  56|0x0000000712c00000, 0x0000000712c00000, 0x0000000712e00000|  0%| F|  |TAMS 0x0000000712c00000| PB 0x0000000712c00000| Untracked 
|  57|0x0000000712e00000, 0x0000000712e00000, 0x0000000713000000|  0%| F|  |TAMS 0x0000000712e00000| PB 0x0000000712e00000| Untracked 
|  58|0x0000000713000000, 0x0000000713000000, 0x0000000713200000|  0%| F|  |TAMS 0x0000000713000000| PB 0x0000000713000000| Untracked 
|  59|0x0000000713200000, 0x0000000713400000, 0x0000000713400000|100%| S|CS|TAMS 0x0000000713200000| PB 0x0000000713200000| Complete 
|  60|0x0000000713400000, 0x0000000713600000, 0x0000000713600000|100%| S|CS|TAMS 0x0000000713400000| PB 0x0000000713400000| Complete 
|  61|0x0000000713600000, 0x0000000713800000, 0x0000000713800000|100%| S|CS|TAMS 0x0000000713600000| PB 0x0000000713600000| Complete 
|  62|0x0000000713800000, 0x0000000713a00000, 0x0000000713a00000|100%| S|CS|TAMS 0x0000000713800000| PB 0x0000000713800000| Complete 
|  63|0x0000000713a00000, 0x0000000713a00000, 0x0000000713c00000|  0%| F|  |TAMS 0x0000000713a00000| PB 0x0000000713a00000| Untracked 
|  64|0x0000000713c00000, 0x0000000713c00000, 0x0000000713e00000|  0%| F|  |TAMS 0x0000000713c00000| PB 0x0000000713c00000| Untracked 
|  65|0x0000000713e00000, 0x0000000713e00000, 0x0000000714000000|  0%| F|  |TAMS 0x0000000713e00000| PB 0x0000000713e00000| Untracked 
|  66|0x0000000714000000, 0x0000000714000000, 0x0000000714200000|  0%| F|  |TAMS 0x0000000714000000| PB 0x0000000714000000| Untracked 
|  67|0x0000000714200000, 0x0000000714200000, 0x0000000714400000|  0%| F|  |TAMS 0x0000000714200000| PB 0x0000000714200000| Untracked 
|  68|0x0000000714400000, 0x0000000714400000, 0x0000000714600000|  0%| F|  |TAMS 0x0000000714400000| PB 0x0000000714400000| Untracked 
|  69|0x0000000714600000, 0x0000000714600000, 0x0000000714800000|  0%| F|  |TAMS 0x0000000714600000| PB 0x0000000714600000| Untracked 
|  70|0x0000000714800000, 0x0000000714800000, 0x0000000714a00000|  0%| F|  |TAMS 0x0000000714800000| PB 0x0000000714800000| Untracked 
|  71|0x0000000714a00000, 0x0000000714a00000, 0x0000000714c00000|  0%| F|  |TAMS 0x0000000714a00000| PB 0x0000000714a00000| Untracked 
|  72|0x0000000714c00000, 0x0000000714c00000, 0x0000000714e00000|  0%| F|  |TAMS 0x0000000714c00000| PB 0x0000000714c00000| Untracked 
|  73|0x0000000714e00000, 0x0000000714e00000, 0x0000000715000000|  0%| F|  |TAMS 0x0000000714e00000| PB 0x0000000714e00000| Untracked 
|  74|0x0000000715000000, 0x0000000715000000, 0x0000000715200000|  0%| F|  |TAMS 0x0000000715000000| PB 0x0000000715000000| Untracked 
|  75|0x0000000715200000, 0x0000000715200000, 0x0000000715400000|  0%| F|  |TAMS 0x0000000715200000| PB 0x0000000715200000| Untracked 
|  76|0x0000000715400000, 0x0000000715400000, 0x0000000715600000|  0%| F|  |TAMS 0x0000000715400000| PB 0x0000000715400000| Untracked 
|  77|0x0000000715600000, 0x0000000715600000, 0x0000000715800000|  0%| F|  |TAMS 0x0000000715600000| PB 0x0000000715600000| Untracked 
|  78|0x0000000715800000, 0x0000000715800000, 0x0000000715a00000|  0%| F|  |TAMS 0x0000000715800000| PB 0x0000000715800000| Untracked 
|  79|0x0000000715a00000, 0x0000000715a00000, 0x0000000715c00000|  0%| F|  |TAMS 0x0000000715a00000| PB 0x0000000715a00000| Untracked 
|  80|0x0000000715c00000, 0x0000000715c00000, 0x0000000715e00000|  0%| F|  |TAMS 0x0000000715c00000| PB 0x0000000715c00000| Untracked 
|  81|0x0000000715e00000, 0x0000000715e00000, 0x0000000716000000|  0%| F|  |TAMS 0x0000000715e00000| PB 0x0000000715e00000| Untracked 
|  82|0x0000000716000000, 0x0000000716000000, 0x0000000716200000|  0%| F|  |TAMS 0x0000000716000000| PB 0x0000000716000000| Untracked 
|  83|0x0000000716200000, 0x0000000716200000, 0x0000000716400000|  0%| F|  |TAMS 0x0000000716200000| PB 0x0000000716200000| Untracked 
|  84|0x0000000716400000, 0x0000000716400000, 0x0000000716600000|  0%| F|  |TAMS 0x0000000716400000| PB 0x0000000716400000| Untracked 
|  85|0x0000000716600000, 0x0000000716600000, 0x0000000716800000|  0%| F|  |TAMS 0x0000000716600000| PB 0x0000000716600000| Untracked 
|  86|0x0000000716800000, 0x0000000716800000, 0x0000000716a00000|  0%| F|  |TAMS 0x0000000716800000| PB 0x0000000716800000| Untracked 
|  87|0x0000000716a00000, 0x0000000716a00000, 0x0000000716c00000|  0%| F|  |TAMS 0x0000000716a00000| PB 0x0000000716a00000| Untracked 
|  88|0x0000000716c00000, 0x0000000716c00000, 0x0000000716e00000|  0%| F|  |TAMS 0x0000000716c00000| PB 0x0000000716c00000| Untracked 
|  89|0x0000000716e00000, 0x0000000716e00000, 0x0000000717000000|  0%| F|  |TAMS 0x0000000716e00000| PB 0x0000000716e00000| Untracked 
|  90|0x0000000717000000, 0x0000000717000000, 0x0000000717200000|  0%| F|  |TAMS 0x0000000717000000| PB 0x0000000717000000| Untracked 
|  91|0x0000000717200000, 0x0000000717200000, 0x0000000717400000|  0%| F|  |TAMS 0x0000000717200000| PB 0x0000000717200000| Untracked 
|  92|0x0000000717400000, 0x0000000717400000, 0x0000000717600000|  0%| F|  |TAMS 0x0000000717400000| PB 0x0000000717400000| Untracked 
|  93|0x0000000717600000, 0x0000000717600000, 0x0000000717800000|  0%| F|  |TAMS 0x0000000717600000| PB 0x0000000717600000| Untracked 
|  94|0x0000000717800000, 0x0000000717800000, 0x0000000717a00000|  0%| F|  |TAMS 0x0000000717800000| PB 0x0000000717800000| Untracked 
|  95|0x0000000717a00000, 0x0000000717a00000, 0x0000000717c00000|  0%| F|  |TAMS 0x0000000717a00000| PB 0x0000000717a00000| Untracked 
|  96|0x0000000717c00000, 0x0000000717c00000, 0x0000000717e00000|  0%| F|  |TAMS 0x0000000717c00000| PB 0x0000000717c00000| Untracked 
|  97|0x0000000717e00000, 0x0000000717e00000, 0x0000000718000000|  0%| F|  |TAMS 0x0000000717e00000| PB 0x0000000717e00000| Untracked 
|  98|0x0000000718000000, 0x0000000718000000, 0x0000000718200000|  0%| F|  |TAMS 0x0000000718000000| PB 0x0000000718000000| Untracked 
|  99|0x0000000718200000, 0x0000000718200000, 0x0000000718400000|  0%| F|  |TAMS 0x0000000718200000| PB 0x0000000718200000| Untracked 
| 100|0x0000000718400000, 0x0000000718400000, 0x0000000718600000|  0%| F|  |TAMS 0x0000000718400000| PB 0x0000000718400000| Untracked 
| 101|0x0000000718600000, 0x0000000718600000, 0x0000000718800000|  0%| F|  |TAMS 0x0000000718600000| PB 0x0000000718600000| Untracked 
| 102|0x0000000718800000, 0x0000000718800000, 0x0000000718a00000|  0%| F|  |TAMS 0x0000000718800000| PB 0x0000000718800000| Untracked 
| 103|0x0000000718a00000, 0x0000000718a00000, 0x0000000718c00000|  0%| F|  |TAMS 0x0000000718a00000| PB 0x0000000718a00000| Untracked 
| 104|0x0000000718c00000, 0x0000000718c00000, 0x0000000718e00000|  0%| F|  |TAMS 0x0000000718c00000| PB 0x0000000718c00000| Untracked 
| 105|0x0000000718e00000, 0x0000000718e00000, 0x0000000719000000|  0%| F|  |TAMS 0x0000000718e00000| PB 0x0000000718e00000| Untracked 
| 106|0x0000000719000000, 0x0000000719000000, 0x0000000719200000|  0%| F|  |TAMS 0x0000000719000000| PB 0x0000000719000000| Untracked 
| 107|0x0000000719200000, 0x0000000719200000, 0x0000000719400000|  0%| F|  |TAMS 0x0000000719200000| PB 0x0000000719200000| Untracked 
| 108|0x0000000719400000, 0x0000000719400000, 0x0000000719600000|  0%| F|  |TAMS 0x0000000719400000| PB 0x0000000719400000| Untracked 
| 109|0x0000000719600000, 0x0000000719682130, 0x0000000719800000| 25%| E|  |TAMS 0x0000000719600000| PB 0x0000000719600000| Complete 
| 110|0x0000000719800000, 0x0000000719a00000, 0x0000000719a00000|100%| E|CS|TAMS 0x0000000719800000| PB 0x0000000719800000| Complete 
| 111|0x0000000719a00000, 0x0000000719c00000, 0x0000000719c00000|100%| E|CS|TAMS 0x0000000719a00000| PB 0x0000000719a00000| Complete 
| 112|0x0000000719c00000, 0x0000000719e00000, 0x0000000719e00000|100%| E|CS|TAMS 0x0000000719c00000| PB 0x0000000719c00000| Complete 
| 113|0x0000000719e00000, 0x000000071a000000, 0x000000071a000000|100%| E|CS|TAMS 0x0000000719e00000| PB 0x0000000719e00000| Complete 
| 114|0x000000071a000000, 0x000000071a200000, 0x000000071a200000|100%| S|CS|TAMS 0x000000071a000000| PB 0x000000071a000000| Complete 
| 117|0x000000071a600000, 0x000000071a800000, 0x000000071a800000|100%| E|CS|TAMS 0x000000071a600000| PB 0x000000071a600000| Complete 
| 122|0x000000071b000000, 0x000000071b200000, 0x000000071b200000|100%| E|CS|TAMS 0x000000071b000000| PB 0x000000071b000000| Complete 
|1946|0x00000007ff000000, 0x00000007ff200000, 0x00000007ff200000|100%| O|  |TAMS 0x00000007ff000000| PB 0x00000007ff000000| Untracked 
|1947|0x00000007ff200000, 0x00000007ff400000, 0x00000007ff400000|100%| E|CS|TAMS 0x00000007ff200000| PB 0x00000007ff200000| Complete 
|1948|0x00000007ff400000, 0x00000007ff600000, 0x00000007ff600000|100%| E|CS|TAMS 0x00000007ff400000| PB 0x00000007ff400000| Complete 
|1949|0x00000007ff600000, 0x00000007ff800000, 0x00000007ff800000|100%| E|CS|TAMS 0x00000007ff600000| PB 0x00000007ff600000| Complete 
|1950|0x00000007ff800000, 0x00000007ffa00000, 0x00000007ffa00000|100%| O|  |TAMS 0x00000007ff800000| PB 0x00000007ff800000| Untracked 
|1951|0x00000007ffa00000, 0x00000007ffc00000, 0x00000007ffc00000|100%| O|  |TAMS 0x00000007ffa00000| PB 0x00000007ffa00000| Untracked 
|1952|0x00000007ffc00000, 0x00000007ffe00000, 0x00000007ffe00000|100%| E|CS|TAMS 0x00000007ffc00000| PB 0x00000007ffc00000| Complete 
|1953|0x00000007ffe00000, 0x0000000800000000, 0x0000000800000000|100%| O|  |TAMS 0x00000007ffe00000| PB 0x00000007ffe00000| Untracked 

Card table byte_map: [0x0000021bfceb0000,0x0000021bfd660000] _byte_map_base: 0x0000021bf9652000

Marking Bits: (CMBitMap*) 0x0000021be3bfa150
 Bits: [0x0000021b80000000, 0x0000021b83d10000)

Polling page: 0x0000021be1d70000

Metaspace:

Usage:
  Non-class:     77.66 MB used.
      Class:      9.75 MB used.
       Both:     87.41 MB used.

Virtual space:
  Non-class space:      128.00 MB reserved,      78.25 MB ( 61%) committed,  2 nodes.
      Class space:        1.00 GB reserved,      10.25 MB (  1%) committed,  1 nodes.
             Both:        1.12 GB reserved,      88.50 MB (  8%) committed. 

Chunk freelists:
   Non-Class:  640.00 KB
       Class:  5.59 MB
        Both:  6.22 MB

MaxMetaspaceSize: unlimited
CompressedClassSpaceSize: 1.00 GB
Initial GC threshold: 21.00 MB
Current GC threshold: 147.12 MB
CDS: off
 - commit_granule_bytes: 65536.
 - commit_granule_words: 8192.
 - virtual_space_node_default_size: 8388608.
 - enlarge_chunks_in_place: 1.
 - use_allocation_guard: 0.


Internal statistics:

num_allocs_failed_limit: 12.
num_arena_births: 962.
num_arena_deaths: 0.
num_vsnodes_births: 3.
num_vsnodes_deaths: 0.
num_space_committed: 1416.
num_space_uncommitted: 0.
num_chunks_returned_to_freelist: 12.
num_chunks_taken_from_freelist: 3351.
num_chunk_merges: 3.
num_chunk_splits: 2306.
num_chunks_enlarged: 1565.
num_inconsistent_stats: 0.

CodeHeap 'non-profiled nmethods': size=119168Kb used=4800Kb max_used=5089Kb free=114367Kb
 bounds [0x0000021bf4a00000, 0x0000021bf4f00000, 0x0000021bfbe60000]
CodeHeap 'profiled nmethods': size=119104Kb used=12056Kb max_used=12663Kb free=107047Kb
 bounds [0x0000021bece60000, 0x0000021bedad0000, 0x0000021bf42b0000]
CodeHeap 'non-nmethods': size=7488Kb used=2044Kb max_used=3822Kb free=5443Kb
 bounds [0x0000021bf42b0000, 0x0000021bf46a0000, 0x0000021bf4a00000]
CodeCache: size=245760Kb, used=18900Kb, max_used=21574Kb, free=226857Kb
 total_blobs=6428, nmethods=5483, adapters=847, full_count=0
Compilation: enabled, stopped_count=0, restarted_count=0

Compilation events (20 events):
Event: 1978.266 Thread 0x0000021b844db490 nmethod 10423 0x0000021becf40790 code [0x0000021becf40960, 0x0000021becf40be8]
Event: 1978.416 Thread 0x0000021b844db490 10424       3       jdk.internal.jimage.ImageStringsReader::stringFromByteBufferMatches (138 bytes)
Event: 1978.417 Thread 0x0000021b844db490 nmethod 10424 0x0000021bed213e90 code [0x0000021bed214180, 0x0000021bed215270]
Event: 1979.113 Thread 0x0000021b844db490 10425       3       jdk.internal.jimage.ImageStringsReader::unmaskedHashCode (166 bytes)
Event: 1979.114 Thread 0x0000021b844db490 nmethod 10425 0x0000021bece62090 code [0x0000021bece622e0, 0x0000021bece62dd8]
Event: 1979.132 Thread 0x0000021b844db490 10426       3       jdk.internal.jimage.ImageLocation::verify (218 bytes)
Event: 1979.133 Thread 0x0000021b844db490 nmethod 10426 0x0000021becf52d10 code [0x0000021becf52fc0, 0x0000021becf53cb0]
Event: 1979.202 Thread 0x0000021b844478f0 10427   !   4       java.nio.DirectIntBufferU::get (34 bytes)
Event: 1979.203 Thread 0x0000021b844478f0 nmethod 10427 0x0000021bf4a29390 code [0x0000021bf4a29520, 0x0000021bf4a29620]
Event: 1979.381 Thread 0x0000021b844478f0 10428       4       jdk.internal.jimage.ImageReader::requireOpen (18 bytes)
Event: 1979.381 Thread 0x0000021b844478f0 nmethod 10428 0x0000021bf4a4e110 code [0x0000021bf4a4e2a0, 0x0000021bf4a4e348]
Event: 1979.393 Thread 0x0000021b844478f0 10429       4       jdk.internal.module.SystemModuleFinders$SystemImage::reader (4 bytes)
Event: 1979.393 Thread 0x0000021b844478f0 nmethod 10429 0x0000021bf4a56590 code [0x0000021bf4a56720, 0x0000021bf4a56790]
Event: 1979.402 Thread 0x0000021b844478f0 10430       4       jdk.internal.loader.BuiltinClassLoader::moduleReaderFor (45 bytes)
Event: 1979.405 Thread 0x0000021b844478f0 nmethod 10430 0x0000021bf4bbdb90 code [0x0000021bf4bbdd60, 0x0000021bf4bbe108]
Event: 1979.473 Thread 0x0000021b844478f0 10431       4       jdk.internal.module.SystemModuleFinders$SystemModuleReader::find (59 bytes)
Event: 1979.549 Thread 0x0000021b844db490 10433       3       java.util.ServiceLoader$1::run (5 bytes)
Event: 1979.550 Thread 0x0000021b844db490 nmethod 10433 0x0000021bed02bf10 code [0x0000021bed02c140, 0x0000021bed02c920]
Event: 1979.550 Thread 0x0000021b844db490 10434       3       java.util.ServiceLoader$1::run (33 bytes)
Event: 1979.550 Thread 0x0000021b844db490 nmethod 10434 0x0000021bed088210 code [0x0000021bed088460, 0x0000021bed088dc0]

GC Heap History (20 events):
Event: 1956.470 GC heap before
{Heap before GC invocations=29 (full 0):
 garbage-first heap   total 157696K, used 144516K [0x000000070bc00000, 0x0000000800000000)
  region size 2048K, 29 young (59392K), 4 survivors (8192K)
 Metaspace       used 75353K, committed 76480K, reserved 1179648K
  class space    used 8426K, committed 8960K, reserved 1048576K
}
Event: 1956.476 GC heap after
{Heap after GC invocations=30 (full 0):
 garbage-first heap   total 190464K, used 93233K [0x000000070bc00000, 0x0000000800000000)
  region size 2048K, 2 young (4096K), 2 survivors (4096K)
 Metaspace       used 75353K, committed 76480K, reserved 1179648K
  class space    used 8426K, committed 8960K, reserved 1048576K
}
Event: 1956.713 GC heap before
{Heap before GC invocations=30 (full 0):
 garbage-first heap   total 190464K, used 177201K [0x000000070bc00000, 0x0000000800000000)
  region size 2048K, 43 young (88064K), 2 survivors (4096K)
 Metaspace       used 76178K, committed 77248K, reserved 1179648K
  class space    used 8512K, committed 9024K, reserved 1048576K
}
Event: 1956.720 GC heap after
{Heap after GC invocations=31 (full 0):
 garbage-first heap   total 196608K, used 108167K [0x000000070bc00000, 0x0000000800000000)
  region size 2048K, 6 young (12288K), 6 survivors (12288K)
 Metaspace       used 76178K, committed 77248K, reserved 1179648K
  class space    used 8512K, committed 9024K, reserved 1048576K
}
Event: 1956.908 GC heap before
{Heap before GC invocations=32 (full 0):
 garbage-first heap   total 196608K, used 169607K [0x000000070bc00000, 0x0000000800000000)
  region size 2048K, 36 young (73728K), 6 survivors (12288K)
 Metaspace       used 76935K, committed 77952K, reserved 1179648K
  class space    used 8611K, committed 9088K, reserved 1048576K
}
Event: 1956.912 GC heap after
{Heap after GC invocations=33 (full 0):
 garbage-first heap   total 196608K, used 103541K [0x000000070bc00000, 0x0000000800000000)
  region size 2048K, 2 young (4096K), 2 survivors (4096K)
 Metaspace       used 76935K, committed 77952K, reserved 1179648K
  class space    used 8611K, committed 9088K, reserved 1048576K
}
Event: 1957.224 GC heap before
{Heap before GC invocations=33 (full 0):
 garbage-first heap   total 196608K, used 164981K [0x000000070bc00000, 0x0000000800000000)
  region size 2048K, 33 young (67584K), 2 survivors (4096K)
 Metaspace       used 77183K, committed 78272K, reserved 1179648K
  class space    used 8626K, committed 9152K, reserved 1048576K
}
Event: 1957.227 GC heap after
{Heap after GC invocations=34 (full 0):
 garbage-first heap   total 196608K, used 104419K [0x000000070bc00000, 0x0000000800000000)
  region size 2048K, 3 young (6144K), 3 survivors (6144K)
 Metaspace       used 77183K, committed 78272K, reserved 1179648K
  class space    used 8626K, committed 9152K, reserved 1048576K
}
Event: 1958.363 GC heap before
{Heap before GC invocations=35 (full 0):
 garbage-first heap   total 196608K, used 172003K [0x000000070bc00000, 0x0000000800000000)
  region size 2048K, 37 young (75776K), 3 survivors (6144K)
 Metaspace       used 79637K, committed 80704K, reserved 1179648K
  class space    used 8862K, committed 9344K, reserved 1048576K
}
Event: 1958.367 GC heap after
{Heap after GC invocations=36 (full 0):
 garbage-first heap   total 196608K, used 108115K [0x000000070bc00000, 0x0000000800000000)
  region size 2048K, 4 young (8192K), 4 survivors (8192K)
 Metaspace       used 79637K, committed 80704K, reserved 1179648K
  class space    used 8862K, committed 9344K, reserved 1048576K
}
Event: 1958.746 GC heap before
{Heap before GC invocations=36 (full 0):
 garbage-first heap   total 196608K, used 177747K [0x000000070bc00000, 0x0000000800000000)
  region size 2048K, 38 young (77824K), 4 survivors (8192K)
 Metaspace       used 79715K, committed 80832K, reserved 1179648K
  class space    used 8862K, committed 9344K, reserved 1048576K
}
Event: 1958.749 GC heap after
{Heap after GC invocations=37 (full 0):
 garbage-first heap   total 196608K, used 107410K [0x000000070bc00000, 0x0000000800000000)
  region size 2048K, 4 young (8192K), 4 survivors (8192K)
 Metaspace       used 79715K, committed 80832K, reserved 1179648K
  class space    used 8862K, committed 9344K, reserved 1048576K
}
Event: 1959.252 GC heap before
{Heap before GC invocations=37 (full 0):
 garbage-first heap   total 196608K, used 177042K [0x000000070bc00000, 0x0000000800000000)
  region size 2048K, 38 young (77824K), 4 survivors (8192K)
 Metaspace       used 79745K, committed 80832K, reserved 1179648K
  class space    used 8862K, committed 9344K, reserved 1048576K
}
Event: 1959.254 GC heap after
{Heap after GC invocations=38 (full 0):
 garbage-first heap   total 196608K, used 108507K [0x000000070bc00000, 0x0000000800000000)
  region size 2048K, 3 young (6144K), 3 survivors (6144K)
 Metaspace       used 79745K, committed 80832K, reserved 1179648K
  class space    used 8862K, committed 9344K, reserved 1048576K
}
Event: 1959.664 GC heap before
{Heap before GC invocations=39 (full 0):
 garbage-first heap   total 196608K, used 180187K [0x000000070bc00000, 0x0000000800000000)
  region size 2048K, 38 young (77824K), 3 survivors (6144K)
 Metaspace       used 80320K, committed 81408K, reserved 1179648K
  class space    used 8909K, committed 9408K, reserved 1048576K
}
Event: 1959.668 GC heap after
{Heap after GC invocations=40 (full 0):
 garbage-first heap   total 251904K, used 108873K [0x000000070bc00000, 0x0000000800000000)
  region size 2048K, 2 young (4096K), 2 survivors (4096K)
 Metaspace       used 80320K, committed 81408K, reserved 1179648K
  class space    used 8909K, committed 9408K, reserved 1048576K
}
Event: 1960.440 GC heap before
{Heap before GC invocations=40 (full 0):
 garbage-first heap   total 251904K, used 231753K [0x000000070bc00000, 0x0000000800000000)
  region size 2048K, 63 young (129024K), 2 survivors (4096K)
 Metaspace       used 85186K, committed 86272K, reserved 1179648K
  class space    used 9458K, committed 9984K, reserved 1048576K
}
Event: 1960.445 GC heap after
{Heap after GC invocations=41 (full 0):
 garbage-first heap   total 251904K, used 115795K [0x000000070bc00000, 0x0000000800000000)
  region size 2048K, 6 young (12288K), 6 survivors (12288K)
 Metaspace       used 85186K, committed 86272K, reserved 1179648K
  class space    used 9458K, committed 9984K, reserved 1048576K
}
Event: 1974.441 GC heap before
{Heap before GC invocations=41 (full 0):
 garbage-first heap   total 251904K, used 232531K [0x000000070bc00000, 0x0000000800000000)
  region size 2048K, 63 young (129024K), 6 survivors (12288K)
 Metaspace       used 89275K, committed 90368K, reserved 1179648K
  class space    used 9961K, committed 10432K, reserved 1048576K
}
Event: 1974.452 GC heap after
{Heap after GC invocations=42 (full 0):
 garbage-first heap   total 256000K, used 126976K [0x000000070bc00000, 0x0000000800000000)
  region size 2048K, 8 young (16384K), 8 survivors (16384K)
 Metaspace       used 89275K, committed 90368K, reserved 1179648K
  class space    used 9961K, committed 10432K, reserved 1048576K
}

Dll operation events (19 events):
Event: 0.198 Loaded shared library D:\STM32Cube\STM32Cube\jre\bin\java.dll
Event: 0.393 Loaded shared library D:\STM32Cube\STM32Cube\jre\bin\jsvml.dll
Event: 0.728 Loaded shared library D:\STM32Cube\STM32Cube\jre\bin\net.dll
Event: 0.733 Loaded shared library D:\STM32Cube\STM32Cube\jre\bin\nio.dll
Event: 0.859 Loaded shared library D:\STM32Cube\STM32Cube\jre\bin\zip.dll
Event: 1.043 Loaded shared library D:\STM32Cube\STM32Cube\jre\bin\jimage.dll
Event: 1.785 Loaded shared library D:\STM32Cube\STM32Cube\jre\bin\management.dll
Event: 1.794 Loaded shared library D:\STM32Cube\STM32Cube\jre\bin\management_ext.dll
Event: 4.659 Loaded shared library D:\STM32Cube\STM32Cube\jre\bin\awt.dll
Event: 5.914 Loaded shared library D:\STM32Cube\STM32Cube\jre\bin\freetype.dll
Event: 5.916 Loaded shared library D:\STM32Cube\STM32Cube\jre\bin\fontmanager.dll
Event: 8.293 Loaded shared library D:\STM32Cube\STM32Cube\jre\bin\verify.dll
Event: 10.080 Loaded shared library D:\STM32Cube\STM32Cube\jre\bin\prefs.dll
Event: 11.247 Loaded shared library C:\Users\33711\AppData\Local\Temp\jna-48673335\jna1046753256758967162.dll
Event: 1921.311 Loaded shared library D:\STM32Cube\STM32Cube\jre\bin\sunmscapi.dll
Event: 1923.579 Loaded shared library D:\STM32Cube\STM32Cube\jre\bin\extnet.dll
Event: 1926.021 Loaded shared library D:\STM32Cube\STM32Cube\jre\bin\javajpeg.dll
Event: 1955.398 Loaded shared library C:\Users\33711\.stm32cubemx\.jxbrowser-8.15.0\Chromium\toolkit64.dll
Event: 1956.332 Loaded shared library C:\Users\33711\.stm32cubemx\.jxbrowser-8.15.0\Chromium\ipc64.dll

Deoptimization events (20 events):
Event: 1978.172 Thread 0x0000021b8b3d6260 Uncommon trap: trap_request=0xffffffbe fr.pc=0x0000021bf4cda700 relative=0x00000000000003e0
Event: 1978.172 Thread 0x0000021b8b3d6260 Uncommon trap: reason=profile_predicate action=maybe_recompile pc=0x0000021bf4cda700 method=jdk.internal.jimage.ImageStringsReader.unmaskedHashCode(Ljava/lang/String;I)I @ 13 c2
Event: 1978.172 Thread 0x0000021b8b3d6260 DEOPT PACKING pc=0x0000021bf4cda700 sp=0x000000ae08cfd7a0
Event: 1978.172 Thread 0x0000021b8b3d6260 DEOPT UNPACKING pc=0x0000021bf4307ba2 sp=0x000000ae08cfd708 mode 2
Event: 1978.172 Thread 0x0000021b8b3d6260 Uncommon trap: trap_request=0xffffffbe fr.pc=0x0000021bf4cda700 relative=0x00000000000003e0
Event: 1978.172 Thread 0x0000021b8b3d6260 Uncommon trap: reason=profile_predicate action=maybe_recompile pc=0x0000021bf4cda700 method=jdk.internal.jimage.ImageStringsReader.unmaskedHashCode(Ljava/lang/String;I)I @ 13 c2
Event: 1978.172 Thread 0x0000021b8b3d6260 DEOPT PACKING pc=0x0000021bf4cda700 sp=0x000000ae08cfd7a0
Event: 1978.172 Thread 0x0000021b8b3d6260 DEOPT UNPACKING pc=0x0000021bf4307ba2 sp=0x000000ae08cfd708 mode 2
Event: 1978.173 Thread 0x0000021b8b3d6260 Uncommon trap: trap_request=0xffffffbe fr.pc=0x0000021bf4cda700 relative=0x00000000000003e0
Event: 1978.173 Thread 0x0000021b8b3d6260 Uncommon trap: reason=profile_predicate action=maybe_recompile pc=0x0000021bf4cda700 method=jdk.internal.jimage.ImageStringsReader.unmaskedHashCode(Ljava/lang/String;I)I @ 13 c2
Event: 1978.173 Thread 0x0000021b8b3d6260 DEOPT PACKING pc=0x0000021bf4cda700 sp=0x000000ae08cfa150
Event: 1978.173 Thread 0x0000021b8b3d6260 DEOPT UNPACKING pc=0x0000021bf4307ba2 sp=0x000000ae08cfa0b8 mode 2
Event: 1978.173 Thread 0x0000021b8b3d6260 Uncommon trap: trap_request=0xffffffbe fr.pc=0x0000021bf4cda700 relative=0x00000000000003e0
Event: 1978.173 Thread 0x0000021b8b3d6260 Uncommon trap: reason=profile_predicate action=maybe_recompile pc=0x0000021bf4cda700 method=jdk.internal.jimage.ImageStringsReader.unmaskedHashCode(Ljava/lang/String;I)I @ 13 c2
Event: 1978.173 Thread 0x0000021b8b3d6260 DEOPT PACKING pc=0x0000021bf4cda700 sp=0x000000ae08cfa150
Event: 1978.173 Thread 0x0000021b8b3d6260 DEOPT UNPACKING pc=0x0000021bf4307ba2 sp=0x000000ae08cfa0b8 mode 2
Event: 1979.113 Thread 0x0000021b8b3d6260 Uncommon trap: trap_request=0xffffffbe fr.pc=0x0000021bf4d916dc relative=0x0000000000002ffc
Event: 1979.113 Thread 0x0000021b8b3d6260 Uncommon trap: reason=profile_predicate action=maybe_recompile pc=0x0000021bf4d916dc method=jdk.internal.jimage.ImageStringsReader.unmaskedHashCode(Ljava/lang/String;I)I @ 13 c2
Event: 1979.113 Thread 0x0000021b8b3d6260 DEOPT PACKING pc=0x0000021bf4d916dc sp=0x000000ae08cfdda0
Event: 1979.113 Thread 0x0000021b8b3d6260 DEOPT UNPACKING pc=0x0000021bf4307ba2 sp=0x000000ae08cfdb10 mode 2

Classes loaded (20 events):
Event: 1957.284 Loading class java/text/NumberFormat$Field
Event: 1957.284 Loading class java/text/NumberFormat$Field done
Event: 1957.287 Loading class javax/swing/plaf/metal/MetalUtils
Event: 1957.287 Loading class javax/swing/plaf/metal/MetalUtils done
Event: 1959.537 Loading class java/util/regex/Pattern$Bound
Event: 1959.538 Loading class java/util/regex/Pattern$Bound done
Event: 1959.538 Loading class java/util/regex/Pattern$Neg
Event: 1959.538 Loading class java/util/regex/Pattern$Neg done
Event: 1959.719 Loading class jdk/internal/math/FloatingDecimal$HexFloatPattern
Event: 1959.719 Loading class jdk/internal/math/FloatingDecimal$HexFloatPattern done
Event: 1959.900 Loading class java/util/AbstractList$RandomAccessSubList
Event: 1959.900 Loading class java/util/AbstractList$SubList
Event: 1959.901 Loading class java/util/AbstractList$SubList done
Event: 1959.901 Loading class java/util/AbstractList$RandomAccessSubList done
Event: 1960.159 Loading class java/util/concurrent/RejectedExecutionException
Event: 1960.159 Loading class java/util/concurrent/RejectedExecutionException done
Event: 1960.160 Loading class java/util/concurrent/Executors$AutoShutdownDelegatedExecutorService
Event: 1960.160 Loading class java/util/concurrent/Executors$DelegatedExecutorService
Event: 1960.160 Loading class java/util/concurrent/Executors$DelegatedExecutorService done
Event: 1960.160 Loading class java/util/concurrent/Executors$AutoShutdownDelegatedExecutorService done

Classes unloaded (0 events):
No events

Classes redefined (0 events):
No events

Internal exceptions (20 events):
Event: 1965.642 Thread 0x0000021b8b3d6260 Exception <a 'java/io/IOException'{0x0000000717e6f410}> (0x0000000717e6f410) 
thrown [s\src\hotspot\share\prims\jni.cpp, line 520]
Event: 1965.647 Thread 0x0000021b8b3d6260 Exception <a 'java/io/IOException'{0x0000000717e6f9d0}> (0x0000000717e6f9d0) 
thrown [s\src\hotspot\share\prims\jni.cpp, line 520]
Event: 1965.651 Thread 0x0000021b8b3d6260 Exception <a 'java/io/IOException'{0x0000000717e72038}> (0x0000000717e72038) 
thrown [s\src\hotspot\share\prims\jni.cpp, line 520]
Event: 1965.652 Thread 0x0000021b8b3d6260 Exception <a 'java/io/IOException'{0x0000000717e725f8}> (0x0000000717e725f8) 
thrown [s\src\hotspot\share\prims\jni.cpp, line 520]
Event: 1965.655 Thread 0x0000021b8b3d6260 Exception <a 'java/io/IOException'{0x0000000717e85a50}> (0x0000000717e85a50) 
thrown [s\src\hotspot\share\prims\jni.cpp, line 520]
Event: 1965.656 Thread 0x0000021b8b3d6260 Exception <a 'java/io/IOException'{0x0000000717e86010}> (0x0000000717e86010) 
thrown [s\src\hotspot\share\prims\jni.cpp, line 520]
Event: 1965.704 Thread 0x0000021b8b3d6260 Exception <a 'java/io/IOException'{0x0000000717e96fc0}> (0x0000000717e96fc0) 
thrown [s\src\hotspot\share\prims\jni.cpp, line 520]
Event: 1965.704 Thread 0x0000021b8b3d6260 Exception <a 'java/io/IOException'{0x0000000717e97580}> (0x0000000717e97580) 
thrown [s\src\hotspot\share\prims\jni.cpp, line 520]
Event: 1965.704 Thread 0x0000021b8b3d6260 Exception <a 'java/io/IOException'{0x0000000717e99bd8}> (0x0000000717e99bd8) 
thrown [s\src\hotspot\share\prims\jni.cpp, line 520]
Event: 1965.704 Thread 0x0000021b8b3d6260 Exception <a 'java/io/IOException'{0x0000000717e9a198}> (0x0000000717e9a198) 
thrown [s\src\hotspot\share\prims\jni.cpp, line 520]
Event: 1965.704 Thread 0x0000021b8b3d6260 Exception <a 'java/io/IOException'{0x0000000717e9c800}> (0x0000000717e9c800) 
thrown [s\src\hotspot\share\prims\jni.cpp, line 520]
Event: 1965.704 Thread 0x0000021b8b3d6260 Exception <a 'java/io/IOException'{0x0000000717e9cdc0}> (0x0000000717e9cdc0) 
thrown [s\src\hotspot\share\prims\jni.cpp, line 520]
Event: 1966.052 Thread 0x0000021b8b3d6260 Exception <a 'java/io/IOException'{0x0000000717ec1b70}> (0x0000000717ec1b70) 
thrown [s\src\hotspot\share\prims\jni.cpp, line 520]
Event: 1966.052 Thread 0x0000021b8b3d6260 Exception <a 'java/io/IOException'{0x0000000717ec2130}> (0x0000000717ec2130) 
thrown [s\src\hotspot\share\prims\jni.cpp, line 520]
Event: 1966.130 Thread 0x0000021b8b3d6260 Exception <a 'java/io/IOException'{0x0000000717ecbfe8}> (0x0000000717ecbfe8) 
thrown [s\src\hotspot\share\prims\jni.cpp, line 520]
Event: 1966.130 Thread 0x0000021b8b3d6260 Exception <a 'java/io/IOException'{0x0000000717ecc5a8}> (0x0000000717ecc5a8) 
thrown [s\src\hotspot\share\prims\jni.cpp, line 520]
Event: 1966.130 Thread 0x0000021b8b3d6260 Exception <a 'java/io/IOException'{0x0000000717ecf5c0}> (0x0000000717ecf5c0) 
thrown [s\src\hotspot\share\prims\jni.cpp, line 520]
Event: 1966.130 Thread 0x0000021b8b3d6260 Exception <a 'java/io/IOException'{0x0000000717ecfb80}> (0x0000000717ecfb80) 
thrown [s\src\hotspot\share\prims\jni.cpp, line 520]
Event: 1966.133 Thread 0x0000021b8b3d6260 Exception <a 'java/io/IOException'{0x0000000717ee58a0}> (0x0000000717ee58a0) 
thrown [s\src\hotspot\share\prims\jni.cpp, line 520]
Event: 1966.133 Thread 0x0000021b8b3d6260 Exception <a 'java/io/IOException'{0x0000000717ee5e60}> (0x0000000717ee5e60) 
thrown [s\src\hotspot\share\prims\jni.cpp, line 520]

ZGC Phase Switch (0 events):
No events

VM Operations (20 events):
Event: 1969.705 Executing VM operation: Cleanup
Event: 1970.015 Executing VM operation: Cleanup done
Event: 1972.031 Executing VM operation: Cleanup
Event: 1972.630 Executing VM operation: Cleanup done
Event: 1973.631 Executing VM operation: Cleanup
Event: 1973.952 Executing VM operation: Cleanup done
Event: 1974.441 Executing VM operation: G1CollectForAllocation (G1 Evacuation Pause)
Event: 1974.453 Executing VM operation: G1CollectForAllocation (G1 Evacuation Pause) done
Event: 1974.485 Executing VM operation: G1PauseRemark
Event: 1974.499 Executing VM operation: G1PauseRemark done
Event: 1974.509 Executing VM operation: G1PauseCleanup
Event: 1974.510 Executing VM operation: G1PauseCleanup done
Event: 1975.524 Executing VM operation: Cleanup
Event: 1975.542 Executing VM operation: Cleanup done
Event: 1976.545 Executing VM operation: Cleanup
Event: 1976.671 Executing VM operation: Cleanup done
Event: 1978.681 Executing VM operation: Cleanup
Event: 1979.039 Executing VM operation: Cleanup done
Event: 1980.043 Executing VM operation: Cleanup
Event: 1980.043 Executing VM operation: Cleanup done

Memory protections (0 events):
No events

Nmethod flushes (20 events):
Event: 1974.497 Thread 0x0000021bffb6eea0 flushing  nmethod 0x0000021becfe9810
Event: 1974.497 Thread 0x0000021bffb6eea0 flushing  nmethod 0x0000021bed01c510
Event: 1974.497 Thread 0x0000021bffb6eea0 flushing  nmethod 0x0000021bed020c90
Event: 1974.497 Thread 0x0000021bffb6eea0 flushing  nmethod 0x0000021bed02bf10
Event: 1974.497 Thread 0x0000021bffb6eea0 flushing osr nmethod 0x0000021bed02c290
Event: 1974.497 Thread 0x0000021bffb6eea0 flushing  nmethod 0x0000021bed02d010
Event: 1974.497 Thread 0x0000021bffb6eea0 flushing  nmethod 0x0000021bed0db010
Event: 1974.497 Thread 0x0000021bffb6eea0 flushing  nmethod 0x0000021bed0e3a90
Event: 1974.497 Thread 0x0000021bffb6eea0 flushing  nmethod 0x0000021bed1a5c90
Event: 1974.497 Thread 0x0000021bffb6eea0 flushing  nmethod 0x0000021bed1c3790
Event: 1974.497 Thread 0x0000021bffb6eea0 flushing  nmethod 0x0000021bed45d490
Event: 1974.497 Thread 0x0000021bffb6eea0 flushing  nmethod 0x0000021bed479d10
Event: 1974.497 Thread 0x0000021bffb6eea0 flushing  nmethod 0x0000021bed482d90
Event: 1974.497 Thread 0x0000021bffb6eea0 flushing  nmethod 0x0000021bed546810
Event: 1974.497 Thread 0x0000021bffb6eea0 flushing  nmethod 0x0000021bed76dd10
Event: 1974.497 Thread 0x0000021bffb6eea0 flushing  nmethod 0x0000021bed86f090
Event: 1974.497 Thread 0x0000021bffb6eea0 flushing  nmethod 0x0000021bed870610
Event: 1974.497 Thread 0x0000021bffb6eea0 flushing  nmethod 0x0000021bed873210
Event: 1974.497 Thread 0x0000021bffb6eea0 flushing  nmethod 0x0000021bed873c90
Event: 1974.497 Thread 0x0000021bffb6eea0 flushing  nmethod 0x0000021bed96a110

Events (20 events):
Event: 1977.650 Thread 0x0000021b8bd48730 Thread exited: 0x0000021b8bd48730
Event: 1977.650 Thread 0x0000021b8b3d6260 Thread added: 0x0000021b8bd48730
Event: 1977.678 Thread 0x0000021b8b3d6260 Thread added: 0x0000021b8bd49450
Event: 1977.730 Thread 0x0000021b8b3d6260 Thread added: 0x0000021b8bd49ae0
Event: 1977.730 Thread 0x0000021b8bd49450 Thread exited: 0x0000021b8bd49450
Event: 1977.744 Thread 0x0000021b8bd49ae0 Thread exited: 0x0000021b8bd49ae0
Event: 1977.744 Thread 0x0000021b8b3d6260 Thread added: 0x0000021b8bd49450
Event: 1977.746 Thread 0x0000021b8bd49450 Thread exited: 0x0000021b8bd49450
Event: 1977.747 Thread 0x0000021b8b3d6260 Thread added: 0x0000021b8bd49450
Event: 1977.747 Thread 0x0000021b8bd49450 Thread exited: 0x0000021b8bd49450
Event: 1977.747 Thread 0x0000021b8b3d6260 Thread added: 0x0000021b8bd49ae0
Event: 1977.751 Thread 0x0000021b8bd49ae0 Thread exited: 0x0000021b8bd49ae0
Event: 1977.751 Thread 0x0000021b8b3d6260 Thread added: 0x0000021b8bd49ae0
Event: 1977.753 Thread 0x0000021b8bd49ae0 Thread exited: 0x0000021b8bd49ae0
Event: 1977.761 Thread 0x0000021b8b3d6260 Thread added: 0x0000021b8bd49450
Event: 1977.769 Thread 0x0000021b8bd49450 Thread exited: 0x0000021b8bd49450
Event: 1977.769 Thread 0x0000021b8b3d6260 Thread added: 0x0000021b8bd49450
Event: 1977.778 Thread 0x0000021b8bd49450 Thread exited: 0x0000021b8bd49450
Event: 1977.779 Thread 0x0000021b8b3d6260 Thread added: 0x0000021b8bd49450
Event: 1977.789 Thread 0x0000021b8bd49450 Thread exited: 0x0000021b8bd49450


Dynamic libraries:
0x00007ff796990000 - 0x00007ff79699e000 	D:\STM32Cube\STM32Cube\jre\bin\javaw.exe
0x00007ff974c00000 - 0x00007ff974e69000 	C:\Windows\SYSTEM32\ntdll.dll
0x00007ff9734c0000 - 0x00007ff973589000 	C:\Windows\System32\KERNEL32.DLL
0x00007ff972230000 - 0x00007ff972623000 	C:\Windows\System32\KERNELBASE.dll
0x00007ff96ed20000 - 0x00007ff96edbe000 	C:\Windows\SYSTEM32\apphelp.dll
0x00007ff9727b0000 - 0x00007ff9728fb000 	C:\Windows\System32\ucrtbase.dll
0x00007ff959490000 - 0x00007ff9594a8000 	D:\STM32Cube\STM32Cube\jre\bin\jli.dll
0x00007ff972d90000 - 0x00007ff972f54000 	C:\Windows\System32\USER32.dll
0x00007ff95b770000 - 0x00007ff95b78e000 	D:\STM32Cube\STM32Cube\jre\bin\VCRUNTIME140.dll
0x00007ff9729a0000 - 0x00007ff9729c7000 	C:\Windows\System32\win32u.dll
0x00007ff974b90000 - 0x00007ff974bbb000 	C:\Windows\System32\GDI32.dll
0x00007ff952300000 - 0x00007ff952593000 	C:\Windows\WinSxS\amd64_microsoft.windows.common-controls_6595b64144ccf1df_6.0.26100.5074_none_3e0d6f78e32fd63f\COMCTL32.dll
0x00007ff971ee0000 - 0x00007ff97200d000 	C:\Windows\System32\gdi32full.dll
0x00007ff972180000 - 0x00007ff972223000 	C:\Windows\System32\msvcp_win.dll
0x00007ff973170000 - 0x00007ff973219000 	C:\Windows\System32\msvcrt.dll
0x00007ff972c00000 - 0x00007ff972c2f000 	C:\Windows\System32\IMM32.DLL
0x00007ff96cbf0000 - 0x00007ff96cbfc000 	D:\STM32Cube\STM32Cube\jre\bin\vcruntime140_1.dll
0x00007ff91b300000 - 0x00007ff91b38d000 	D:\STM32Cube\STM32Cube\jre\bin\msvcp140.dll
0x00007ff8533b0000 - 0x00007ff854150000 	D:\STM32Cube\STM32Cube\jre\bin\server\jvm.dll
0x00007ff972ad0000 - 0x00007ff972b84000 	C:\Windows\System32\ADVAPI32.dll
0x00007ff9730c0000 - 0x00007ff973166000 	C:\Windows\System32\sechost.dll
0x00007ff973590000 - 0x00007ff9736a8000 	C:\Windows\System32\RPCRT4.dll
0x00007ff973440000 - 0x00007ff9734b4000 	C:\Windows\System32\WS2_32.dll
0x00007ff971590000 - 0x00007ff9715ee000 	C:\Windows\SYSTEM32\POWRPROF.dll
0x00007ff96ad00000 - 0x00007ff96ad0b000 	C:\Windows\SYSTEM32\VERSION.dll
0x00007ff9630a0000 - 0x00007ff9630d5000 	C:\Windows\SYSTEM32\WINMM.dll
0x00007ff971570000 - 0x00007ff971584000 	C:\Windows\SYSTEM32\UMPDC.dll
0x00007ff970b70000 - 0x00007ff970b8b000 	C:\Windows\SYSTEM32\kernel.appcore.dll
0x00007ff96ca80000 - 0x00007ff96ca8a000 	D:\STM32Cube\STM32Cube\jre\bin\jimage.dll
0x00007ff961bf0000 - 0x00007ff961e32000 	C:\Windows\SYSTEM32\DBGHELP.DLL
0x00007ff974000000 - 0x00007ff97437b000 	C:\Windows\System32\combase.dll
0x00007ff972cb0000 - 0x00007ff972d87000 	C:\Windows\System32\OLEAUT32.dll
0x00007ff94bd60000 - 0x00007ff94bd9d000 	C:\Windows\SYSTEM32\dbgcore.DLL
0x00007ff972900000 - 0x00007ff972999000 	C:\Windows\System32\bcryptPrimitives.dll
0x00007ff958840000 - 0x00007ff958860000 	D:\STM32Cube\STM32Cube\jre\bin\java.dll
0x00007ff974380000 - 0x00007ff974acd000 	C:\Windows\System32\SHELL32.dll
0x00007ff972010000 - 0x00007ff97217c000 	C:\Windows\System32\wintypes.dll
0x00007ff96f9c0000 - 0x00007ff970219000 	C:\Windows\SYSTEM32\windows.storage.dll
0x00007ff9729d0000 - 0x00007ff972ac0000 	C:\Windows\System32\SHCORE.dll
0x00007ff972b90000 - 0x00007ff972bf2000 	C:\Windows\System32\shlwapi.dll
0x00007ff971cb0000 - 0x00007ff971cd9000 	C:\Windows\SYSTEM32\profapi.dll
0x00007ff89b240000 - 0x00007ff89b317000 	D:\STM32Cube\STM32Cube\jre\bin\jsvml.dll
0x00007ff96a710000 - 0x00007ff96a720000 	D:\STM32Cube\STM32Cube\jre\bin\net.dll
0x00007ff96abd0000 - 0x00007ff96acef000 	C:\Windows\SYSTEM32\WINHTTP.dll
0x00007ff9710f0000 - 0x00007ff97115b000 	C:\Windows\system32\mswsock.dll
0x00007ff959420000 - 0x00007ff959436000 	D:\STM32Cube\STM32Cube\jre\bin\nio.dll
0x00007ff958670000 - 0x00007ff958688000 	D:\STM32Cube\STM32Cube\jre\bin\zip.dll
0x00007ff95c7e0000 - 0x00007ff95c7ea000 	D:\STM32Cube\STM32Cube\jre\bin\management.dll
0x00007ff95c2c0000 - 0x00007ff95c2cc000 	D:\STM32Cube\STM32Cube\jre\bin\management_ext.dll
0x00007ff973de0000 - 0x00007ff973de8000 	C:\Windows\System32\PSAPI.DLL
0x00007ff940be0000 - 0x00007ff940bf8000 	C:\Windows\system32\napinsp.dll
0x00007ff9706e0000 - 0x00007ff970806000 	C:\Windows\SYSTEM32\DNSAPI.dll
0x00007ff9706a0000 - 0x00007ff9706d4000 	C:\Windows\SYSTEM32\IPHLPAPI.DLL
0x00007ff974b80000 - 0x00007ff974b8a000 	C:\Windows\System32\NSI.dll
0x00007ff940a10000 - 0x00007ff940a22000 	C:\Windows\System32\winrnr.dll
0x00007ff9409e0000 - 0x00007ff940a08000 	C:\Windows\system32\nlansp_c.dll
0x00007ff96a6b0000 - 0x00007ff96a6c6000 	C:\Windows\system32\wshbth.dll
0x00007ff96a6a0000 - 0x00007ff96a6ab000 	C:\Windows\System32\rasadhlp.dll
0x00007ff96b980000 - 0x00007ff96ba06000 	C:\Windows\System32\fwpuclnt.dll
0x00007ff876850000 - 0x00007ff8769df000 	D:\STM32Cube\STM32Cube\jre\bin\awt.dll
0x00007ff9713a0000 - 0x00007ff9713bb000 	C:\Windows\SYSTEM32\CRYPTSP.dll
0x00007ff970ad0000 - 0x00007ff970b0b000 	C:\Windows\system32\rsaenh.dll
0x00007ff971190000 - 0x00007ff9711bb000 	C:\Windows\SYSTEM32\USERENV.dll
0x00007ff971c80000 - 0x00007ff971ca6000 	C:\Windows\SYSTEM32\bcrypt.dll
0x00007ff971390000 - 0x00007ff97139c000 	C:\Windows\SYSTEM32\CRYPTBASE.dll
0x00007ff96ef60000 - 0x00007ff96f008000 	C:\Windows\system32\uxtheme.dll
0x00007ff972f60000 - 0x00007ff9730b8000 	C:\Windows\System32\MSCTF.dll
0x00007ff973220000 - 0x00007ff9733b8000 	C:\Windows\System32\ole32.dll
0x00007ff96f2e0000 - 0x00007ff96f30b000 	C:\Windows\system32\DWMAPI.DLL
0x00007ff925bc0000 - 0x00007ff925ccc000 	C:\Windows\system32\opengl32.dll
0x00007ff926ca0000 - 0x00007ff926ccd000 	C:\Windows\SYSTEM32\GLU32.dll
0x00007ff96f060000 - 0x00007ff96f0a4000 	C:\Windows\SYSTEM32\dxcore.dll
0x00007ff90f2f0000 - 0x00007ff90f377000 	D:\STM32Cube\STM32Cube\jre\bin\freetype.dll
0x00007ff891f80000 - 0x00007ff892072000 	D:\STM32Cube\STM32Cube\jre\bin\fontmanager.dll
0x00007ff95bde0000 - 0x00007ff95bdf0000 	D:\STM32Cube\STM32Cube\jre\bin\verify.dll
0x00007ff95b7b0000 - 0x00007ff95b7b9000 	D:\STM32Cube\STM32Cube\jre\bin\prefs.dll
0x00007ff8d57a0000 - 0x00007ff8d57e1000 	C:\Users\33711\AppData\Local\Temp\jna-48673335\jna1046753256758967162.dll
0x00007ff92ec10000 - 0x00007ff92ed59000 	C:\Windows\SYSTEM32\textinputframework.dll
0x00007ff96e970000 - 0x00007ff96ea95000 	C:\Windows\SYSTEM32\CoreMessaging.dll
0x00007ff96b420000 - 0x00007ff96b703000 	C:\Windows\SYSTEM32\CoreUIComponents.dll
0x00007ff95b720000 - 0x00007ff95b72e000 	D:\STM32Cube\STM32Cube\jre\bin\sunmscapi.dll
0x00007ff972630000 - 0x00007ff9727a7000 	C:\Windows\System32\CRYPT32.dll
0x00007ff9716d0000 - 0x00007ff971700000 	C:\Windows\SYSTEM32\ncrypt.dll
0x00007ff971680000 - 0x00007ff9716bf000 	C:\Windows\SYSTEM32\NTASN1.dll
0x00007ff971400000 - 0x00007ff971413000 	C:\Windows\SYSTEM32\MSASN1.dll
0x00007ff971160000 - 0x00007ff971187000 	C:\Windows\SYSTEM32\gpapi.dll
0x00007ff95b630000 - 0x00007ff95b639000 	D:\STM32Cube\STM32Cube\jre\bin\extnet.dll
0x00007ff93e230000 - 0x00007ff93e25f000 	D:\STM32Cube\STM32Cube\jre\bin\javajpeg.dll
0x00007ff973d20000 - 0x00007ff973dd1000 	C:\Windows\System32\clbcatq.dll
0x00007ff96d110000 - 0x00007ff96d33f000 	C:\Windows\SYSTEM32\WindowsCodecs.dll
0x00007ff93ed10000 - 0x00007ff93ed6a000 	C:\Windows\system32\dataexchange.dll
0x00007ff962dc0000 - 0x00007ff962ff9000 	C:\Windows\system32\twinapi.appcore.dll
0x00007ff8912a0000 - 0x00007ff8913c6000 	C:\Users\33711\.stm32cubemx\.jxbrowser-8.15.0\Chromium\toolkit64.dll
0x00007ff87f100000 - 0x00007ff87f21e000 	C:\Users\33711\.stm32cubemx\.jxbrowser-8.15.0\Chromium\ipc64.dll

JVMTI agents: none

dbghelp: loaded successfully - version: 4.0.5 - missing functions: none
symbol engine: initialized successfully - sym options: 0x614 - pdb path: .;D:\STM32Cube\STM32Cube\jre\bin;C:\Windows\SYSTEM32;C:\Windows\WinSxS\amd64_microsoft.windows.common-controls_6595b64144ccf1df_6.0.26100.5074_none_3e0d6f78e32fd63f;D:\STM32Cube\STM32Cube\jre\bin\server;C:\Users\33711\AppData\Local\Temp\jna-48673335;C:\Users\33711\.stm32cubemx\.jxbrowser-8.15.0\Chromium

VM Arguments:
jvm_args: -Djavax.net.ssl.trustStoreType=WINDOWS-ROOT -Dsun.java2d.d3d=false --add-exports=java.desktop/sun.awt=ALL-UNNAMED --add-opens=java.desktop/java.awt=ALL-UNNAMED -Dfile.encoding=UTF8 
java_command: com.st.microxplorer.maingui.STM32CubeMX D:\STM32Cube  project\robot\robot.ioc
java_class_path (initial): D:\STM32Cube\STM32Cube\STM32CubeMX.exe;anything
Launcher Type: SUN_STANDARD

[Global flags]
     intx CICompilerCount                          = 12                                        {product} {ergonomic}
     uint ConcGCThreads                            = 3                                         {product} {ergonomic}
     uint G1ConcRefinementThreads                  = 13                                        {product} {ergonomic}
   size_t G1HeapRegionSize                         = 2097152                                   {product} {ergonomic}
    uintx GCDrainStackTargetSize                   = 64                                        {product} {ergonomic}
   size_t InitialHeapSize                          = 257949696                                 {product} {ergonomic}
   size_t MarkStackSize                            = 4194304                                   {product} {ergonomic}
   size_t MaxHeapSize                              = 4097835008                                {product} {ergonomic}
   size_t MaxNewSize                               = 2457862144                                {product} {ergonomic}
   size_t MinHeapDeltaBytes                        = 2097152                                   {product} {ergonomic}
   size_t MinHeapSize                              = 8388608                                   {product} {ergonomic}
    uintx NonNMethodCodeHeapSize                   = 7602480                                {pd product} {ergonomic}
    uintx NonProfiledCodeHeapSize                  = 122027880                              {pd product} {ergonomic}
    uintx ProfiledCodeHeapSize                     = 122027880                              {pd product} {ergonomic}
    uintx ReservedCodeCacheSize                    = 251658240                              {pd product} {ergonomic}
     bool SegmentedCodeCache                       = true                                      {product} {ergonomic}
   size_t SoftMaxHeapSize                          = 4097835008                             {manageable} {ergonomic}
     bool UseCompressedOops                        = true                           {product lp64_product} {ergonomic}
     bool UseG1GC                                  = true                                      {product} {ergonomic}
     bool UseLargePagesIndividualAllocation        = false                                  {pd product} {ergonomic}

Logging:
Log output configuration:
 #0: stdout all=warning uptime,level,tags foldmultilines=false
 #1: stderr all=off uptime,level,tags foldmultilines=false

Release file:
JAVA_VERSION="21.0.9" 
MODULES="java.base java.compiler java.datatransfer java.xml java.prefs java.desktop java.instrument java.logging java.management java.security.sasl java.naming java.rmi java.management.rmi java.net.http java.scripting java.security.jgss java.transaction.xa java.sql java.sql.rowset java.xml.crypto java.se java.smartcardio jdk.jfr javafx.base jdk.unsupported javafx.graphics javafx.controls javafx.fxml javafx.media jdk.unsupported.desktop javafx.swing jdk.jsobject jdk.xml.dom javafx.web jdk.accessibility jdk.internal.jvmstat jdk.attach jdk.charsets jdk.internal.opt jdk.zipfs jdk.compiler jdk.crypto.ec jdk.crypto.cryptoki jdk.crypto.mscapi jdk.dynalink jdk.internal.ed jdk.editpad jdk.httpserver jdk.incubator.vector jdk.internal.le jdk.internal.vm.ci jdk.internal.vm.compiler jdk.internal.vm.compiler.management jdk.jartool jdk.javadoc jdk.jdeps jdk.jdwp.agent jdk.jdi jdk.jlink jdk.jpackage jdk.jshell jdk.jstatd jdk.localedata jdk.management jdk.management.agent jdk.management.jfr jdk.naming.dns jdk.naming.rmi jdk.net jdk.nio.mapmode jdk.random jdk.sctp jdk.security.auth jdk.security.jgss" 

Environment Variables:
PATH=D:\STM32Cube\STM32Cube\;D:\Xshell 6\;D:\VMware\bin\;C:\Program Files (x86)\Common Files\Oracle\Java\java8path;C:\Program Files (x86)\Common Files\Oracle\Java\javapath;D:\JDK\bin;C:\Windows\system32;C:\Windows;C:\Windows\System32\Wbem;C:\Windows\System32\WindowsPowerShell\v1.0\;C:\Windows\System32\OpenSSH\;C:\Program Files (x86)\NVIDIA Corporation\PhysX\Common;C:\Program Files\NVIDIA Corporation\NVIDIA App\NvDLISR;C:\Program Files\dotnet\;D:\MY SQL installer\bin;D:\opencv\OpenCV-MinGW-Build-OpenCV-4.5.5-x64\x64\mingw\bin;D:\node\;D:\Cursor\cursor\resources\app\bin;D:\Xshell 8\Xshell 8\;D:\Xftp 8\Xftp 8\;C:\Program Files (x86)\STMicroelectronics\STM32 ST-LINK Utility\ST-LINK Utility;C:\Program Files (x86)\Tencent\峚陓web羲楷氪馱撿\dll;\Users;33711\.local\bin;D:\mosquitto-2.0.15-install\mosquitto;C:\Program Files\mosquitto;D:\Git\cmd;C:\Users\33711\.local\bin;C:\Users\33711\AppData\Local\Programs\Python\Python312\Scripts\;C:\Users\33711\AppData\Local\Programs\Python\Python312\;C:\Users\33711\AppData\Local\Programs\Python\Launcher\;C:\Users\33711\AppData\Local\Microsoft\WindowsApps;D:\VS\Microsoft VS Code\bin;D:\QT\Tools\mingw1120_64\bin;D:\java\IntelliJ IDEA Community Edition 2025.2.4\bin;C:\Users\33711\AppData\Roaming\npm;D:\IDEA\IntelliJ IDEA 2024.1\bin;;D:\Lingma\Lingma\bin;D:\STM32Cube\STM32Cube\.\jre\\bin
USERNAME=33711
OS=Windows_NT
PROCESSOR_IDENTIFIER=AMD64 Family 25 Model 117 Stepping 2, AuthenticAMD
TMP=C:\Users\33711\AppData\Local\Temp
TEMP=C:\Users\33711\AppData\Local\Temp




Periodic native trim disabled

---------------  S Y S T E M  ---------------

OS:
 Windows 11 , 64 bit Build 26100 (10.0.26100.5074)
OS uptime: 1 days 3:06 hours
Hyper-V role detected

CPU: total 16 (initial active 16) (16 cores per cpu, 2 threads per core) family 25 model 117 stepping 2 microcode 0xa70520a, cx8, cmov, fxsr, ht, mmx, 3dnowpref, sse, sse2, sse3, ssse3, sse4a, sse4.1, sse4.2, popcnt, lzcnt, tsc, tscinvbit, avx, avx2, aes, erms, clmul, bmi1, bmi2, adx, avx512f, avx512dq, avx512cd, avx512bw, avx512vl, sha, fma, vzeroupper, avx512_vpopcntdq, avx512_vpclmulqdq, avx512_vaes, avx512_vnni, clflush, clflushopt, avx512_vbmi2, avx512_vbmi, hv, rdtscp, rdpid, fsrm, gfni, avx512_bitalg, f16c, cet_ss, avx512_ifma
Processor Information for the first 16 processors :
  Max Mhz: 3801, Current Mhz: 3801, Mhz Limit: 3801

Memory: 4k page, system-wide physical 15629M (590M free)
TotalPageFile size 40827M (AvailPageFile size 74M)
current process WorkingSet (physical memory assigned to process): 285M, peak: 413M
current process commit charge ("private bytes"): 503M, peak: 539M

vm_info: OpenJDK 64-Bit Server VM (21.0.9+10-LTS) for windows-amd64 JRE (21.0.9+10-LTS), built on 2025-10-21T00:00:00Z by "admin" with unknown MS VC++:1942

END.
